{"C:\\Users\\alyad\\Desktop\\task_tracker\\backend\\src\\controllers\\authController.ts": {"path":"C:\\Users\\alyad\\Desktop\\task_tracker\\backend\\src\\controllers\\authController.ts","statementMap":{"0":{"start":{"line":22,"column":2},"end":{"line":50,"column":null}},"1":{"start":{"line":23,"column":38},"end":{"line":23,"column":null}},"2":{"start":{"line":26,"column":4},"end":{"line":32,"column":null}},"3":{"start":{"line":27,"column":6},"end":{"line":30,"column":null}},"4":{"start":{"line":31,"column":6},"end":{"line":31,"column":null}},"5":{"start":{"line":34,"column":4},"end":{"line":40,"column":null}},"6":{"start":{"line":35,"column":6},"end":{"line":38,"column":null}},"7":{"start":{"line":39,"column":6},"end":{"line":39,"column":null}},"8":{"start":{"line":43,"column":17},"end":{"line":43,"column":null}},"9":{"start":{"line":44,"column":27},"end":{"line":44,"column":null}},"10":{"start":{"line":46,"column":4},"end":{"line":46,"column":null}},"11":{"start":{"line":47,"column":4},"end":{"line":47,"column":null}},"12":{"start":{"line":49,"column":4},"end":{"line":49,"column":null}},"13":{"start":{"line":58,"column":2},"end":{"line":92,"column":null}},"14":{"start":{"line":59,"column":32},"end":{"line":59,"column":null}},"15":{"start":{"line":61,"column":4},"end":{"line":67,"column":null}},"16":{"start":{"line":62,"column":6},"end":{"line":65,"column":null}},"17":{"start":{"line":66,"column":6},"end":{"line":66,"column":null}},"18":{"start":{"line":70,"column":17},"end":{"line":70,"column":null}},"19":{"start":{"line":72,"column":4},"end":{"line":77,"column":null}},"20":{"start":{"line":73,"column":6},"end":{"line":75,"column":null}},"21":{"start":{"line":76,"column":6},"end":{"line":76,"column":null}},"22":{"start":{"line":79,"column":20},"end":{"line":79,"column":null}},"23":{"start":{"line":81,"column":4},"end":{"line":86,"column":null}},"24":{"start":{"line":82,"column":6},"end":{"line":84,"column":null}},"25":{"start":{"line":85,"column":6},"end":{"line":85,"column":null}},"26":{"start":{"line":88,"column":18},"end":{"line":88,"column":null}},"27":{"start":{"line":89,"column":4},"end":{"line":89,"column":null}},"28":{"start":{"line":91,"column":4},"end":{"line":91,"column":null}},"29":{"start":{"line":96,"column":2},"end":{"line":101,"column":null}},"30":{"start":{"line":97,"column":4},"end":{"line":99,"column":null}},"31":{"start":{"line":100,"column":4},"end":{"line":100,"column":null}},"32":{"start":{"line":102,"column":30},"end":{"line":102,"column":null}},"33":{"start":{"line":103,"column":2},"end":{"line":103,"column":null}},"34":{"start":{"line":107,"column":2},"end":{"line":107,"column":null}}},"fnMap":{"0":{"name":"register","decl":{"start":{"line":17,"column":15},"end":{"line":17,"column":null}},"loc":{"start":{"line":21,"column":17},"end":{"line":51,"column":null}},"line":21},"1":{"name":"login","decl":{"start":{"line":53,"column":15},"end":{"line":53,"column":null}},"loc":{"start":{"line":57,"column":17},"end":{"line":93,"column":null}},"line":57},"2":{"name":"me","decl":{"start":{"line":95,"column":15},"end":{"line":95,"column":18}},"loc":{"start":{"line":95,"column":62},"end":{"line":104,"column":null}},"line":95},"3":{"name":"logout","decl":{"start":{"line":106,"column":15},"end":{"line":106,"column":22}},"loc":{"start":{"line":106,"column":67},"end":{"line":108,"column":null}},"line":106}},"branchMap":{"0":{"loc":{"start":{"line":26,"column":4},"end":{"line":32,"column":null}},"type":"if","locations":[{"start":{"line":26,"column":4},"end":{"line":32,"column":null}},{"start":{},"end":{}}],"line":26},"1":{"loc":{"start":{"line":26,"column":8},"end":{"line":26,"column":38}},"type":"binary-expr","locations":[{"start":{"line":26,"column":8},"end":{"line":26,"column":18}},{"start":{"line":26,"column":18},"end":{"line":26,"column":31}},{"start":{"line":26,"column":31},"end":{"line":26,"column":38}}],"line":26},"2":{"loc":{"start":{"line":34,"column":4},"end":{"line":40,"column":null}},"type":"if","locations":[{"start":{"line":34,"column":4},"end":{"line":40,"column":null}},{"start":{},"end":{}}],"line":34},"3":{"loc":{"start":{"line":61,"column":4},"end":{"line":67,"column":null}},"type":"if","locations":[{"start":{"line":61,"column":4},"end":{"line":67,"column":null}},{"start":{},"end":{}}],"line":61},"4":{"loc":{"start":{"line":61,"column":8},"end":{"line":61,"column":29}},"type":"binary-expr","locations":[{"start":{"line":61,"column":8},"end":{"line":61,"column":18}},{"start":{"line":61,"column":18},"end":{"line":61,"column":29}}],"line":61},"5":{"loc":{"start":{"line":72,"column":4},"end":{"line":77,"column":null}},"type":"if","locations":[{"start":{"line":72,"column":4},"end":{"line":77,"column":null}},{"start":{},"end":{}}],"line":72},"6":{"loc":{"start":{"line":81,"column":4},"end":{"line":86,"column":null}},"type":"if","locations":[{"start":{"line":81,"column":4},"end":{"line":86,"column":null}},{"start":{},"end":{}}],"line":81},"7":{"loc":{"start":{"line":96,"column":2},"end":{"line":101,"column":null}},"type":"if","locations":[{"start":{"line":96,"column":2},"end":{"line":101,"column":null}},{"start":{},"end":{}}],"line":96}},"s":{"0":3,"1":3,"2":3,"3":1,"4":1,"5":2,"6":1,"7":1,"8":1,"9":1,"10":1,"11":1,"12":0,"13":3,"14":3,"15":3,"16":1,"17":1,"18":2,"19":2,"20":1,"21":1,"22":1,"23":1,"24":0,"25":0,"26":1,"27":1,"28":0,"29":1,"30":0,"31":0,"32":1,"33":1,"34":1},"f":{"0":3,"1":3,"2":1,"3":1},"b":{"0":[1,2],"1":[3,3,2],"2":[1,1],"3":[1,2],"4":[3,3],"5":[1,1],"6":[0,1],"7":[0,1]},"meta":{"lastBranch":8,"lastFunction":4,"lastStatement":35,"seen":{"f:17:15:17:Infinity":0,"s:22:2:50:Infinity":0,"s:23:38:23:Infinity":1,"b:26:4:32:Infinity:undefined:undefined:undefined:undefined":0,"s:26:4:32:Infinity":2,"b:26:8:26:18:26:18:26:31:26:31:26:38":1,"s:27:6:30:Infinity":3,"s:31:6:31:Infinity":4,"b:34:4:40:Infinity:undefined:undefined:undefined:undefined":2,"s:34:4:40:Infinity":5,"s:35:6:38:Infinity":6,"s:39:6:39:Infinity":7,"s:43:17:43:Infinity":8,"s:44:27:44:Infinity":9,"s:46:4:46:Infinity":10,"s:47:4:47:Infinity":11,"s:49:4:49:Infinity":12,"f:53:15:53:Infinity":1,"s:58:2:92:Infinity":13,"s:59:32:59:Infinity":14,"b:61:4:67:Infinity:undefined:undefined:undefined:undefined":3,"s:61:4:67:Infinity":15,"b:61:8:61:18:61:18:61:29":4,"s:62:6:65:Infinity":16,"s:66:6:66:Infinity":17,"s:70:17:70:Infinity":18,"b:72:4:77:Infinity:undefined:undefined:undefined:undefined":5,"s:72:4:77:Infinity":19,"s:73:6:75:Infinity":20,"s:76:6:76:Infinity":21,"s:79:20:79:Infinity":22,"b:81:4:86:Infinity:undefined:undefined:undefined:undefined":6,"s:81:4:86:Infinity":23,"s:82:6:84:Infinity":24,"s:85:6:85:Infinity":25,"s:88:18:88:Infinity":26,"s:89:4:89:Infinity":27,"s:91:4:91:Infinity":28,"f:95:15:95:18":2,"b:96:2:101:Infinity:undefined:undefined:undefined:undefined":7,"s:96:2:101:Infinity":29,"s:97:4:99:Infinity":30,"s:100:4:100:Infinity":31,"s:102:30:102:Infinity":32,"s:103:2:103:Infinity":33,"f:106:15:106:22":3,"s:107:2:107:Infinity":34},"fnNames":{}}}
,"C:\\Users\\alyad\\Desktop\\task_tracker\\backend\\src\\controllers\\projectController.ts": {"path":"C:\\Users\\alyad\\Desktop\\task_tracker\\backend\\src\\controllers\\projectController.ts","statementMap":{"0":{"start":{"line":24,"column":2},"end":{"line":41,"column":null}},"1":{"start":{"line":25,"column":34},"end":{"line":25,"column":null}},"2":{"start":{"line":26,"column":4},"end":{"line":30,"column":null}},"3":{"start":{"line":27,"column":6},"end":{"line":29,"column":null}},"4":{"start":{"line":31,"column":20},"end":{"line":35,"column":null}},"5":{"start":{"line":36,"column":4},"end":{"line":38,"column":null}},"6":{"start":{"line":40,"column":4},"end":{"line":40,"column":null}},"7":{"start":{"line":49,"column":2},"end":{"line":57,"column":null}},"8":{"start":{"line":50,"column":21},"end":{"line":53,"column":null}},"9":{"start":{"line":54,"column":4},"end":{"line":54,"column":null}},"10":{"start":{"line":56,"column":4},"end":{"line":56,"column":null}},"11":{"start":{"line":69,"column":2},"end":{"line":112,"column":null}},"12":{"start":{"line":70,"column":34},"end":{"line":70,"column":null}},"13":{"start":{"line":72,"column":20},"end":{"line":74,"column":null}},"14":{"start":{"line":76,"column":4},"end":{"line":80,"column":null}},"15":{"start":{"line":77,"column":6},"end":{"line":79,"column":null}},"16":{"start":{"line":82,"column":66},"end":{"line":82,"column":null}},"17":{"start":{"line":83,"column":36},"end":{"line":83,"column":null}},"18":{"start":{"line":85,"column":4},"end":{"line":96,"column":null}},"19":{"start":{"line":86,"column":26},"end":{"line":86,"column":null}},"20":{"start":{"line":87,"column":6},"end":{"line":92,"column":null}},"21":{"start":{"line":88,"column":8},"end":{"line":91,"column":null}},"22":{"start":{"line":93,"column":6},"end":{"line":93,"column":null}},"23":{"start":{"line":94,"column":6},"end":{"line":94,"column":null}},"24":{"start":{"line":95,"column":6},"end":{"line":95,"column":null}},"25":{"start":{"line":97,"column":4},"end":{"line":101,"column":null}},"26":{"start":{"line":98,"column":6},"end":{"line":98,"column":null}},"27":{"start":{"line":99,"column":6},"end":{"line":99,"column":null}},"28":{"start":{"line":100,"column":6},"end":{"line":100,"column":null}},"29":{"start":{"line":103,"column":4},"end":{"line":103,"column":null}},"30":{"start":{"line":105,"column":4},"end":{"line":109,"column":null}},"31":{"start":{"line":111,"column":4},"end":{"line":111,"column":null}},"32":{"start":{"line":124,"column":2},"end":{"line":137,"column":null}},"33":{"start":{"line":125,"column":20},"end":{"line":127,"column":null}},"34":{"start":{"line":128,"column":4},"end":{"line":132,"column":null}},"35":{"start":{"line":129,"column":6},"end":{"line":131,"column":null}},"36":{"start":{"line":133,"column":4},"end":{"line":133,"column":null}},"37":{"start":{"line":134,"column":4},"end":{"line":134,"column":null}},"38":{"start":{"line":136,"column":4},"end":{"line":136,"column":null}}},"fnMap":{"0":{"name":"create","decl":{"start":{"line":15,"column":15},"end":{"line":15,"column":null}},"loc":{"start":{"line":23,"column":28},"end":{"line":42,"column":null}},"line":23},"1":{"name":"getAll","decl":{"start":{"line":44,"column":15},"end":{"line":44,"column":null}},"loc":{"start":{"line":48,"column":28},"end":{"line":58,"column":null}},"line":48},"2":{"name":"update","decl":{"start":{"line":60,"column":15},"end":{"line":60,"column":null}},"loc":{"start":{"line":68,"column":28},"end":{"line":113,"column":null}},"line":68},"3":{"name":"remove","decl":{"start":{"line":115,"column":15},"end":{"line":115,"column":null}},"loc":{"start":{"line":123,"column":28},"end":{"line":138,"column":null}},"line":123}},"branchMap":{"0":{"loc":{"start":{"line":26,"column":4},"end":{"line":30,"column":null}},"type":"if","locations":[{"start":{"line":26,"column":4},"end":{"line":30,"column":null}},{"start":{},"end":{}}],"line":26},"1":{"loc":{"start":{"line":26,"column":8},"end":{"line":26,"column":31}},"type":"binary-expr","locations":[{"start":{"line":26,"column":8},"end":{"line":26,"column":17}},{"start":{"line":26,"column":17},"end":{"line":26,"column":31}}],"line":26},"2":{"loc":{"start":{"line":34,"column":19},"end":{"line":34,"column":null}},"type":"binary-expr","locations":[{"start":{"line":34,"column":19},"end":{"line":34,"column":34}},{"start":{"line":34,"column":34},"end":{"line":34,"column":null}}],"line":34},"3":{"loc":{"start":{"line":76,"column":4},"end":{"line":80,"column":null}},"type":"if","locations":[{"start":{"line":76,"column":4},"end":{"line":80,"column":null}},{"start":{},"end":{}}],"line":76},"4":{"loc":{"start":{"line":85,"column":4},"end":{"line":96,"column":null}},"type":"if","locations":[{"start":{"line":85,"column":4},"end":{"line":96,"column":null}},{"start":{},"end":{}}],"line":85},"5":{"loc":{"start":{"line":87,"column":6},"end":{"line":92,"column":null}},"type":"if","locations":[{"start":{"line":87,"column":6},"end":{"line":92,"column":null}},{"start":{},"end":{}}],"line":87},"6":{"loc":{"start":{"line":97,"column":4},"end":{"line":101,"column":null}},"type":"if","locations":[{"start":{"line":97,"column":4},"end":{"line":101,"column":null}},{"start":{},"end":{}}],"line":97},"7":{"loc":{"start":{"line":107,"column":18},"end":{"line":107,"column":56}},"type":"binary-expr","locations":[{"start":{"line":107,"column":18},"end":{"line":107,"column":46}},{"start":{"line":107,"column":46},"end":{"line":107,"column":56}}],"line":107},"8":{"loc":{"start":{"line":128,"column":4},"end":{"line":132,"column":null}},"type":"if","locations":[{"start":{"line":128,"column":4},"end":{"line":132,"column":null}},{"start":{},"end":{}}],"line":128}},"s":{"0":2,"1":2,"2":2,"3":1,"4":1,"5":1,"6":0,"7":1,"8":1,"9":1,"10":0,"11":2,"12":2,"13":2,"14":2,"15":1,"16":1,"17":1,"18":1,"19":1,"20":1,"21":0,"22":1,"23":1,"24":1,"25":1,"26":0,"27":0,"28":0,"29":1,"30":1,"31":0,"32":1,"33":1,"34":1,"35":0,"36":1,"37":1,"38":0},"f":{"0":2,"1":1,"2":2,"3":1},"b":{"0":[1,1],"1":[2,2],"2":[1,0],"3":[1,1],"4":[1,0],"5":[0,1],"6":[0,1],"7":[1,0],"8":[0,1]},"meta":{"lastBranch":9,"lastFunction":4,"lastStatement":39,"seen":{"f:15:15:15:Infinity":0,"s:24:2:41:Infinity":0,"s:25:34:25:Infinity":1,"b:26:4:30:Infinity:undefined:undefined:undefined:undefined":0,"s:26:4:30:Infinity":2,"b:26:8:26:17:26:17:26:31":1,"s:27:6:29:Infinity":3,"s:31:20:35:Infinity":4,"b:34:19:34:34:34:34:34:Infinity":2,"s:36:4:38:Infinity":5,"s:40:4:40:Infinity":6,"f:44:15:44:Infinity":1,"s:49:2:57:Infinity":7,"s:50:21:53:Infinity":8,"s:54:4:54:Infinity":9,"s:56:4:56:Infinity":10,"f:60:15:60:Infinity":2,"s:69:2:112:Infinity":11,"s:70:34:70:Infinity":12,"s:72:20:74:Infinity":13,"b:76:4:80:Infinity:undefined:undefined:undefined:undefined":3,"s:76:4:80:Infinity":14,"s:77:6:79:Infinity":15,"s:82:66:82:Infinity":16,"s:83:36:83:Infinity":17,"b:85:4:96:Infinity:undefined:undefined:undefined:undefined":4,"s:85:4:96:Infinity":18,"s:86:26:86:Infinity":19,"b:87:6:92:Infinity:undefined:undefined:undefined:undefined":5,"s:87:6:92:Infinity":20,"s:88:8:91:Infinity":21,"s:93:6:93:Infinity":22,"s:94:6:94:Infinity":23,"s:95:6:95:Infinity":24,"b:97:4:101:Infinity:undefined:undefined:undefined:undefined":6,"s:97:4:101:Infinity":25,"s:98:6:98:Infinity":26,"s:99:6:99:Infinity":27,"s:100:6:100:Infinity":28,"s:103:4:103:Infinity":29,"s:105:4:109:Infinity":30,"b:107:18:107:46:107:46:107:56":7,"s:111:4:111:Infinity":31,"f:115:15:115:Infinity":3,"s:124:2:137:Infinity":32,"s:125:20:127:Infinity":33,"b:128:4:132:Infinity:undefined:undefined:undefined:undefined":8,"s:128:4:132:Infinity":34,"s:129:6:131:Infinity":35,"s:133:4:133:Infinity":36,"s:134:4:134:Infinity":37,"s:136:4:136:Infinity":38},"fnNames":{}}}
,"C:\\Users\\alyad\\Desktop\\task_tracker\\backend\\src\\controllers\\taskController.ts": {"path":"C:\\Users\\alyad\\Desktop\\task_tracker\\backend\\src\\controllers\\taskController.ts","statementMap":{"0":{"start":{"line":40,"column":18},"end":{"line":42,"column":null}},"1":{"start":{"line":43,"column":2},"end":{"line":43,"column":null}},"2":{"start":{"line":46,"column":6},"end":{"line":49,"column":null}},"3":{"start":{"line":47,"column":15},"end":{"line":47,"column":null}},"4":{"start":{"line":48,"column":2},"end":{"line":48,"column":null}},"5":{"start":{"line":50,"column":6},"end":{"line":57,"column":null}},"6":{"start":{"line":55,"column":2},"end":{"line":55,"column":null}},"7":{"start":{"line":55,"column":56},"end":{"line":55,"column":null}},"8":{"start":{"line":56,"column":2},"end":{"line":56,"column":null}},"9":{"start":{"line":59,"column":2},"end":{"line":59,"column":null}},"10":{"start":{"line":59,"column":18},"end":{"line":59,"column":null}},"11":{"start":{"line":60,"column":2},"end":{"line":65,"column":null}},"12":{"start":{"line":77,"column":2},"end":{"line":155,"column":null}},"13":{"start":{"line":79,"column":6},"end":{"line":79,"column":null}},"14":{"start":{"line":81,"column":4},"end":{"line":85,"column":null}},"15":{"start":{"line":82,"column":6},"end":{"line":84,"column":null}},"16":{"start":{"line":86,"column":4},"end":{"line":94,"column":null}},"17":{"start":{"line":87,"column":6},"end":{"line":93,"column":null}},"18":{"start":{"line":88,"column":8},"end":{"line":92,"column":null}},"19":{"start":{"line":95,"column":25},"end":{"line":98,"column":null}},"20":{"start":{"line":100,"column":4},"end":{"line":105,"column":null}},"21":{"start":{"line":101,"column":6},"end":{"line":104,"column":null}},"22":{"start":{"line":106,"column":4},"end":{"line":113,"column":null}},"23":{"start":{"line":107,"column":6},"end":{"line":112,"column":null}},"24":{"start":{"line":108,"column":8},"end":{"line":111,"column":null}},"25":{"start":{"line":114,"column":39},"end":{"line":119,"column":null}},"26":{"start":{"line":120,"column":41},"end":{"line":120,"column":null}},"27":{"start":{"line":123,"column":4},"end":{"line":128,"column":null}},"28":{"start":{"line":124,"column":6},"end":{"line":127,"column":null}},"29":{"start":{"line":130,"column":4},"end":{"line":135,"column":null}},"30":{"start":{"line":131,"column":6},"end":{"line":134,"column":null}},"31":{"start":{"line":136,"column":20},"end":{"line":144,"column":null}},"32":{"start":{"line":145,"column":25},"end":{"line":145,"column":null}},"33":{"start":{"line":146,"column":29},"end":{"line":146,"column":null}},"34":{"start":{"line":148,"column":4},"end":{"line":152,"column":null}},"35":{"start":{"line":154,"column":4},"end":{"line":154,"column":null}},"36":{"start":{"line":167,"column":2},"end":{"line":190,"column":null}},"37":{"start":{"line":168,"column":25},"end":{"line":171,"column":null}},"38":{"start":{"line":172,"column":4},"end":{"line":177,"column":null}},"39":{"start":{"line":173,"column":6},"end":{"line":176,"column":null}},"40":{"start":{"line":179,"column":17},"end":{"line":181,"column":null}},"41":{"start":{"line":182,"column":4},"end":{"line":186,"column":null}},"42":{"start":{"line":183,"column":6},"end":{"line":185,"column":null}},"43":{"start":{"line":187,"column":4},"end":{"line":187,"column":null}},"44":{"start":{"line":189,"column":4},"end":{"line":189,"column":null}},"45":{"start":{"line":198,"column":2},"end":{"line":253,"column":null}},"46":{"start":{"line":199,"column":26},"end":{"line":199,"column":null}},"47":{"start":{"line":200,"column":50},"end":{"line":200,"column":null}},"48":{"start":{"line":202,"column":25},"end":{"line":202,"column":null}},"49":{"start":{"line":203,"column":4},"end":{"line":208,"column":null}},"50":{"start":{"line":204,"column":6},"end":{"line":207,"column":null}},"51":{"start":{"line":210,"column":65},"end":{"line":210,"column":null}},"52":{"start":{"line":212,"column":4},"end":{"line":218,"column":null}},"53":{"start":{"line":213,"column":25},"end":{"line":213,"column":null}},"54":{"start":{"line":214,"column":6},"end":{"line":217,"column":null}},"55":{"start":{"line":220,"column":4},"end":{"line":225,"column":null}},"56":{"start":{"line":221,"column":25},"end":{"line":221,"column":null}},"57":{"start":{"line":222,"column":6},"end":{"line":224,"column":null}},"58":{"start":{"line":223,"column":8},"end":{"line":223,"column":null}},"59":{"start":{"line":227,"column":4},"end":{"line":232,"column":null}},"60":{"start":{"line":228,"column":27},"end":{"line":228,"column":null}},"61":{"start":{"line":229,"column":6},"end":{"line":231,"column":null}},"62":{"start":{"line":230,"column":8},"end":{"line":230,"column":null}},"63":{"start":{"line":234,"column":4},"end":{"line":243,"column":null}},"64":{"start":{"line":235,"column":6},"end":{"line":235,"column":null}},"65":{"start":{"line":236,"column":6},"end":{"line":242,"column":null}},"66":{"start":{"line":237,"column":8},"end":{"line":239,"column":null}},"67":{"start":{"line":241,"column":8},"end":{"line":241,"column":null}},"68":{"start":{"line":245,"column":18},"end":{"line":248,"column":null}},"69":{"start":{"line":250,"column":4},"end":{"line":250,"column":null}},"70":{"start":{"line":252,"column":4},"end":{"line":252,"column":null}},"71":{"start":{"line":265,"column":2},"end":{"line":400,"column":null}},"72":{"start":{"line":267,"column":6},"end":{"line":267,"column":null}},"73":{"start":{"line":269,"column":25},"end":{"line":272,"column":null}},"74":{"start":{"line":273,"column":4},"end":{"line":278,"column":null}},"75":{"start":{"line":274,"column":6},"end":{"line":277,"column":null}},"76":{"start":{"line":280,"column":17},"end":{"line":282,"column":null}},"77":{"start":{"line":283,"column":4},"end":{"line":287,"column":null}},"78":{"start":{"line":284,"column":6},"end":{"line":286,"column":null}},"79":{"start":{"line":288,"column":35},"end":{"line":295,"column":null}},"80":{"start":{"line":296,"column":4},"end":{"line":300,"column":null}},"81":{"start":{"line":297,"column":6},"end":{"line":299,"column":null}},"82":{"start":{"line":302,"column":51},"end":{"line":302,"column":null}},"83":{"start":{"line":303,"column":36},"end":{"line":303,"column":null}},"84":{"start":{"line":305,"column":4},"end":{"line":310,"column":null}},"85":{"start":{"line":306,"column":26},"end":{"line":306,"column":null}},"86":{"start":{"line":307,"column":6},"end":{"line":307,"column":null}},"87":{"start":{"line":308,"column":6},"end":{"line":308,"column":null}},"88":{"start":{"line":309,"column":6},"end":{"line":309,"column":null}},"89":{"start":{"line":311,"column":4},"end":{"line":315,"column":null}},"90":{"start":{"line":312,"column":6},"end":{"line":312,"column":null}},"91":{"start":{"line":313,"column":6},"end":{"line":313,"column":null}},"92":{"start":{"line":314,"column":6},"end":{"line":314,"column":null}},"93":{"start":{"line":316,"column":4},"end":{"line":320,"column":null}},"94":{"start":{"line":317,"column":6},"end":{"line":317,"column":null}},"95":{"start":{"line":318,"column":6},"end":{"line":318,"column":null}},"96":{"start":{"line":319,"column":6},"end":{"line":319,"column":null}},"97":{"start":{"line":321,"column":4},"end":{"line":337,"column":null}},"98":{"start":{"line":322,"column":6},"end":{"line":331,"column":null}},"99":{"start":{"line":326,"column":8},"end":{"line":330,"column":null}},"100":{"start":{"line":332,"column":6},"end":{"line":336,"column":null}},"101":{"start":{"line":333,"column":8},"end":{"line":333,"column":null}},"102":{"start":{"line":334,"column":8},"end":{"line":334,"column":null}},"103":{"start":{"line":335,"column":8},"end":{"line":335,"column":null}},"104":{"start":{"line":338,"column":4},"end":{"line":361,"column":null}},"105":{"start":{"line":339,"column":6},"end":{"line":348,"column":null}},"106":{"start":{"line":344,"column":8},"end":{"line":347,"column":null}},"107":{"start":{"line":350,"column":28},"end":{"line":350,"column":null}},"108":{"start":{"line":351,"column":24},"end":{"line":351,"column":null}},"109":{"start":{"line":352,"column":23},"end":{"line":352,"column":null}},"110":{"start":{"line":354,"column":6},"end":{"line":360,"column":null}},"111":{"start":{"line":355,"column":8},"end":{"line":355,"column":null}},"112":{"start":{"line":356,"column":8},"end":{"line":358,"column":null}},"113":{"start":{"line":359,"column":8},"end":{"line":359,"column":null}},"114":{"start":{"line":362,"column":4},"end":{"line":366,"column":null}},"115":{"start":{"line":363,"column":6},"end":{"line":363,"column":null}},"116":{"start":{"line":364,"column":6},"end":{"line":364,"column":null}},"117":{"start":{"line":365,"column":6},"end":{"line":365,"column":null}},"118":{"start":{"line":368,"column":4},"end":{"line":368,"column":null}},"119":{"start":{"line":370,"column":18},"end":{"line":377,"column":null}},"120":{"start":{"line":379,"column":27},"end":{"line":384,"column":null}},"121":{"start":{"line":385,"column":35},"end":{"line":387,"column":null}},"122":{"start":{"line":386,"column":44},"end":{"line":386,"column":76}},"123":{"start":{"line":389,"column":20},"end":{"line":391,"column":null}},"124":{"start":{"line":393,"column":4},"end":{"line":397,"column":null}},"125":{"start":{"line":399,"column":4},"end":{"line":399,"column":null}},"126":{"start":{"line":408,"column":2},"end":{"line":437,"column":null}},"127":{"start":{"line":409,"column":25},"end":{"line":412,"column":null}},"128":{"start":{"line":413,"column":4},"end":{"line":418,"column":null}},"129":{"start":{"line":414,"column":6},"end":{"line":417,"column":null}},"130":{"start":{"line":420,"column":17},"end":{"line":422,"column":null}},"131":{"start":{"line":423,"column":4},"end":{"line":427,"column":null}},"132":{"start":{"line":424,"column":6},"end":{"line":426,"column":null}},"133":{"start":{"line":428,"column":25},"end":{"line":428,"column":null}},"134":{"start":{"line":429,"column":29},"end":{"line":429,"column":null}},"135":{"start":{"line":430,"column":4},"end":{"line":430,"column":null}},"136":{"start":{"line":431,"column":4},"end":{"line":434,"column":null}},"137":{"start":{"line":436,"column":4},"end":{"line":436,"column":null}}},"fnMap":{"0":{"name":"findOwnedProject","decl":{"start":{"line":36,"column":15},"end":{"line":36,"column":null}},"loc":{"start":{"line":39,"column":20},"end":{"line":44,"column":null}},"line":39},"1":{"name":"(anonymous_1)","decl":{"start":{"line":46,"column":6},"end":{"line":46,"column":24}},"loc":{"start":{"line":46,"column":56},"end":{"line":49,"column":null}},"line":46},"2":{"name":"(anonymous_2)","decl":{"start":{"line":50,"column":6},"end":{"line":50,"column":null}},"loc":{"start":{"line":54,"column":14},"end":{"line":57,"column":null}},"line":54},"3":{"name":"fetchHistoryWithActor","decl":{"start":{"line":58,"column":15},"end":{"line":58,"column":37}},"loc":{"start":{"line":58,"column":57},"end":{"line":66,"column":null}},"line":58},"4":{"name":"create","decl":{"start":{"line":68,"column":15},"end":{"line":68,"column":null}},"loc":{"start":{"line":76,"column":28},"end":{"line":156,"column":null}},"line":76},"5":{"name":"getById","decl":{"start":{"line":158,"column":15},"end":{"line":158,"column":null}},"loc":{"start":{"line":166,"column":28},"end":{"line":191,"column":null}},"line":166},"6":{"name":"getAll","decl":{"start":{"line":193,"column":15},"end":{"line":193,"column":null}},"loc":{"start":{"line":197,"column":28},"end":{"line":254,"column":null}},"line":197},"7":{"name":"update","decl":{"start":{"line":256,"column":15},"end":{"line":256,"column":null}},"loc":{"start":{"line":264,"column":28},"end":{"line":401,"column":null}},"line":264},"8":{"name":"(anonymous_8)","decl":{"start":{"line":386,"column":29},"end":{"line":386,"column":34}},"loc":{"start":{"line":386,"column":44},"end":{"line":386,"column":76}},"line":386},"9":{"name":"remove","decl":{"start":{"line":403,"column":15},"end":{"line":403,"column":null}},"loc":{"start":{"line":407,"column":28},"end":{"line":438,"column":null}},"line":407}},"branchMap":{"0":{"loc":{"start":{"line":52,"column":2},"end":{"line":52,"column":null}},"type":"default-arg","locations":[{"start":{"line":52,"column":16},"end":{"line":52,"column":null}}],"line":52},"1":{"loc":{"start":{"line":53,"column":2},"end":{"line":53,"column":null}},"type":"default-arg","locations":[{"start":{"line":53,"column":16},"end":{"line":53,"column":null}}],"line":53},"2":{"loc":{"start":{"line":55,"column":2},"end":{"line":55,"column":null}},"type":"if","locations":[{"start":{"line":55,"column":2},"end":{"line":55,"column":null}},{"start":{},"end":{}}],"line":55},"3":{"loc":{"start":{"line":55,"column":6},"end":{"line":55,"column":56}},"type":"binary-expr","locations":[{"start":{"line":55,"column":6},"end":{"line":55,"column":33}},{"start":{"line":55,"column":33},"end":{"line":55,"column":56}}],"line":55},"4":{"loc":{"start":{"line":56,"column":9},"end":{"line":56,"column":null}},"type":"binary-expr","locations":[{"start":{"line":56,"column":9},"end":{"line":56,"column":23}},{"start":{"line":56,"column":23},"end":{"line":56,"column":null}}],"line":56},"5":{"loc":{"start":{"line":59,"column":2},"end":{"line":59,"column":null}},"type":"if","locations":[{"start":{"line":59,"column":2},"end":{"line":59,"column":null}},{"start":{},"end":{}}],"line":59},"6":{"loc":{"start":{"line":81,"column":4},"end":{"line":85,"column":null}},"type":"if","locations":[{"start":{"line":81,"column":4},"end":{"line":85,"column":null}},{"start":{},"end":{}}],"line":81},"7":{"loc":{"start":{"line":81,"column":8},"end":{"line":81,"column":31}},"type":"binary-expr","locations":[{"start":{"line":81,"column":8},"end":{"line":81,"column":17}},{"start":{"line":81,"column":17},"end":{"line":81,"column":31}}],"line":81},"8":{"loc":{"start":{"line":86,"column":4},"end":{"line":94,"column":null}},"type":"if","locations":[{"start":{"line":86,"column":4},"end":{"line":94,"column":null}},{"start":{},"end":{}}],"line":86},"9":{"loc":{"start":{"line":86,"column":8},"end":{"line":86,"column":63}},"type":"binary-expr","locations":[{"start":{"line":86,"column":8},"end":{"line":86,"column":39}},{"start":{"line":86,"column":39},"end":{"line":86,"column":63}}],"line":86},"10":{"loc":{"start":{"line":87,"column":6},"end":{"line":93,"column":null}},"type":"if","locations":[{"start":{"line":87,"column":6},"end":{"line":93,"column":null}},{"start":{},"end":{}}],"line":87},"11":{"loc":{"start":{"line":100,"column":4},"end":{"line":105,"column":null}},"type":"if","locations":[{"start":{"line":100,"column":4},"end":{"line":105,"column":null}},{"start":{},"end":{}}],"line":100},"12":{"loc":{"start":{"line":106,"column":4},"end":{"line":113,"column":null}},"type":"if","locations":[{"start":{"line":106,"column":4},"end":{"line":113,"column":null}},{"start":{},"end":{}}],"line":106},"13":{"loc":{"start":{"line":106,"column":8},"end":{"line":106,"column":51}},"type":"binary-expr","locations":[{"start":{"line":106,"column":8},"end":{"line":106,"column":33}},{"start":{"line":106,"column":33},"end":{"line":106,"column":51}}],"line":106},"14":{"loc":{"start":{"line":107,"column":6},"end":{"line":112,"column":null}},"type":"if","locations":[{"start":{"line":107,"column":6},"end":{"line":112,"column":null}},{"start":{},"end":{}}],"line":107},"15":{"loc":{"start":{"line":123,"column":4},"end":{"line":128,"column":null}},"type":"if","locations":[{"start":{"line":123,"column":4},"end":{"line":128,"column":null}},{"start":{},"end":{}}],"line":123},"16":{"loc":{"start":{"line":123,"column":8},"end":{"line":123,"column":54}},"type":"binary-expr","locations":[{"start":{"line":123,"column":8},"end":{"line":123,"column":18}},{"start":{"line":123,"column":18},"end":{"line":123,"column":54}}],"line":123},"17":{"loc":{"start":{"line":130,"column":4},"end":{"line":135,"column":null}},"type":"if","locations":[{"start":{"line":130,"column":4},"end":{"line":135,"column":null}},{"start":{},"end":{}}],"line":130},"18":{"loc":{"start":{"line":130,"column":8},"end":{"line":130,"column":60}},"type":"binary-expr","locations":[{"start":{"line":130,"column":8},"end":{"line":130,"column":20}},{"start":{"line":130,"column":20},"end":{"line":130,"column":60}}],"line":130},"19":{"loc":{"start":{"line":138,"column":19},"end":{"line":138,"column":null}},"type":"binary-expr","locations":[{"start":{"line":138,"column":19},"end":{"line":138,"column":34}},{"start":{"line":138,"column":34},"end":{"line":138,"column":null}}],"line":138},"20":{"loc":{"start":{"line":139,"column":15},"end":{"line":139,"column":null}},"type":"binary-expr","locations":[{"start":{"line":139,"column":15},"end":{"line":139,"column":40}},{"start":{"line":139,"column":40},"end":{"line":139,"column":null}}],"line":139},"21":{"loc":{"start":{"line":140,"column":21},"end":{"line":140,"column":null}},"type":"binary-expr","locations":[{"start":{"line":140,"column":21},"end":{"line":140,"column":38}},{"start":{"line":140,"column":38},"end":{"line":140,"column":null}}],"line":140},"22":{"loc":{"start":{"line":141,"column":15},"end":{"line":141,"column":null}},"type":"cond-expr","locations":[{"start":{"line":141,"column":25},"end":{"line":141,"column":45}},{"start":{"line":141,"column":45},"end":{"line":141,"column":null}}],"line":141},"23":{"loc":{"start":{"line":172,"column":4},"end":{"line":177,"column":null}},"type":"if","locations":[{"start":{"line":172,"column":4},"end":{"line":177,"column":null}},{"start":{},"end":{}}],"line":172},"24":{"loc":{"start":{"line":182,"column":4},"end":{"line":186,"column":null}},"type":"if","locations":[{"start":{"line":182,"column":4},"end":{"line":186,"column":null}},{"start":{},"end":{}}],"line":182},"25":{"loc":{"start":{"line":203,"column":4},"end":{"line":208,"column":null}},"type":"if","locations":[{"start":{"line":203,"column":4},"end":{"line":208,"column":null}},{"start":{},"end":{}}],"line":203},"26":{"loc":{"start":{"line":212,"column":4},"end":{"line":218,"column":null}},"type":"if","locations":[{"start":{"line":212,"column":4},"end":{"line":218,"column":null}},{"start":{},"end":{}}],"line":212},"27":{"loc":{"start":{"line":212,"column":8},"end":{"line":212,"column":33}},"type":"binary-expr","locations":[{"start":{"line":212,"column":8},"end":{"line":212,"column":18}},{"start":{"line":212,"column":18},"end":{"line":212,"column":33}}],"line":212},"28":{"loc":{"start":{"line":220,"column":4},"end":{"line":225,"column":null}},"type":"if","locations":[{"start":{"line":220,"column":4},"end":{"line":225,"column":null}},{"start":{},"end":{}}],"line":220},"29":{"loc":{"start":{"line":221,"column":25},"end":{"line":221,"column":null}},"type":"cond-expr","locations":[{"start":{"line":221,"column":49},"end":{"line":221,"column":58}},{"start":{"line":221,"column":58},"end":{"line":221,"column":null}}],"line":221},"30":{"loc":{"start":{"line":222,"column":6},"end":{"line":224,"column":null}},"type":"if","locations":[{"start":{"line":222,"column":6},"end":{"line":224,"column":null}},{"start":{},"end":{}}],"line":222},"31":{"loc":{"start":{"line":227,"column":4},"end":{"line":232,"column":null}},"type":"if","locations":[{"start":{"line":227,"column":4},"end":{"line":232,"column":null}},{"start":{},"end":{}}],"line":227},"32":{"loc":{"start":{"line":228,"column":27},"end":{"line":228,"column":null}},"type":"cond-expr","locations":[{"start":{"line":228,"column":53},"end":{"line":228,"column":64}},{"start":{"line":228,"column":64},"end":{"line":228,"column":null}}],"line":228},"33":{"loc":{"start":{"line":229,"column":6},"end":{"line":231,"column":null}},"type":"if","locations":[{"start":{"line":229,"column":6},"end":{"line":231,"column":null}},{"start":{},"end":{}}],"line":229},"34":{"loc":{"start":{"line":234,"column":4},"end":{"line":243,"column":null}},"type":"if","locations":[{"start":{"line":234,"column":4},"end":{"line":243,"column":null}},{"start":{},"end":{}}],"line":234},"35":{"loc":{"start":{"line":234,"column":8},"end":{"line":234,"column":48}},"type":"binary-expr","locations":[{"start":{"line":234,"column":8},"end":{"line":234,"column":30}},{"start":{"line":234,"column":30},"end":{"line":234,"column":48}}],"line":234},"36":{"loc":{"start":{"line":236,"column":6},"end":{"line":242,"column":null}},"type":"if","locations":[{"start":{"line":236,"column":6},"end":{"line":242,"column":null}},{"start":{"line":240,"column":13},"end":{"line":242,"column":null}}],"line":236},"37":{"loc":{"start":{"line":273,"column":4},"end":{"line":278,"column":null}},"type":"if","locations":[{"start":{"line":273,"column":4},"end":{"line":278,"column":null}},{"start":{},"end":{}}],"line":273},"38":{"loc":{"start":{"line":283,"column":4},"end":{"line":287,"column":null}},"type":"if","locations":[{"start":{"line":283,"column":4},"end":{"line":287,"column":null}},{"start":{},"end":{}}],"line":283},"39":{"loc":{"start":{"line":290,"column":19},"end":{"line":290,"column":null}},"type":"binary-expr","locations":[{"start":{"line":290,"column":19},"end":{"line":290,"column":39}},{"start":{"line":290,"column":39},"end":{"line":290,"column":null}}],"line":290},"40":{"loc":{"start":{"line":292,"column":21},"end":{"line":292,"column":null}},"type":"binary-expr","locations":[{"start":{"line":292,"column":21},"end":{"line":292,"column":43}},{"start":{"line":292,"column":43},"end":{"line":292,"column":null}}],"line":292},"41":{"loc":{"start":{"line":293,"column":15},"end":{"line":293,"column":null}},"type":"cond-expr","locations":[{"start":{"line":293,"column":30},"end":{"line":293,"column":55}},{"start":{"line":293,"column":55},"end":{"line":293,"column":null}}],"line":293},"42":{"loc":{"start":{"line":296,"column":4},"end":{"line":300,"column":null}},"type":"if","locations":[{"start":{"line":296,"column":4},"end":{"line":300,"column":null}},{"start":{},"end":{}}],"line":296},"43":{"loc":{"start":{"line":296,"column":8},"end":{"line":296,"column":55}},"type":"binary-expr","locations":[{"start":{"line":296,"column":8},"end":{"line":296,"column":31}},{"start":{"line":296,"column":31},"end":{"line":296,"column":40}},{"start":{"line":296,"column":40},"end":{"line":296,"column":55}}],"line":296},"44":{"loc":{"start":{"line":305,"column":4},"end":{"line":310,"column":null}},"type":"if","locations":[{"start":{"line":305,"column":4},"end":{"line":310,"column":null}},{"start":{},"end":{}}],"line":305},"45":{"loc":{"start":{"line":305,"column":8},"end":{"line":305,"column":57}},"type":"binary-expr","locations":[{"start":{"line":305,"column":8},"end":{"line":305,"column":30}},{"start":{"line":305,"column":30},"end":{"line":305,"column":57}}],"line":305},"46":{"loc":{"start":{"line":311,"column":4},"end":{"line":315,"column":null}},"type":"if","locations":[{"start":{"line":311,"column":4},"end":{"line":315,"column":null}},{"start":{},"end":{}}],"line":311},"47":{"loc":{"start":{"line":312,"column":25},"end":{"line":312,"column":null}},"type":"binary-expr","locations":[{"start":{"line":312,"column":25},"end":{"line":312,"column":40}},{"start":{"line":312,"column":40},"end":{"line":312,"column":null}}],"line":312},"48":{"loc":{"start":{"line":316,"column":4},"end":{"line":320,"column":null}},"type":"if","locations":[{"start":{"line":316,"column":4},"end":{"line":320,"column":null}},{"start":{},"end":{}}],"line":316},"49":{"loc":{"start":{"line":316,"column":8},"end":{"line":316,"column":56}},"type":"binary-expr","locations":[{"start":{"line":316,"column":8},"end":{"line":316,"column":32}},{"start":{"line":316,"column":32},"end":{"line":316,"column":56}}],"line":316},"50":{"loc":{"start":{"line":321,"column":4},"end":{"line":337,"column":null}},"type":"if","locations":[{"start":{"line":321,"column":4},"end":{"line":337,"column":null}},{"start":{},"end":{}}],"line":321},"51":{"loc":{"start":{"line":322,"column":6},"end":{"line":331,"column":null}},"type":"if","locations":[{"start":{"line":322,"column":6},"end":{"line":331,"column":null}},{"start":{},"end":{}}],"line":322},"52":{"loc":{"start":{"line":323,"column":8},"end":{"line":324,"column":null}},"type":"binary-expr","locations":[{"start":{"line":323,"column":8},"end":{"line":323,"column":null}},{"start":{"line":324,"column":8},"end":{"line":324,"column":null}}],"line":323},"53":{"loc":{"start":{"line":332,"column":6},"end":{"line":336,"column":null}},"type":"if","locations":[{"start":{"line":332,"column":6},"end":{"line":336,"column":null}},{"start":{},"end":{}}],"line":332},"54":{"loc":{"start":{"line":338,"column":4},"end":{"line":361,"column":null}},"type":"if","locations":[{"start":{"line":338,"column":4},"end":{"line":361,"column":null}},{"start":{},"end":{}}],"line":338},"55":{"loc":{"start":{"line":339,"column":6},"end":{"line":348,"column":null}},"type":"if","locations":[{"start":{"line":339,"column":6},"end":{"line":348,"column":null}},{"start":{},"end":{}}],"line":339},"56":{"loc":{"start":{"line":340,"column":8},"end":{"line":342,"column":null}},"type":"binary-expr","locations":[{"start":{"line":340,"column":8},"end":{"line":340,"column":null}},{"start":{"line":341,"column":8},"end":{"line":341,"column":null}},{"start":{"line":342,"column":8},"end":{"line":342,"column":null}}],"line":340},"57":{"loc":{"start":{"line":350,"column":28},"end":{"line":350,"column":null}},"type":"cond-expr","locations":[{"start":{"line":350,"column":38},"end":{"line":350,"column":58}},{"start":{"line":350,"column":58},"end":{"line":350,"column":null}}],"line":350},"58":{"loc":{"start":{"line":351,"column":24},"end":{"line":351,"column":null}},"type":"cond-expr","locations":[{"start":{"line":351,"column":39},"end":{"line":351,"column":74}},{"start":{"line":351,"column":74},"end":{"line":351,"column":null}}],"line":351},"59":{"loc":{"start":{"line":352,"column":23},"end":{"line":352,"column":null}},"type":"cond-expr","locations":[{"start":{"line":352,"column":39},"end":{"line":352,"column":65}},{"start":{"line":352,"column":65},"end":{"line":352,"column":null}}],"line":352},"60":{"loc":{"start":{"line":354,"column":6},"end":{"line":360,"column":null}},"type":"if","locations":[{"start":{"line":354,"column":6},"end":{"line":360,"column":null}},{"start":{},"end":{}}],"line":354},"61":{"loc":{"start":{"line":356,"column":32},"end":{"line":358,"column":null}},"type":"cond-expr","locations":[{"start":{"line":357,"column":12},"end":{"line":357,"column":null}},{"start":{"line":358,"column":12},"end":{"line":358,"column":null}}],"line":356},"62":{"loc":{"start":{"line":362,"column":4},"end":{"line":366,"column":null}},"type":"if","locations":[{"start":{"line":362,"column":4},"end":{"line":366,"column":null}},{"start":{},"end":{}}],"line":362},"63":{"loc":{"start":{"line":362,"column":8},"end":{"line":362,"column":62}},"type":"binary-expr","locations":[{"start":{"line":362,"column":8},"end":{"line":362,"column":34}},{"start":{"line":362,"column":34},"end":{"line":362,"column":62}}],"line":362},"64":{"loc":{"start":{"line":371,"column":12},"end":{"line":371,"column":null}},"type":"binary-expr","locations":[{"start":{"line":371,"column":12},"end":{"line":371,"column":20}},{"start":{"line":371,"column":20},"end":{"line":371,"column":null}}],"line":371},"65":{"loc":{"start":{"line":372,"column":19},"end":{"line":372,"column":null}},"type":"binary-expr","locations":[{"start":{"line":372,"column":19},"end":{"line":372,"column":34}},{"start":{"line":372,"column":34},"end":{"line":372,"column":54}},{"start":{"line":372,"column":54},"end":{"line":372,"column":null}}],"line":372},"66":{"loc":{"start":{"line":373,"column":14},"end":{"line":373,"column":null}},"type":"binary-expr","locations":[{"start":{"line":373,"column":14},"end":{"line":373,"column":24}},{"start":{"line":373,"column":24},"end":{"line":373,"column":null}}],"line":373},"67":{"loc":{"start":{"line":374,"column":21},"end":{"line":374,"column":null}},"type":"binary-expr","locations":[{"start":{"line":374,"column":21},"end":{"line":374,"column":38}},{"start":{"line":374,"column":38},"end":{"line":374,"column":60}},{"start":{"line":374,"column":60},"end":{"line":374,"column":null}}],"line":374},"68":{"loc":{"start":{"line":375,"column":15},"end":{"line":375,"column":null}},"type":"cond-expr","locations":[{"start":{"line":375,"column":30},"end":{"line":375,"column":55}},{"start":{"line":375,"column":55},"end":{"line":375,"column":null}}],"line":375},"69":{"loc":{"start":{"line":376,"column":16},"end":{"line":376,"column":null}},"type":"binary-expr","locations":[{"start":{"line":376,"column":16},"end":{"line":376,"column":28}},{"start":{"line":376,"column":28},"end":{"line":376,"column":null}}],"line":376},"70":{"loc":{"start":{"line":386,"column":7},"end":{"line":386,"column":27}},"type":"binary-expr","locations":[{"start":{"line":386,"column":7},"end":{"line":386,"column":25}},{"start":{"line":386,"column":25},"end":{"line":386,"column":27}}],"line":386},"71":{"loc":{"start":{"line":389,"column":20},"end":{"line":391,"column":null}},"type":"cond-expr","locations":[{"start":{"line":390,"column":8},"end":{"line":390,"column":null}},{"start":{"line":391,"column":8},"end":{"line":391,"column":null}}],"line":389},"72":{"loc":{"start":{"line":413,"column":4},"end":{"line":418,"column":null}},"type":"if","locations":[{"start":{"line":413,"column":4},"end":{"line":418,"column":null}},{"start":{},"end":{}}],"line":413},"73":{"loc":{"start":{"line":423,"column":4},"end":{"line":427,"column":null}},"type":"if","locations":[{"start":{"line":423,"column":4},"end":{"line":427,"column":null}},{"start":{},"end":{}}],"line":423}},"s":{"0":20,"1":17,"2":3,"3":2,"4":2,"5":3,"6":2,"7":0,"8":2,"9":5,"10":1,"11":4,"12":6,"13":6,"14":6,"15":1,"16":5,"17":1,"18":1,"19":4,"20":3,"21":1,"22":2,"23":1,"24":1,"25":1,"26":1,"27":1,"28":0,"29":1,"30":0,"31":1,"32":1,"33":1,"34":1,"35":1,"36":3,"37":3,"38":3,"39":1,"40":2,"41":2,"42":1,"43":1,"44":0,"45":2,"46":2,"47":2,"48":2,"49":2,"50":0,"51":2,"52":2,"53":0,"54":0,"55":2,"56":2,"57":2,"58":2,"59":2,"60":1,"61":1,"62":1,"63":2,"64":1,"65":1,"66":1,"67":0,"68":2,"69":2,"70":0,"71":7,"72":7,"73":7,"74":6,"75":0,"76":6,"77":6,"78":0,"79":6,"80":7,"81":1,"82":5,"83":5,"84":5,"85":0,"86":0,"87":0,"88":0,"89":5,"90":1,"91":1,"92":1,"93":5,"94":0,"95":0,"96":0,"97":5,"98":1,"99":1,"100":0,"101":0,"102":0,"103":0,"104":4,"105":2,"106":1,"107":1,"108":2,"109":2,"110":2,"111":1,"112":1,"113":1,"114":3,"115":1,"116":1,"117":1,"118":3,"119":3,"120":7,"121":3,"122":3,"123":3,"124":7,"125":1,"126":4,"127":4,"128":3,"129":1,"130":2,"131":2,"132":1,"133":1,"134":1,"135":1,"136":1,"137":1},"f":{"0":20,"1":2,"2":2,"3":5,"4":6,"5":3,"6":2,"7":7,"8":3,"9":4},"b":{"0":[2],"1":[2],"2":[0,2],"3":[2,2],"4":[2,1],"5":[1,4],"6":[1,5],"7":[6,5],"8":[1,4],"9":[5,1],"10":[1,0],"11":[1,2],"12":[1,1],"13":[2,1],"14":[1,0],"15":[0,1],"16":[1,1],"17":[0,1],"18":[1,1],"19":[1,1],"20":[6,0],"21":[6,1],"22":[0,1],"23":[1,2],"24":[1,1],"25":[0,2],"26":[0,2],"27":[2,1],"28":[2,0],"29":[0,2],"30":[2,0],"31":[1,1],"32":[0,1],"33":[1,0],"34":[1,1],"35":[2,2],"36":[1,0],"37":[0,6],"38":[0,6],"39":[6,6],"40":[7,6],"41":[1,5],"42":[1,6],"43":[7,2,2],"44":[0,5],"45":[5,1],"46":[1,4],"47":[1,1],"48":[0,5],"49":[5,0],"50":[1,4],"51":[1,0],"52":[1,1],"53":[0,0],"54":[2,2],"55":[1,1],"56":[2,1,1],"57":[0,1],"58":[1,0],"59":[0,1],"60":[1,1],"61":[0,1],"62":[1,2],"63":[3,1],"64":[3,2],"65":[7,3,3],"66":[7,3],"67":[7,3,3],"68":[0,3],"69":[7,2],"70":[3,0],"71":[2,1],"72":[1,2],"73":[1,1]},"meta":{"lastBranch":74,"lastFunction":10,"lastStatement":138,"seen":{"f:36:15:36:Infinity":0,"s:40:18:42:Infinity":0,"s:43:2:43:Infinity":1,"s:46:6:49:Infinity":2,"f:46:6:46:24":1,"s:47:15:47:Infinity":3,"s:48:2:48:Infinity":4,"s:50:6:57:Infinity":5,"f:50:6:50:Infinity":2,"b:52:16:52:Infinity":0,"b:53:16:53:Infinity":1,"b:55:2:55:Infinity:undefined:undefined:undefined:undefined":2,"s:55:2:55:Infinity":6,"b:55:6:55:33:55:33:55:56":3,"s:55:56:55:Infinity":7,"s:56:2:56:Infinity":8,"b:56:9:56:23:56:23:56:Infinity":4,"f:58:15:58:37":3,"b:59:2:59:Infinity:undefined:undefined:undefined:undefined":5,"s:59:2:59:Infinity":9,"s:59:18:59:Infinity":10,"s:60:2:65:Infinity":11,"f:68:15:68:Infinity":4,"s:77:2:155:Infinity":12,"s:79:6:79:Infinity":13,"b:81:4:85:Infinity:undefined:undefined:undefined:undefined":6,"s:81:4:85:Infinity":14,"b:81:8:81:17:81:17:81:31":7,"s:82:6:84:Infinity":15,"b:86:4:94:Infinity:undefined:undefined:undefined:undefined":8,"s:86:4:94:Infinity":16,"b:86:8:86:39:86:39:86:63":9,"b:87:6:93:Infinity:undefined:undefined:undefined:undefined":10,"s:87:6:93:Infinity":17,"s:88:8:92:Infinity":18,"s:95:25:98:Infinity":19,"b:100:4:105:Infinity:undefined:undefined:undefined:undefined":11,"s:100:4:105:Infinity":20,"s:101:6:104:Infinity":21,"b:106:4:113:Infinity:undefined:undefined:undefined:undefined":12,"s:106:4:113:Infinity":22,"b:106:8:106:33:106:33:106:51":13,"b:107:6:112:Infinity:undefined:undefined:undefined:undefined":14,"s:107:6:112:Infinity":23,"s:108:8:111:Infinity":24,"s:114:39:119:Infinity":25,"s:120:41:120:Infinity":26,"b:123:4:128:Infinity:undefined:undefined:undefined:undefined":15,"s:123:4:128:Infinity":27,"b:123:8:123:18:123:18:123:54":16,"s:124:6:127:Infinity":28,"b:130:4:135:Infinity:undefined:undefined:undefined:undefined":17,"s:130:4:135:Infinity":29,"b:130:8:130:20:130:20:130:60":18,"s:131:6:134:Infinity":30,"s:136:20:144:Infinity":31,"b:138:19:138:34:138:34:138:Infinity":19,"b:139:15:139:40:139:40:139:Infinity":20,"b:140:21:140:38:140:38:140:Infinity":21,"b:141:25:141:45:141:45:141:Infinity":22,"s:145:25:145:Infinity":32,"s:146:29:146:Infinity":33,"s:148:4:152:Infinity":34,"s:154:4:154:Infinity":35,"f:158:15:158:Infinity":5,"s:167:2:190:Infinity":36,"s:168:25:171:Infinity":37,"b:172:4:177:Infinity:undefined:undefined:undefined:undefined":23,"s:172:4:177:Infinity":38,"s:173:6:176:Infinity":39,"s:179:17:181:Infinity":40,"b:182:4:186:Infinity:undefined:undefined:undefined:undefined":24,"s:182:4:186:Infinity":41,"s:183:6:185:Infinity":42,"s:187:4:187:Infinity":43,"s:189:4:189:Infinity":44,"f:193:15:193:Infinity":6,"s:198:2:253:Infinity":45,"s:199:26:199:Infinity":46,"s:200:50:200:Infinity":47,"s:202:25:202:Infinity":48,"b:203:4:208:Infinity:undefined:undefined:undefined:undefined":25,"s:203:4:208:Infinity":49,"s:204:6:207:Infinity":50,"s:210:65:210:Infinity":51,"b:212:4:218:Infinity:undefined:undefined:undefined:undefined":26,"s:212:4:218:Infinity":52,"b:212:8:212:18:212:18:212:33":27,"s:213:25:213:Infinity":53,"s:214:6:217:Infinity":54,"b:220:4:225:Infinity:undefined:undefined:undefined:undefined":28,"s:220:4:225:Infinity":55,"s:221:25:221:Infinity":56,"b:221:49:221:58:221:58:221:Infinity":29,"b:222:6:224:Infinity:undefined:undefined:undefined:undefined":30,"s:222:6:224:Infinity":57,"s:223:8:223:Infinity":58,"b:227:4:232:Infinity:undefined:undefined:undefined:undefined":31,"s:227:4:232:Infinity":59,"s:228:27:228:Infinity":60,"b:228:53:228:64:228:64:228:Infinity":32,"b:229:6:231:Infinity:undefined:undefined:undefined:undefined":33,"s:229:6:231:Infinity":61,"s:230:8:230:Infinity":62,"b:234:4:243:Infinity:undefined:undefined:undefined:undefined":34,"s:234:4:243:Infinity":63,"b:234:8:234:30:234:30:234:48":35,"s:235:6:235:Infinity":64,"b:236:6:242:Infinity:240:13:242:Infinity":36,"s:236:6:242:Infinity":65,"s:237:8:239:Infinity":66,"s:241:8:241:Infinity":67,"s:245:18:248:Infinity":68,"s:250:4:250:Infinity":69,"s:252:4:252:Infinity":70,"f:256:15:256:Infinity":7,"s:265:2:400:Infinity":71,"s:267:6:267:Infinity":72,"s:269:25:272:Infinity":73,"b:273:4:278:Infinity:undefined:undefined:undefined:undefined":37,"s:273:4:278:Infinity":74,"s:274:6:277:Infinity":75,"s:280:17:282:Infinity":76,"b:283:4:287:Infinity:undefined:undefined:undefined:undefined":38,"s:283:4:287:Infinity":77,"s:284:6:286:Infinity":78,"s:288:35:295:Infinity":79,"b:290:19:290:39:290:39:290:Infinity":39,"b:292:21:292:43:292:43:292:Infinity":40,"b:293:30:293:55:293:55:293:Infinity":41,"b:296:4:300:Infinity:undefined:undefined:undefined:undefined":42,"s:296:4:300:Infinity":80,"b:296:8:296:31:296:31:296:40:296:40:296:55":43,"s:297:6:299:Infinity":81,"s:302:51:302:Infinity":82,"s:303:36:303:Infinity":83,"b:305:4:310:Infinity:undefined:undefined:undefined:undefined":44,"s:305:4:310:Infinity":84,"b:305:8:305:30:305:30:305:57":45,"s:306:26:306:Infinity":85,"s:307:6:307:Infinity":86,"s:308:6:308:Infinity":87,"s:309:6:309:Infinity":88,"b:311:4:315:Infinity:undefined:undefined:undefined:undefined":46,"s:311:4:315:Infinity":89,"s:312:6:312:Infinity":90,"b:312:25:312:40:312:40:312:Infinity":47,"s:313:6:313:Infinity":91,"s:314:6:314:Infinity":92,"b:316:4:320:Infinity:undefined:undefined:undefined:undefined":48,"s:316:4:320:Infinity":93,"b:316:8:316:32:316:32:316:56":49,"s:317:6:317:Infinity":94,"s:318:6:318:Infinity":95,"s:319:6:319:Infinity":96,"b:321:4:337:Infinity:undefined:undefined:undefined:undefined":50,"s:321:4:337:Infinity":97,"b:322:6:331:Infinity:undefined:undefined:undefined:undefined":51,"s:322:6:331:Infinity":98,"b:323:8:323:Infinity:324:8:324:Infinity":52,"s:326:8:330:Infinity":99,"b:332:6:336:Infinity:undefined:undefined:undefined:undefined":53,"s:332:6:336:Infinity":100,"s:333:8:333:Infinity":101,"s:334:8:334:Infinity":102,"s:335:8:335:Infinity":103,"b:338:4:361:Infinity:undefined:undefined:undefined:undefined":54,"s:338:4:361:Infinity":104,"b:339:6:348:Infinity:undefined:undefined:undefined:undefined":55,"s:339:6:348:Infinity":105,"b:340:8:340:Infinity:341:8:341:Infinity:342:8:342:Infinity":56,"s:344:8:347:Infinity":106,"s:350:28:350:Infinity":107,"b:350:38:350:58:350:58:350:Infinity":57,"s:351:24:351:Infinity":108,"b:351:39:351:74:351:74:351:Infinity":58,"s:352:23:352:Infinity":109,"b:352:39:352:65:352:65:352:Infinity":59,"b:354:6:360:Infinity:undefined:undefined:undefined:undefined":60,"s:354:6:360:Infinity":110,"s:355:8:355:Infinity":111,"s:356:8:358:Infinity":112,"b:357:12:357:Infinity:358:12:358:Infinity":61,"s:359:8:359:Infinity":113,"b:362:4:366:Infinity:undefined:undefined:undefined:undefined":62,"s:362:4:366:Infinity":114,"b:362:8:362:34:362:34:362:62":63,"s:363:6:363:Infinity":115,"s:364:6:364:Infinity":116,"s:365:6:365:Infinity":117,"s:368:4:368:Infinity":118,"s:370:18:377:Infinity":119,"b:371:12:371:20:371:20:371:Infinity":64,"b:372:19:372:34:372:34:372:54:372:54:372:Infinity":65,"b:373:14:373:24:373:24:373:Infinity":66,"b:374:21:374:38:374:38:374:60:374:60:374:Infinity":67,"b:375:30:375:55:375:55:375:Infinity":68,"b:376:16:376:28:376:28:376:Infinity":69,"s:379:27:384:Infinity":120,"s:385:35:387:Infinity":121,"b:386:7:386:25:386:25:386:27":70,"f:386:29:386:34":8,"s:386:44:386:76":122,"s:389:20:391:Infinity":123,"b:390:8:390:Infinity:391:8:391:Infinity":71,"s:393:4:397:Infinity":124,"s:399:4:399:Infinity":125,"f:403:15:403:Infinity":9,"s:408:2:437:Infinity":126,"s:409:25:412:Infinity":127,"b:413:4:418:Infinity:undefined:undefined:undefined:undefined":72,"s:413:4:418:Infinity":128,"s:414:6:417:Infinity":129,"s:420:17:422:Infinity":130,"b:423:4:427:Infinity:undefined:undefined:undefined:undefined":73,"s:423:4:427:Infinity":131,"s:424:6:426:Infinity":132,"s:428:25:428:Infinity":133,"s:429:29:429:Infinity":134,"s:430:4:430:Infinity":135,"s:431:4:434:Infinity":136,"s:436:4:436:Infinity":137},"fnNames":{}}}
,"C:\\Users\\alyad\\Desktop\\task_tracker\\backend\\src\\controllers\\taskHistoryController.ts": {"path":"C:\\Users\\alyad\\Desktop\\task_tracker\\backend\\src\\controllers\\taskHistoryController.ts","statementMap":{"0":{"start":{"line":5,"column":15},"end":{"line":14,"column":null}},"1":{"start":{"line":15,"column":2},"end":{"line":15,"column":null}},"2":{"start":{"line":27,"column":2},"end":{"line":53,"column":null}},"3":{"start":{"line":28,"column":23},"end":{"line":28,"column":null}},"4":{"start":{"line":30,"column":22},"end":{"line":30,"column":null}},"5":{"start":{"line":31,"column":4},"end":{"line":36,"column":null}},"6":{"start":{"line":32,"column":6},"end":{"line":35,"column":null}},"7":{"start":{"line":38,"column":24},"end":{"line":48,"column":null}},"8":{"start":{"line":50,"column":4},"end":{"line":50,"column":null}},"9":{"start":{"line":52,"column":4},"end":{"line":52,"column":null}}},"fnMap":{"0":{"name":"findOwnedTask","decl":{"start":{"line":4,"column":15},"end":{"line":4,"column":29}},"loc":{"start":{"line":4,"column":79},"end":{"line":16,"column":null}},"line":4},"1":{"name":"getTaskHistory","decl":{"start":{"line":18,"column":15},"end":{"line":18,"column":null}},"loc":{"start":{"line":26,"column":28},"end":{"line":54,"column":null}},"line":26}},"branchMap":{"0":{"loc":{"start":{"line":31,"column":4},"end":{"line":36,"column":null}},"type":"if","locations":[{"start":{"line":31,"column":4},"end":{"line":36,"column":null}},{"start":{},"end":{}}],"line":31}},"s":{"0":2,"1":2,"2":2,"3":2,"4":2,"5":2,"6":1,"7":1,"8":1,"9":0},"f":{"0":2,"1":2},"b":{"0":[1,1]},"meta":{"lastBranch":1,"lastFunction":2,"lastStatement":10,"seen":{"f:4:15:4:29":0,"s:5:15:14:Infinity":0,"s:15:2:15:Infinity":1,"f:18:15:18:Infinity":1,"s:27:2:53:Infinity":2,"s:28:23:28:Infinity":3,"s:30:22:30:Infinity":4,"b:31:4:36:Infinity:undefined:undefined:undefined:undefined":0,"s:31:4:36:Infinity":5,"s:32:6:35:Infinity":6,"s:38:24:48:Infinity":7,"s:50:4:50:Infinity":8,"s:52:4:52:Infinity":9},"fnNames":{}}}
,"C:\\Users\\alyad\\Desktop\\task_tracker\\backend\\src\\controllers\\timeEntryController.ts": {"path":"C:\\Users\\alyad\\Desktop\\task_tracker\\backend\\src\\controllers\\timeEntryController.ts","statementMap":{"0":{"start":{"line":22,"column":15},"end":{"line":31,"column":null}},"1":{"start":{"line":32,"column":2},"end":{"line":32,"column":null}},"2":{"start":{"line":34,"column":6},"end":{"line":41,"column":null}},"3":{"start":{"line":39,"column":2},"end":{"line":39,"column":null}},"4":{"start":{"line":39,"column":56},"end":{"line":39,"column":null}},"5":{"start":{"line":40,"column":2},"end":{"line":40,"column":null}},"6":{"start":{"line":52,"column":2},"end":{"line":115,"column":null}},"7":{"start":{"line":53,"column":49},"end":{"line":53,"column":null}},"8":{"start":{"line":55,"column":4},"end":{"line":64,"column":null}},"9":{"start":{"line":60,"column":6},"end":{"line":63,"column":null}},"10":{"start":{"line":65,"column":4},"end":{"line":70,"column":null}},"11":{"start":{"line":66,"column":6},"end":{"line":69,"column":null}},"12":{"start":{"line":72,"column":17},"end":{"line":72,"column":null}},"13":{"start":{"line":73,"column":4},"end":{"line":78,"column":null}},"14":{"start":{"line":74,"column":6},"end":{"line":77,"column":null}},"15":{"start":{"line":80,"column":22},"end":{"line":85,"column":null}},"16":{"start":{"line":87,"column":25},"end":{"line":95,"column":null}},"17":{"start":{"line":97,"column":29},"end":{"line":106,"column":null}},"18":{"start":{"line":108,"column":4},"end":{"line":112,"column":null}},"19":{"start":{"line":114,"column":4},"end":{"line":114,"column":null}},"20":{"start":{"line":127,"column":2},"end":{"line":153,"column":null}},"21":{"start":{"line":128,"column":17},"end":{"line":128,"column":null}},"22":{"start":{"line":129,"column":4},"end":{"line":134,"column":null}},"23":{"start":{"line":130,"column":6},"end":{"line":133,"column":null}},"24":{"start":{"line":136,"column":24},"end":{"line":142,"column":null}},"25":{"start":{"line":144,"column":25},"end":{"line":148,"column":null}},"26":{"start":{"line":146,"column":8},"end":{"line":146,"column":null}},"27":{"start":{"line":150,"column":4},"end":{"line":150,"column":null}},"28":{"start":{"line":152,"column":4},"end":{"line":152,"column":null}},"29":{"start":{"line":165,"column":2},"end":{"line":271,"column":null}},"30":{"start":{"line":166,"column":49},"end":{"line":166,"column":null}},"31":{"start":{"line":168,"column":4},"end":{"line":176,"column":null}},"32":{"start":{"line":169,"column":6},"end":{"line":175,"column":null}},"33":{"start":{"line":171,"column":8},"end":{"line":174,"column":null}},"34":{"start":{"line":178,"column":4},"end":{"line":183,"column":null}},"35":{"start":{"line":179,"column":6},"end":{"line":182,"column":null}},"36":{"start":{"line":185,"column":17},"end":{"line":185,"column":null}},"37":{"start":{"line":186,"column":4},"end":{"line":191,"column":null}},"38":{"start":{"line":187,"column":6},"end":{"line":190,"column":null}},"39":{"start":{"line":193,"column":22},"end":{"line":195,"column":null}},"40":{"start":{"line":197,"column":4},"end":{"line":202,"column":null}},"41":{"start":{"line":198,"column":6},"end":{"line":201,"column":null}},"42":{"start":{"line":203,"column":19},"end":{"line":207,"column":null}},"43":{"start":{"line":209,"column":56},"end":{"line":209,"column":null}},"44":{"start":{"line":210,"column":36},"end":{"line":210,"column":null}},"45":{"start":{"line":212,"column":4},"end":{"line":219,"column":null}},"46":{"start":{"line":216,"column":6},"end":{"line":216,"column":null}},"47":{"start":{"line":217,"column":6},"end":{"line":217,"column":null}},"48":{"start":{"line":218,"column":6},"end":{"line":218,"column":null}},"49":{"start":{"line":220,"column":4},"end":{"line":227,"column":null}},"50":{"start":{"line":224,"column":6},"end":{"line":224,"column":null}},"51":{"start":{"line":225,"column":6},"end":{"line":225,"column":null}},"52":{"start":{"line":226,"column":6},"end":{"line":226,"column":null}},"53":{"start":{"line":228,"column":4},"end":{"line":232,"column":null}},"54":{"start":{"line":229,"column":6},"end":{"line":229,"column":null}},"55":{"start":{"line":230,"column":6},"end":{"line":230,"column":null}},"56":{"start":{"line":231,"column":6},"end":{"line":231,"column":null}},"57":{"start":{"line":234,"column":4},"end":{"line":234,"column":null}},"58":{"start":{"line":235,"column":27},"end":{"line":247,"column":null}},"59":{"start":{"line":248,"column":35},"end":{"line":261,"column":null}},"60":{"start":{"line":250,"column":8},"end":{"line":259,"column":null}},"61":{"start":{"line":262,"column":4},"end":{"line":268,"column":null}},"62":{"start":{"line":270,"column":4},"end":{"line":270,"column":null}},"63":{"start":{"line":283,"column":2},"end":{"line":330,"column":null}},"64":{"start":{"line":284,"column":17},"end":{"line":284,"column":null}},"65":{"start":{"line":285,"column":4},"end":{"line":290,"column":null}},"66":{"start":{"line":286,"column":6},"end":{"line":289,"column":null}},"67":{"start":{"line":292,"column":22},"end":{"line":294,"column":null}},"68":{"start":{"line":295,"column":4},"end":{"line":300,"column":null}},"69":{"start":{"line":296,"column":6},"end":{"line":299,"column":null}},"70":{"start":{"line":302,"column":4},"end":{"line":302,"column":null}},"71":{"start":{"line":303,"column":25},"end":{"line":313,"column":null}},"72":{"start":{"line":314,"column":29},"end":{"line":323,"column":null}},"73":{"start":{"line":324,"column":4},"end":{"line":327,"column":null}},"74":{"start":{"line":329,"column":4},"end":{"line":329,"column":null}}},"fnMap":{"0":{"name":"findOwnedTask","decl":{"start":{"line":21,"column":15},"end":{"line":21,"column":29}},"loc":{"start":{"line":21,"column":61},"end":{"line":33,"column":null}},"line":21},"1":{"name":"(anonymous_1)","decl":{"start":{"line":34,"column":6},"end":{"line":34,"column":null}},"loc":{"start":{"line":38,"column":14},"end":{"line":41,"column":null}},"line":38},"2":{"name":"create","decl":{"start":{"line":43,"column":15},"end":{"line":43,"column":null}},"loc":{"start":{"line":51,"column":28},"end":{"line":116,"column":null}},"line":51},"3":{"name":"getAll","decl":{"start":{"line":118,"column":15},"end":{"line":118,"column":null}},"loc":{"start":{"line":126,"column":28},"end":{"line":154,"column":null}},"line":126},"4":{"name":"(anonymous_4)","decl":{"start":{"line":144,"column":37},"end":{"line":144,"column":null}},"loc":{"start":{"line":146,"column":8},"end":{"line":146,"column":null}},"line":146},"5":{"name":"update","decl":{"start":{"line":156,"column":15},"end":{"line":156,"column":null}},"loc":{"start":{"line":164,"column":28},"end":{"line":272,"column":null}},"line":164},"6":{"name":"(anonymous_6)","decl":{"start":{"line":249,"column":29},"end":{"line":249,"column":34}},"loc":{"start":{"line":250,"column":8},"end":{"line":259,"column":null}},"line":250},"7":{"name":"remove","decl":{"start":{"line":274,"column":15},"end":{"line":274,"column":null}},"loc":{"start":{"line":282,"column":28},"end":{"line":331,"column":null}},"line":282}},"branchMap":{"0":{"loc":{"start":{"line":36,"column":2},"end":{"line":36,"column":null}},"type":"default-arg","locations":[{"start":{"line":36,"column":16},"end":{"line":36,"column":null}}],"line":36},"1":{"loc":{"start":{"line":37,"column":2},"end":{"line":37,"column":null}},"type":"default-arg","locations":[{"start":{"line":37,"column":16},"end":{"line":37,"column":null}}],"line":37},"2":{"loc":{"start":{"line":39,"column":2},"end":{"line":39,"column":null}},"type":"if","locations":[{"start":{"line":39,"column":2},"end":{"line":39,"column":null}},{"start":{},"end":{}}],"line":39},"3":{"loc":{"start":{"line":39,"column":6},"end":{"line":39,"column":56}},"type":"binary-expr","locations":[{"start":{"line":39,"column":6},"end":{"line":39,"column":33}},{"start":{"line":39,"column":33},"end":{"line":39,"column":56}}],"line":39},"4":{"loc":{"start":{"line":40,"column":9},"end":{"line":40,"column":null}},"type":"binary-expr","locations":[{"start":{"line":40,"column":9},"end":{"line":40,"column":23}},{"start":{"line":40,"column":23},"end":{"line":40,"column":null}}],"line":40},"5":{"loc":{"start":{"line":55,"column":4},"end":{"line":64,"column":null}},"type":"if","locations":[{"start":{"line":55,"column":4},"end":{"line":64,"column":null}},{"start":{},"end":{}}],"line":55},"6":{"loc":{"start":{"line":56,"column":6},"end":{"line":58,"column":null}},"type":"binary-expr","locations":[{"start":{"line":56,"column":6},"end":{"line":56,"column":null}},{"start":{"line":57,"column":6},"end":{"line":57,"column":null}},{"start":{"line":58,"column":6},"end":{"line":58,"column":null}}],"line":56},"7":{"loc":{"start":{"line":65,"column":4},"end":{"line":70,"column":null}},"type":"if","locations":[{"start":{"line":65,"column":4},"end":{"line":70,"column":null}},{"start":{},"end":{}}],"line":65},"8":{"loc":{"start":{"line":73,"column":4},"end":{"line":78,"column":null}},"type":"if","locations":[{"start":{"line":73,"column":4},"end":{"line":78,"column":null}},{"start":{},"end":{}}],"line":73},"9":{"loc":{"start":{"line":84,"column":12},"end":{"line":84,"column":null}},"type":"binary-expr","locations":[{"start":{"line":84,"column":12},"end":{"line":84,"column":20}},{"start":{"line":84,"column":20},"end":{"line":84,"column":null}}],"line":84},"10":{"loc":{"start":{"line":92,"column":19},"end":{"line":92,"column":null}},"type":"binary-expr","locations":[{"start":{"line":92,"column":19},"end":{"line":92,"column":42}},{"start":{"line":92,"column":42},"end":{"line":92,"column":null}}],"line":92},"11":{"loc":{"start":{"line":93,"column":14},"end":{"line":93,"column":null}},"type":"binary-expr","locations":[{"start":{"line":93,"column":14},"end":{"line":93,"column":22}},{"start":{"line":93,"column":22},"end":{"line":93,"column":null}}],"line":93},"12":{"loc":{"start":{"line":129,"column":4},"end":{"line":134,"column":null}},"type":"if","locations":[{"start":{"line":129,"column":4},"end":{"line":134,"column":null}},{"start":{},"end":{}}],"line":129},"13":{"loc":{"start":{"line":168,"column":4},"end":{"line":176,"column":null}},"type":"if","locations":[{"start":{"line":168,"column":4},"end":{"line":176,"column":null}},{"start":{},"end":{}}],"line":168},"14":{"loc":{"start":{"line":169,"column":6},"end":{"line":175,"column":null}},"type":"if","locations":[{"start":{"line":169,"column":6},"end":{"line":175,"column":null}},{"start":{},"end":{}}],"line":169},"15":{"loc":{"start":{"line":178,"column":4},"end":{"line":183,"column":null}},"type":"if","locations":[{"start":{"line":178,"column":4},"end":{"line":183,"column":null}},{"start":{},"end":{}}],"line":178},"16":{"loc":{"start":{"line":178,"column":8},"end":{"line":178,"column":47}},"type":"binary-expr","locations":[{"start":{"line":178,"column":8},"end":{"line":178,"column":35}},{"start":{"line":178,"column":35},"end":{"line":178,"column":47}}],"line":178},"17":{"loc":{"start":{"line":186,"column":4},"end":{"line":191,"column":null}},"type":"if","locations":[{"start":{"line":186,"column":4},"end":{"line":191,"column":null}},{"start":{},"end":{}}],"line":186},"18":{"loc":{"start":{"line":197,"column":4},"end":{"line":202,"column":null}},"type":"if","locations":[{"start":{"line":197,"column":4},"end":{"line":202,"column":null}},{"start":{},"end":{}}],"line":197},"19":{"loc":{"start":{"line":212,"column":4},"end":{"line":219,"column":null}},"type":"if","locations":[{"start":{"line":212,"column":4},"end":{"line":219,"column":null}},{"start":{},"end":{}}],"line":212},"20":{"loc":{"start":{"line":213,"column":6},"end":{"line":214,"column":null}},"type":"binary-expr","locations":[{"start":{"line":213,"column":6},"end":{"line":213,"column":null}},{"start":{"line":214,"column":6},"end":{"line":214,"column":null}}],"line":213},"21":{"loc":{"start":{"line":220,"column":4},"end":{"line":227,"column":null}},"type":"if","locations":[{"start":{"line":220,"column":4},"end":{"line":227,"column":null}},{"start":{},"end":{}}],"line":220},"22":{"loc":{"start":{"line":221,"column":6},"end":{"line":222,"column":null}},"type":"binary-expr","locations":[{"start":{"line":221,"column":6},"end":{"line":221,"column":null}},{"start":{"line":222,"column":6},"end":{"line":222,"column":null}}],"line":221},"23":{"loc":{"start":{"line":228,"column":4},"end":{"line":232,"column":null}},"type":"if","locations":[{"start":{"line":228,"column":4},"end":{"line":232,"column":null}},{"start":{},"end":{}}],"line":228},"24":{"loc":{"start":{"line":228,"column":8},"end":{"line":228,"column":55}},"type":"binary-expr","locations":[{"start":{"line":228,"column":8},"end":{"line":228,"column":30}},{"start":{"line":228,"column":30},"end":{"line":228,"column":55}}],"line":228},"25":{"loc":{"start":{"line":241,"column":10},"end":{"line":241,"column":null}},"type":"binary-expr","locations":[{"start":{"line":241,"column":10},"end":{"line":241,"column":43}},{"start":{"line":241,"column":43},"end":{"line":241,"column":null}}],"line":241},"26":{"loc":{"start":{"line":242,"column":19},"end":{"line":244,"column":null}},"type":"cond-expr","locations":[{"start":{"line":243,"column":12},"end":{"line":243,"column":null}},{"start":{"line":244,"column":12},"end":{"line":244,"column":null}}],"line":242},"27":{"loc":{"start":{"line":245,"column":14},"end":{"line":245,"column":null}},"type":"binary-expr","locations":[{"start":{"line":245,"column":14},"end":{"line":245,"column":36}},{"start":{"line":245,"column":36},"end":{"line":245,"column":null}}],"line":245},"28":{"loc":{"start":{"line":249,"column":7},"end":{"line":249,"column":27}},"type":"binary-expr","locations":[{"start":{"line":249,"column":7},"end":{"line":249,"column":25}},{"start":{"line":249,"column":25},"end":{"line":249,"column":27}}],"line":249},"29":{"loc":{"start":{"line":265,"column":15},"end":{"line":267,"column":null}},"type":"cond-expr","locations":[{"start":{"line":266,"column":10},"end":{"line":266,"column":null}},{"start":{"line":267,"column":10},"end":{"line":267,"column":null}}],"line":265},"30":{"loc":{"start":{"line":285,"column":4},"end":{"line":290,"column":null}},"type":"if","locations":[{"start":{"line":285,"column":4},"end":{"line":290,"column":null}},{"start":{},"end":{}}],"line":285},"31":{"loc":{"start":{"line":295,"column":4},"end":{"line":300,"column":null}},"type":"if","locations":[{"start":{"line":295,"column":4},"end":{"line":300,"column":null}},{"start":{},"end":{}}],"line":295},"32":{"loc":{"start":{"line":308,"column":19},"end":{"line":310,"column":null}},"type":"cond-expr","locations":[{"start":{"line":309,"column":12},"end":{"line":309,"column":null}},{"start":{"line":310,"column":12},"end":{"line":310,"column":null}}],"line":308}},"s":{"0":4,"1":4,"2":2,"3":2,"4":0,"5":2,"6":2,"7":2,"8":2,"9":1,"10":1,"11":0,"12":1,"13":1,"14":0,"15":1,"16":1,"17":1,"18":1,"19":0,"20":1,"21":1,"22":1,"23":0,"24":1,"25":1,"26":2,"27":1,"28":0,"29":2,"30":2,"31":2,"32":2,"33":1,"34":1,"35":0,"36":1,"37":1,"38":0,"39":1,"40":1,"41":0,"42":1,"43":1,"44":1,"45":1,"46":1,"47":1,"48":1,"49":1,"50":1,"51":1,"52":1,"53":1,"54":1,"55":1,"56":1,"57":1,"58":1,"59":1,"60":1,"61":1,"62":0,"63":1,"64":1,"65":1,"66":0,"67":1,"68":1,"69":0,"70":1,"71":1,"72":1,"73":1,"74":0},"f":{"0":4,"1":2,"2":2,"3":1,"4":2,"5":2,"6":1,"7":1},"b":{"0":[2],"1":[2],"2":[0,2],"3":[2,2],"4":[2,2],"5":[1,1],"6":[2,2,1],"7":[0,1],"8":[0,1],"9":[1,0],"10":[1,0],"11":[2,0],"12":[0,1],"13":[2,0],"14":[1,1],"15":[0,1],"16":[1,1],"17":[0,1],"18":[0,1],"19":[1,0],"20":[1,1],"21":[1,0],"22":[1,1],"23":[1,0],"24":[1,1],"25":[1,0],"26":[1,0],"27":[2,0],"28":[1,0],"29":[1,0],"30":[0,1],"31":[0,1],"32":[1,0]},"meta":{"lastBranch":33,"lastFunction":8,"lastStatement":75,"seen":{"f:21:15:21:29":0,"s:22:15:31:Infinity":0,"s:32:2:32:Infinity":1,"s:34:6:41:Infinity":2,"f:34:6:34:Infinity":1,"b:36:16:36:Infinity":0,"b:37:16:37:Infinity":1,"b:39:2:39:Infinity:undefined:undefined:undefined:undefined":2,"s:39:2:39:Infinity":3,"b:39:6:39:33:39:33:39:56":3,"s:39:56:39:Infinity":4,"s:40:2:40:Infinity":5,"b:40:9:40:23:40:23:40:Infinity":4,"f:43:15:43:Infinity":2,"s:52:2:115:Infinity":6,"s:53:49:53:Infinity":7,"b:55:4:64:Infinity:undefined:undefined:undefined:undefined":5,"s:55:4:64:Infinity":8,"b:56:6:56:Infinity:57:6:57:Infinity:58:6:58:Infinity":6,"s:60:6:63:Infinity":9,"b:65:4:70:Infinity:undefined:undefined:undefined:undefined":7,"s:65:4:70:Infinity":10,"s:66:6:69:Infinity":11,"s:72:17:72:Infinity":12,"b:73:4:78:Infinity:undefined:undefined:undefined:undefined":8,"s:73:4:78:Infinity":13,"s:74:6:77:Infinity":14,"s:80:22:85:Infinity":15,"b:84:12:84:20:84:20:84:Infinity":9,"s:87:25:95:Infinity":16,"b:92:19:92:42:92:42:92:Infinity":10,"b:93:14:93:22:93:22:93:Infinity":11,"s:97:29:106:Infinity":17,"s:108:4:112:Infinity":18,"s:114:4:114:Infinity":19,"f:118:15:118:Infinity":3,"s:127:2:153:Infinity":20,"s:128:17:128:Infinity":21,"b:129:4:134:Infinity:undefined:undefined:undefined:undefined":12,"s:129:4:134:Infinity":22,"s:130:6:133:Infinity":23,"s:136:24:142:Infinity":24,"s:144:25:148:Infinity":25,"f:144:37:144:Infinity":4,"s:146:8:146:Infinity":26,"s:150:4:150:Infinity":27,"s:152:4:152:Infinity":28,"f:156:15:156:Infinity":5,"s:165:2:271:Infinity":29,"s:166:49:166:Infinity":30,"b:168:4:176:Infinity:undefined:undefined:undefined:undefined":13,"s:168:4:176:Infinity":31,"b:169:6:175:Infinity:undefined:undefined:undefined:undefined":14,"s:169:6:175:Infinity":32,"s:171:8:174:Infinity":33,"b:178:4:183:Infinity:undefined:undefined:undefined:undefined":15,"s:178:4:183:Infinity":34,"b:178:8:178:35:178:35:178:47":16,"s:179:6:182:Infinity":35,"s:185:17:185:Infinity":36,"b:186:4:191:Infinity:undefined:undefined:undefined:undefined":17,"s:186:4:191:Infinity":37,"s:187:6:190:Infinity":38,"s:193:22:195:Infinity":39,"b:197:4:202:Infinity:undefined:undefined:undefined:undefined":18,"s:197:4:202:Infinity":40,"s:198:6:201:Infinity":41,"s:203:19:207:Infinity":42,"s:209:56:209:Infinity":43,"s:210:36:210:Infinity":44,"b:212:4:219:Infinity:undefined:undefined:undefined:undefined":19,"s:212:4:219:Infinity":45,"b:213:6:213:Infinity:214:6:214:Infinity":20,"s:216:6:216:Infinity":46,"s:217:6:217:Infinity":47,"s:218:6:218:Infinity":48,"b:220:4:227:Infinity:undefined:undefined:undefined:undefined":21,"s:220:4:227:Infinity":49,"b:221:6:221:Infinity:222:6:222:Infinity":22,"s:224:6:224:Infinity":50,"s:225:6:225:Infinity":51,"s:226:6:226:Infinity":52,"b:228:4:232:Infinity:undefined:undefined:undefined:undefined":23,"s:228:4:232:Infinity":53,"b:228:8:228:30:228:30:228:55":24,"s:229:6:229:Infinity":54,"s:230:6:230:Infinity":55,"s:231:6:231:Infinity":56,"s:234:4:234:Infinity":57,"s:235:27:247:Infinity":58,"b:241:10:241:43:241:43:241:Infinity":25,"b:243:12:243:Infinity:244:12:244:Infinity":26,"b:245:14:245:36:245:36:245:Infinity":27,"s:248:35:261:Infinity":59,"b:249:7:249:25:249:25:249:27":28,"f:249:29:249:34":6,"s:250:8:259:Infinity":60,"s:262:4:268:Infinity":61,"b:266:10:266:Infinity:267:10:267:Infinity":29,"s:270:4:270:Infinity":62,"f:274:15:274:Infinity":7,"s:283:2:330:Infinity":63,"s:284:17:284:Infinity":64,"b:285:4:290:Infinity:undefined:undefined:undefined:undefined":30,"s:285:4:290:Infinity":65,"s:286:6:289:Infinity":66,"s:292:22:294:Infinity":67,"b:295:4:300:Infinity:undefined:undefined:undefined:undefined":31,"s:295:4:300:Infinity":68,"s:296:6:299:Infinity":69,"s:302:4:302:Infinity":70,"s:303:25:313:Infinity":71,"b:309:12:309:Infinity:310:12:310:Infinity":32,"s:314:29:323:Infinity":72,"s:324:4:327:Infinity":73,"s:329:4:329:Infinity":74},"fnNames":{}}}
,"C:\\Users\\alyad\\Desktop\\task_tracker\\backend\\src\\middleware\\auth.ts": {"path":"C:\\Users\\alyad\\Desktop\\task_tracker\\backend\\src\\middleware\\auth.ts","statementMap":{"0":{"start":{"line":10,"column":21},"end":{"line":10,"column":null}},"1":{"start":{"line":12,"column":2},"end":{"line":16,"column":null}},"2":{"start":{"line":13,"column":4},"end":{"line":15,"column":null}},"3":{"start":{"line":18,"column":16},"end":{"line":18,"column":null}},"4":{"start":{"line":20,"column":2},"end":{"line":36,"column":null}},"5":{"start":{"line":21,"column":20},"end":{"line":21,"column":null}},"6":{"start":{"line":23,"column":17},"end":{"line":23,"column":null}},"7":{"start":{"line":24,"column":4},"end":{"line":28,"column":null}},"8":{"start":{"line":25,"column":6},"end":{"line":27,"column":null}},"9":{"start":{"line":30,"column":4},"end":{"line":30,"column":null}},"10":{"start":{"line":31,"column":4},"end":{"line":31,"column":null}},"11":{"start":{"line":33,"column":4},"end":{"line":35,"column":null}}},"fnMap":{"0":{"name":"authenticate","decl":{"start":{"line":5,"column":22},"end":{"line":5,"column":null}},"loc":{"start":{"line":9,"column":28},"end":{"line":37,"column":null}},"line":9}},"branchMap":{"0":{"loc":{"start":{"line":12,"column":2},"end":{"line":16,"column":null}},"type":"if","locations":[{"start":{"line":12,"column":2},"end":{"line":16,"column":null}},{"start":{},"end":{}}],"line":12},"1":{"loc":{"start":{"line":12,"column":6},"end":{"line":12,"column":56}},"type":"binary-expr","locations":[{"start":{"line":12,"column":6},"end":{"line":12,"column":21}},{"start":{"line":12,"column":21},"end":{"line":12,"column":56}}],"line":12},"2":{"loc":{"start":{"line":24,"column":4},"end":{"line":28,"column":null}},"type":"if","locations":[{"start":{"line":24,"column":4},"end":{"line":28,"column":null}},{"start":{},"end":{}}],"line":24}},"s":{"0":5,"1":5,"2":2,"3":3,"4":3,"5":3,"6":3,"7":2,"8":1,"9":1,"10":1,"11":1},"f":{"0":5},"b":{"0":[2,3],"1":[5,4],"2":[1,1]},"meta":{"lastBranch":3,"lastFunction":1,"lastStatement":12,"seen":{"f:5:22:5:Infinity":0,"s:10:21:10:Infinity":0,"b:12:2:16:Infinity:undefined:undefined:undefined:undefined":0,"s:12:2:16:Infinity":1,"b:12:6:12:21:12:21:12:56":1,"s:13:4:15:Infinity":2,"s:18:16:18:Infinity":3,"s:20:2:36:Infinity":4,"s:21:20:21:Infinity":5,"s:23:17:23:Infinity":6,"b:24:4:28:Infinity:undefined:undefined:undefined:undefined":2,"s:24:4:28:Infinity":7,"s:25:6:27:Infinity":8,"s:30:4:30:Infinity":9,"s:31:4:31:Infinity":10,"s:33:4:35:Infinity":11},"fnNames":{}}}
,"C:\\Users\\alyad\\Desktop\\task_tracker\\backend\\src\\middleware\\errorHandler.ts": {"path":"C:\\Users\\alyad\\Desktop\\task_tracker\\backend\\src\\middleware\\errorHandler.ts","statementMap":{"0":{"start":{"line":15,"column":13},"end":{"line":73,"column":null}},"1":{"start":{"line":21,"column":19},"end":{"line":21,"column":null}},"2":{"start":{"line":22,"column":18},"end":{"line":22,"column":null}},"3":{"start":{"line":24,"column":4},"end":{"line":24,"column":null}},"4":{"start":{"line":26,"column":2},"end":{"line":51,"column":null}},"5":{"start":{"line":30,"column":4},"end":{"line":30,"column":null}},"6":{"start":{"line":31,"column":4},"end":{"line":31,"column":null}},"7":{"start":{"line":32,"column":4},"end":{"line":34,"column":null}},"8":{"start":{"line":33,"column":35},"end":{"line":33,"column":44}},"9":{"start":{"line":35,"column":9},"end":{"line":51,"column":null}},"10":{"start":{"line":39,"column":4},"end":{"line":39,"column":null}},"11":{"start":{"line":40,"column":4},"end":{"line":40,"column":null}},"12":{"start":{"line":41,"column":4},"end":{"line":43,"column":null}},"13":{"start":{"line":42,"column":35},"end":{"line":42,"column":44}},"14":{"start":{"line":44,"column":9},"end":{"line":51,"column":null}},"15":{"start":{"line":48,"column":4},"end":{"line":48,"column":null}},"16":{"start":{"line":49,"column":4},"end":{"line":49,"column":null}},"17":{"start":{"line":50,"column":4},"end":{"line":50,"column":null}},"18":{"start":{"line":53,"column":2},"end":{"line":59,"column":null}},"19":{"start":{"line":61,"column":8},"end":{"line":61,"column":null}},"20":{"start":{"line":63,"column":2},"end":{"line":66,"column":null}},"21":{"start":{"line":64,"column":4},"end":{"line":64,"column":null}},"22":{"start":{"line":65,"column":4},"end":{"line":65,"column":null}},"23":{"start":{"line":68,"column":2},"end":{"line":72,"column":null}}},"fnMap":{"0":{"name":"(anonymous_0)","decl":{"start":{"line":15,"column":13},"end":{"line":15,"column":null}},"loc":{"start":{"line":20,"column":11},"end":{"line":73,"column":null}},"line":20},"1":{"name":"(anonymous_1)","decl":{"start":{"line":33,"column":19},"end":{"line":33,"column":24}},"loc":{"start":{"line":33,"column":35},"end":{"line":33,"column":44}},"line":33},"2":{"name":"(anonymous_2)","decl":{"start":{"line":42,"column":19},"end":{"line":42,"column":24}},"loc":{"start":{"line":42,"column":35},"end":{"line":42,"column":44}},"line":42}},"branchMap":{"0":{"loc":{"start":{"line":21,"column":19},"end":{"line":21,"column":null}},"type":"binary-expr","locations":[{"start":{"line":21,"column":19},"end":{"line":21,"column":33}},{"start":{"line":21,"column":33},"end":{"line":21,"column":51}},{"start":{"line":21,"column":51},"end":{"line":21,"column":null}}],"line":21},"1":{"loc":{"start":{"line":22,"column":18},"end":{"line":22,"column":null}},"type":"binary-expr","locations":[{"start":{"line":22,"column":18},"end":{"line":22,"column":30}},{"start":{"line":22,"column":30},"end":{"line":22,"column":null}}],"line":22},"2":{"loc":{"start":{"line":24,"column":4},"end":{"line":24,"column":null}},"type":"binary-expr","locations":[{"start":{"line":24,"column":4},"end":{"line":24,"column":19}},{"start":{"line":24,"column":19},"end":{"line":24,"column":null}}],"line":24},"3":{"loc":{"start":{"line":26,"column":2},"end":{"line":51,"column":null}},"type":"if","locations":[{"start":{"line":26,"column":2},"end":{"line":51,"column":null}},{"start":{"line":35,"column":9},"end":{"line":51,"column":null}}],"line":26},"4":{"loc":{"start":{"line":27,"column":4},"end":{"line":28,"column":null}},"type":"binary-expr","locations":[{"start":{"line":27,"column":4},"end":{"line":27,"column":null}},{"start":{"line":28,"column":4},"end":{"line":28,"column":null}}],"line":27},"5":{"loc":{"start":{"line":32,"column":14},"end":{"line":34,"column":null}},"type":"cond-expr","locations":[{"start":{"line":33,"column":8},"end":{"line":33,"column":null}},{"start":{"line":34,"column":8},"end":{"line":34,"column":null}}],"line":32},"6":{"loc":{"start":{"line":35,"column":9},"end":{"line":51,"column":null}},"type":"if","locations":[{"start":{"line":35,"column":9},"end":{"line":51,"column":null}},{"start":{"line":44,"column":9},"end":{"line":51,"column":null}}],"line":35},"7":{"loc":{"start":{"line":36,"column":4},"end":{"line":37,"column":null}},"type":"binary-expr","locations":[{"start":{"line":36,"column":4},"end":{"line":36,"column":null}},{"start":{"line":37,"column":4},"end":{"line":37,"column":null}}],"line":36},"8":{"loc":{"start":{"line":41,"column":14},"end":{"line":43,"column":null}},"type":"cond-expr","locations":[{"start":{"line":42,"column":8},"end":{"line":42,"column":null}},{"start":{"line":43,"column":8},"end":{"line":43,"column":null}}],"line":41},"9":{"loc":{"start":{"line":44,"column":9},"end":{"line":51,"column":null}},"type":"if","locations":[{"start":{"line":44,"column":9},"end":{"line":51,"column":null}},{"start":{},"end":{}}],"line":44},"10":{"loc":{"start":{"line":45,"column":4},"end":{"line":46,"column":null}},"type":"binary-expr","locations":[{"start":{"line":45,"column":4},"end":{"line":45,"column":null}},{"start":{"line":46,"column":4},"end":{"line":46,"column":null}}],"line":45},"11":{"loc":{"start":{"line":54,"column":13},"end":{"line":54,"column":null}},"type":"cond-expr","locations":[{"start":{"line":54,"column":38},"end":{"line":54,"column":59}},{"start":{"line":54,"column":59},"end":{"line":54,"column":null}}],"line":54},"12":{"loc":{"start":{"line":63,"column":2},"end":{"line":66,"column":null}},"type":"if","locations":[{"start":{"line":63,"column":2},"end":{"line":66,"column":null}},{"start":{},"end":{}}],"line":63},"13":{"loc":{"start":{"line":63,"column":6},"end":{"line":63,"column":42}},"type":"binary-expr","locations":[{"start":{"line":63,"column":6},"end":{"line":63,"column":28}},{"start":{"line":63,"column":28},"end":{"line":63,"column":42}}],"line":63},"14":{"loc":{"start":{"line":71,"column":8},"end":{"line":71,"column":null}},"type":"binary-expr","locations":[{"start":{"line":71,"column":8},"end":{"line":71,"column":25}},{"start":{"line":71,"column":25},"end":{"line":71,"column":null}}],"line":71}},"s":{"0":1,"1":5,"2":5,"3":5,"4":5,"5":2,"6":2,"7":2,"8":2,"9":3,"10":0,"11":0,"12":0,"13":0,"14":3,"15":1,"16":1,"17":1,"18":5,"19":5,"20":5,"21":1,"22":1,"23":5},"f":{"0":5,"1":2,"2":0},"b":{"0":[5,3,3],"1":[5,0],"2":[5,0],"3":[2,3],"4":[5,3],"5":[2,0],"6":[0,3],"7":[3,3],"8":[0,0],"9":[1,2],"10":[3,2],"11":[2,3],"12":[1,4],"13":[5,1],"14":[5,4]},"meta":{"lastBranch":15,"lastFunction":3,"lastStatement":24,"seen":{"s:15:13:73:Infinity":0,"f:15:13:15:Infinity":0,"s:21:19:21:Infinity":1,"b:21:19:21:33:21:33:21:51:21:51:21:Infinity":0,"s:22:18:22:Infinity":2,"b:22:18:22:30:22:30:22:Infinity":1,"s:24:4:24:Infinity":3,"b:24:4:24:19:24:19:24:Infinity":2,"b:26:2:51:Infinity:35:9:51:Infinity":3,"s:26:2:51:Infinity":4,"b:27:4:27:Infinity:28:4:28:Infinity":4,"s:30:4:30:Infinity":5,"s:31:4:31:Infinity":6,"s:32:4:34:Infinity":7,"b:33:8:33:Infinity:34:8:34:Infinity":5,"f:33:19:33:24":1,"s:33:35:33:44":8,"b:35:9:51:Infinity:44:9:51:Infinity":6,"s:35:9:51:Infinity":9,"b:36:4:36:Infinity:37:4:37:Infinity":7,"s:39:4:39:Infinity":10,"s:40:4:40:Infinity":11,"s:41:4:43:Infinity":12,"b:42:8:42:Infinity:43:8:43:Infinity":8,"f:42:19:42:24":2,"s:42:35:42:44":13,"b:44:9:51:Infinity:undefined:undefined:undefined:undefined":9,"s:44:9:51:Infinity":14,"b:45:4:45:Infinity:46:4:46:Infinity":10,"s:48:4:48:Infinity":15,"s:49:4:49:Infinity":16,"s:50:4:50:Infinity":17,"s:53:2:59:Infinity":18,"b:54:38:54:59:54:59:54:Infinity":11,"s:61:8:61:Infinity":19,"b:63:2:66:Infinity:undefined:undefined:undefined:undefined":12,"s:63:2:66:Infinity":20,"b:63:6:63:28:63:28:63:42":13,"s:64:4:64:Infinity":21,"s:65:4:65:Infinity":22,"s:68:2:72:Infinity":23,"b:71:8:71:25:71:25:71:Infinity":14},"fnNames":{}}}
,"C:\\Users\\alyad\\Desktop\\task_tracker\\backend\\src\\middleware\\httpLogger.ts": {"path":"C:\\Users\\alyad\\Desktop\\task_tracker\\backend\\src\\middleware\\httpLogger.ts","statementMap":{"0":{"start":{"line":4,"column":37},"end":{"line":8,"column":null}},"1":{"start":{"line":6,"column":4},"end":{"line":6,"column":null}},"2":{"start":{"line":10,"column":26},"end":{"line":10,"column":null}}},"fnMap":{"0":{"name":"(anonymous_0)","decl":{"start":{"line":5,"column":2},"end":{"line":5,"column":10}},"loc":{"start":{"line":5,"column":30},"end":{"line":7,"column":null}},"line":5}},"branchMap":{},"s":{"0":1,"1":1,"2":1},"f":{"0":1},"b":{},"meta":{"lastBranch":0,"lastFunction":1,"lastStatement":3,"seen":{"s:4:37:8:Infinity":0,"f:5:2:5:10":0,"s:6:4:6:Infinity":1,"s:10:26:10:Infinity":2},"fnNames":{}}}
,"C:\\Users\\alyad\\Desktop\\task_tracker\\backend\\src\\services\\taskHistory.ts": {"path":"C:\\Users\\alyad\\Desktop\\task_tracker\\backend\\src\\services\\taskHistory.ts","statementMap":{"0":{"start":{"line":4,"column":2},"end":{"line":4,"column":null}},"1":{"start":{"line":4,"column":45},"end":{"line":4,"column":null}},"2":{"start":{"line":5,"column":2},"end":{"line":5,"column":null}},"3":{"start":{"line":5,"column":29},"end":{"line":5,"column":null}},"4":{"start":{"line":6,"column":2},"end":{"line":6,"column":null}},"5":{"start":{"line":10,"column":2},"end":{"line":10,"column":null}},"6":{"start":{"line":10,"column":13},"end":{"line":10,"column":null}},"7":{"start":{"line":11,"column":2},"end":{"line":11,"column":null}},"8":{"start":{"line":11,"column":28},"end":{"line":11,"column":null}},"9":{"start":{"line":12,"column":17},"end":{"line":12,"column":null}},"10":{"start":{"line":13,"column":2},"end":{"line":15,"column":null}},"11":{"start":{"line":14,"column":4},"end":{"line":14,"column":null}},"12":{"start":{"line":16,"column":2},"end":{"line":16,"column":null}},"13":{"start":{"line":46,"column":2},"end":{"line":53,"column":null}},"14":{"start":{"line":60,"column":2},"end":{"line":64,"column":null}},"15":{"start":{"line":73,"column":40},"end":{"line":73,"column":null}},"16":{"start":{"line":74,"column":2},"end":{"line":108,"column":null}},"17":{"start":{"line":81,"column":19},"end":{"line":81,"column":null}},"18":{"start":{"line":82,"column":19},"end":{"line":82,"column":null}},"19":{"start":{"line":84,"column":4},"end":{"line":95,"column":null}},"20":{"start":{"line":85,"column":6},"end":{"line":94,"column":null}},"21":{"start":{"line":96,"column":4},"end":{"line":107,"column":null}},"22":{"start":{"line":97,"column":6},"end":{"line":106,"column":null}},"23":{"start":{"line":109,"column":2},"end":{"line":109,"column":null}},"24":{"start":{"line":116,"column":2},"end":{"line":120,"column":null}},"25":{"start":{"line":128,"column":15},"end":{"line":128,"column":null}},"26":{"start":{"line":129,"column":2},"end":{"line":134,"column":null}},"27":{"start":{"line":143,"column":40},"end":{"line":143,"column":null}},"28":{"start":{"line":144,"column":2},"end":{"line":155,"column":null}},"29":{"start":{"line":145,"column":4},"end":{"line":154,"column":null}},"30":{"start":{"line":156,"column":2},"end":{"line":167,"column":null}},"31":{"start":{"line":157,"column":4},"end":{"line":166,"column":null}},"32":{"start":{"line":168,"column":2},"end":{"line":185,"column":null}},"33":{"start":{"line":171,"column":4},"end":{"line":184,"column":null}},"34":{"start":{"line":186,"column":2},"end":{"line":186,"column":null}},"35":{"start":{"line":194,"column":2},"end":{"line":199,"column":null}}},"fnMap":{"0":{"name":"toComparable","decl":{"start":{"line":3,"column":9},"end":{"line":3,"column":22}},"loc":{"start":{"line":3,"column":49},"end":{"line":7,"column":null}},"line":3},"1":{"name":"formatDate","decl":{"start":{"line":9,"column":9},"end":{"line":9,"column":20}},"loc":{"start":{"line":9,"column":39},"end":{"line":17,"column":null}},"line":9},"2":{"name":"logTaskHistory","decl":{"start":{"line":43,"column":15},"end":{"line":43,"column":null}},"loc":{"start":{"line":45,"column":24},"end":{"line":54,"column":null}},"line":45},"3":{"name":"recordTaskCreated","decl":{"start":{"line":56,"column":22},"end":{"line":56,"column":null}},"loc":{"start":{"line":59,"column":24},"end":{"line":65,"column":null}},"line":59},"4":{"name":"recordTaskUpdated","decl":{"start":{"line":67,"column":22},"end":{"line":67,"column":null}},"loc":{"start":{"line":72,"column":38},"end":{"line":110,"column":null}},"line":72},"5":{"name":"recordTaskDeleted","decl":{"start":{"line":112,"column":22},"end":{"line":112,"column":null}},"loc":{"start":{"line":115,"column":24},"end":{"line":121,"column":null}},"line":115},"6":{"name":"recordTimeEntryCreated","decl":{"start":{"line":123,"column":22},"end":{"line":123,"column":null}},"loc":{"start":{"line":127,"column":2},"end":{"line":135,"column":null}},"line":127},"7":{"name":"recordTimeEntryUpdated","decl":{"start":{"line":137,"column":22},"end":{"line":137,"column":null}},"loc":{"start":{"line":142,"column":38},"end":{"line":187,"column":null}},"line":142},"8":{"name":"recordTimeEntryDeleted","decl":{"start":{"line":189,"column":22},"end":{"line":189,"column":null}},"loc":{"start":{"line":193,"column":2},"end":{"line":200,"column":null}},"line":193}},"branchMap":{"0":{"loc":{"start":{"line":4,"column":2},"end":{"line":4,"column":null}},"type":"if","locations":[{"start":{"line":4,"column":2},"end":{"line":4,"column":null}},{"start":{},"end":{}}],"line":4},"1":{"loc":{"start":{"line":4,"column":6},"end":{"line":4,"column":45}},"type":"binary-expr","locations":[{"start":{"line":4,"column":6},"end":{"line":4,"column":24}},{"start":{"line":4,"column":24},"end":{"line":4,"column":45}}],"line":4},"2":{"loc":{"start":{"line":5,"column":2},"end":{"line":5,"column":null}},"type":"if","locations":[{"start":{"line":5,"column":2},"end":{"line":5,"column":null}},{"start":{},"end":{}}],"line":5},"3":{"loc":{"start":{"line":10,"column":2},"end":{"line":10,"column":null}},"type":"if","locations":[{"start":{"line":10,"column":2},"end":{"line":10,"column":null}},{"start":{},"end":{}}],"line":10},"4":{"loc":{"start":{"line":11,"column":2},"end":{"line":11,"column":null}},"type":"if","locations":[{"start":{"line":11,"column":2},"end":{"line":11,"column":null}},{"start":{},"end":{}}],"line":11},"5":{"loc":{"start":{"line":13,"column":2},"end":{"line":15,"column":null}},"type":"if","locations":[{"start":{"line":13,"column":2},"end":{"line":15,"column":null}},{"start":{},"end":{}}],"line":13},"6":{"loc":{"start":{"line":84,"column":4},"end":{"line":95,"column":null}},"type":"if","locations":[{"start":{"line":84,"column":4},"end":{"line":95,"column":null}},{"start":{},"end":{}}],"line":84},"7":{"loc":{"start":{"line":91,"column":20},"end":{"line":91,"column":null}},"type":"cond-expr","locations":[{"start":{"line":91,"column":45},"end":{"line":91,"column":66}},{"start":{"line":91,"column":66},"end":{"line":91,"column":null}}],"line":91},"8":{"loc":{"start":{"line":92,"column":20},"end":{"line":92,"column":null}},"type":"cond-expr","locations":[{"start":{"line":92,"column":45},"end":{"line":92,"column":66}},{"start":{"line":92,"column":66},"end":{"line":92,"column":null}}],"line":92},"9":{"loc":{"start":{"line":96,"column":4},"end":{"line":107,"column":null}},"type":"if","locations":[{"start":{"line":96,"column":4},"end":{"line":107,"column":null}},{"start":{},"end":{}}],"line":96},"10":{"loc":{"start":{"line":128,"column":15},"end":{"line":128,"column":null}},"type":"cond-expr","locations":[{"start":{"line":128,"column":39},"end":{"line":128,"column":73}},{"start":{"line":128,"column":73},"end":{"line":128,"column":null}}],"line":128},"11":{"loc":{"start":{"line":144,"column":2},"end":{"line":155,"column":null}},"type":"if","locations":[{"start":{"line":144,"column":2},"end":{"line":155,"column":null}},{"start":{},"end":{}}],"line":144},"12":{"loc":{"start":{"line":156,"column":2},"end":{"line":167,"column":null}},"type":"if","locations":[{"start":{"line":156,"column":2},"end":{"line":167,"column":null}},{"start":{},"end":{}}],"line":156},"13":{"loc":{"start":{"line":168,"column":2},"end":{"line":185,"column":null}},"type":"if","locations":[{"start":{"line":168,"column":2},"end":{"line":185,"column":null}},{"start":{},"end":{}}],"line":168},"14":{"loc":{"start":{"line":177,"column":18},"end":{"line":179,"column":null}},"type":"cond-expr","locations":[{"start":{"line":178,"column":12},"end":{"line":178,"column":null}},{"start":{"line":179,"column":12},"end":{"line":179,"column":null}}],"line":177},"15":{"loc":{"start":{"line":180,"column":18},"end":{"line":182,"column":null}},"type":"cond-expr","locations":[{"start":{"line":181,"column":12},"end":{"line":181,"column":null}},{"start":{"line":182,"column":12},"end":{"line":182,"column":null}}],"line":180},"16":{"loc":{"start":{"line":198,"column":14},"end":{"line":198,"column":null}},"type":"cond-expr","locations":[{"start":{"line":198,"column":38},"end":{"line":198,"column":72}},{"start":{"line":198,"column":72},"end":{"line":198,"column":null}}],"line":198}},"s":{"0":136,"1":41,"2":95,"3":4,"4":91,"5":4,"6":0,"7":4,"8":4,"9":0,"10":0,"11":0,"12":0,"13":22,"14":1,"15":4,"16":4,"17":20,"18":20,"19":20,"20":8,"21":20,"22":5,"23":4,"24":1,"25":2,"26":2,"27":2,"28":2,"29":1,"30":2,"31":1,"32":2,"33":1,"34":2,"35":2},"f":{"0":136,"1":4,"2":22,"3":1,"4":4,"5":1,"6":2,"7":2,"8":2},"b":{"0":[41,95],"1":[136,131],"2":[4,91],"3":[0,4],"4":[4,0],"5":[0,0],"6":[8,12],"7":[1,7],"8":[1,7],"9":[5,15],"10":[1,1],"11":[1,1],"12":[1,1],"13":[1,1],"14":[1,0],"15":[1,0],"16":[1,1]},"meta":{"lastBranch":17,"lastFunction":9,"lastStatement":36,"seen":{"f:3:9:3:22":0,"b:4:2:4:Infinity:undefined:undefined:undefined:undefined":0,"s:4:2:4:Infinity":0,"b:4:6:4:24:4:24:4:45":1,"s:4:45:4:Infinity":1,"b:5:2:5:Infinity:undefined:undefined:undefined:undefined":2,"s:5:2:5:Infinity":2,"s:5:29:5:Infinity":3,"s:6:2:6:Infinity":4,"f:9:9:9:20":1,"b:10:2:10:Infinity:undefined:undefined:undefined:undefined":3,"s:10:2:10:Infinity":5,"s:10:13:10:Infinity":6,"b:11:2:11:Infinity:undefined:undefined:undefined:undefined":4,"s:11:2:11:Infinity":7,"s:11:28:11:Infinity":8,"s:12:17:12:Infinity":9,"b:13:2:15:Infinity:undefined:undefined:undefined:undefined":5,"s:13:2:15:Infinity":10,"s:14:4:14:Infinity":11,"s:16:2:16:Infinity":12,"f:43:15:43:Infinity":2,"s:46:2:53:Infinity":13,"f:56:22:56:Infinity":3,"s:60:2:64:Infinity":14,"f:67:22:67:Infinity":4,"s:73:40:73:Infinity":15,"s:74:2:108:Infinity":16,"s:81:19:81:Infinity":17,"s:82:19:82:Infinity":18,"b:84:4:95:Infinity:undefined:undefined:undefined:undefined":6,"s:84:4:95:Infinity":19,"s:85:6:94:Infinity":20,"b:91:45:91:66:91:66:91:Infinity":7,"b:92:45:92:66:92:66:92:Infinity":8,"b:96:4:107:Infinity:undefined:undefined:undefined:undefined":9,"s:96:4:107:Infinity":21,"s:97:6:106:Infinity":22,"s:109:2:109:Infinity":23,"f:112:22:112:Infinity":5,"s:116:2:120:Infinity":24,"f:123:22:123:Infinity":6,"s:128:15:128:Infinity":25,"b:128:39:128:73:128:73:128:Infinity":10,"s:129:2:134:Infinity":26,"f:137:22:137:Infinity":7,"s:143:40:143:Infinity":27,"b:144:2:155:Infinity:undefined:undefined:undefined:undefined":11,"s:144:2:155:Infinity":28,"s:145:4:154:Infinity":29,"b:156:2:167:Infinity:undefined:undefined:undefined:undefined":12,"s:156:2:167:Infinity":30,"s:157:4:166:Infinity":31,"b:168:2:185:Infinity:undefined:undefined:undefined:undefined":13,"s:168:2:185:Infinity":32,"s:171:4:184:Infinity":33,"b:178:12:178:Infinity:179:12:179:Infinity":14,"b:181:12:181:Infinity:182:12:182:Infinity":15,"s:186:2:186:Infinity":34,"f:189:22:189:Infinity":8,"s:194:2:199:Infinity":35,"b:198:38:198:72:198:72:198:Infinity":16},"fnNames":{}}}
,"C:\\Users\\alyad\\Desktop\\task_tracker\\backend\\src\\utils\\jwt.ts": {"path":"C:\\Users\\alyad\\Desktop\\task_tracker\\backend\\src\\utils\\jwt.ts","statementMap":{"0":{"start":{"line":3,"column":19},"end":{"line":3,"column":null}},"1":{"start":{"line":4,"column":24},"end":{"line":5,"column":null}},"2":{"start":{"line":12,"column":13},"end":{"line":16,"column":null}},"3":{"start":{"line":13,"column":2},"end":{"line":15,"column":null}},"4":{"start":{"line":18,"column":13},"end":{"line":20,"column":null}},"5":{"start":{"line":19,"column":2},"end":{"line":19,"column":null}}},"fnMap":{"0":{"name":"(anonymous_0)","decl":{"start":{"line":12,"column":13},"end":{"line":12,"column":30}},"loc":{"start":{"line":12,"column":62},"end":{"line":16,"column":null}},"line":12},"1":{"name":"(anonymous_1)","decl":{"start":{"line":18,"column":13},"end":{"line":18,"column":28}},"loc":{"start":{"line":18,"column":58},"end":{"line":20,"column":null}},"line":18}},"branchMap":{"0":{"loc":{"start":{"line":3,"column":19},"end":{"line":3,"column":null}},"type":"binary-expr","locations":[{"start":{"line":3,"column":19},"end":{"line":3,"column":45}},{"start":{"line":3,"column":45},"end":{"line":3,"column":null}}],"line":3},"1":{"loc":{"start":{"line":4,"column":24},"end":{"line":5,"column":null}},"type":"binary-expr","locations":[{"start":{"line":4,"column":24},"end":{"line":4,"column":null}},{"start":{"line":5,"column":2},"end":{"line":5,"column":null}}],"line":4}},"s":{"0":2,"1":2,"2":2,"3":1,"4":2,"5":1},"f":{"0":1,"1":1},"b":{"0":[2,2],"1":[2,2]},"meta":{"lastBranch":2,"lastFunction":2,"lastStatement":6,"seen":{"s:3:19:3:Infinity":0,"b:3:19:3:45:3:45:3:Infinity":0,"s:4:24:5:Infinity":1,"b:4:24:4:Infinity:5:2:5:Infinity":1,"s:12:13:16:Infinity":2,"f:12:13:12:30":0,"s:13:2:15:Infinity":3,"s:18:13:20:Infinity":4,"f:18:13:18:28":1,"s:19:2:19:Infinity":5},"fnNames":{}}}
}
