{"C:\\Users\\alyad\\Desktop\\task_tracker\\backend\\src\\controllers\\authController.ts": {"path":"C:\\Users\\alyad\\Desktop\\task_tracker\\backend\\src\\controllers\\authController.ts","statementMap":{"0":{"start":{"line":8,"column":2},"end":{"line":16,"column":null}},"1":{"start":{"line":9,"column":19},"end":{"line":9,"column":null}},"2":{"start":{"line":10,"column":4},"end":{"line":10,"column":null}},"3":{"start":{"line":12,"column":4},"end":{"line":14,"column":null}},"4":{"start":{"line":13,"column":6},"end":{"line":13,"column":null}},"5":{"start":{"line":15,"column":4},"end":{"line":15,"column":null}},"6":{"start":{"line":23,"column":2},"end":{"line":31,"column":null}},"7":{"start":{"line":24,"column":19},"end":{"line":24,"column":null}},"8":{"start":{"line":25,"column":4},"end":{"line":25,"column":null}},"9":{"start":{"line":27,"column":4},"end":{"line":29,"column":null}},"10":{"start":{"line":28,"column":6},"end":{"line":28,"column":null}},"11":{"start":{"line":30,"column":4},"end":{"line":30,"column":null}},"12":{"start":{"line":38,"column":2},"end":{"line":46,"column":null}},"13":{"start":{"line":39,"column":19},"end":{"line":39,"column":null}},"14":{"start":{"line":40,"column":4},"end":{"line":40,"column":null}},"15":{"start":{"line":42,"column":4},"end":{"line":44,"column":null}},"16":{"start":{"line":43,"column":6},"end":{"line":43,"column":null}},"17":{"start":{"line":45,"column":4},"end":{"line":45,"column":null}},"18":{"start":{"line":54,"column":2},"end":{"line":63,"column":null}},"19":{"start":{"line":55,"column":32},"end":{"line":55,"column":null}},"20":{"start":{"line":56,"column":18},"end":{"line":56,"column":null}},"21":{"start":{"line":57,"column":4},"end":{"line":57,"column":null}},"22":{"start":{"line":59,"column":4},"end":{"line":61,"column":null}},"23":{"start":{"line":60,"column":6},"end":{"line":60,"column":null}},"24":{"start":{"line":62,"column":4},"end":{"line":62,"column":null}},"25":{"start":{"line":71,"column":2},"end":{"line":88,"column":null}},"26":{"start":{"line":72,"column":19},"end":{"line":72,"column":null}},"27":{"start":{"line":74,"column":4},"end":{"line":82,"column":null}},"28":{"start":{"line":84,"column":4},"end":{"line":86,"column":null}},"29":{"start":{"line":85,"column":6},"end":{"line":85,"column":null}},"30":{"start":{"line":87,"column":4},"end":{"line":87,"column":null}},"31":{"start":{"line":95,"column":2},"end":{"line":108,"column":null}},"32":{"start":{"line":96,"column":19},"end":{"line":101,"column":null}},"33":{"start":{"line":102,"column":4},"end":{"line":102,"column":null}},"34":{"start":{"line":104,"column":4},"end":{"line":106,"column":null}},"35":{"start":{"line":105,"column":6},"end":{"line":105,"column":null}},"36":{"start":{"line":107,"column":4},"end":{"line":107,"column":null}},"37":{"start":{"line":116,"column":2},"end":{"line":129,"column":null}},"38":{"start":{"line":117,"column":4},"end":{"line":121,"column":null}},"39":{"start":{"line":118,"column":6},"end":{"line":120,"column":null}},"40":{"start":{"line":122,"column":17},"end":{"line":122,"column":null}},"41":{"start":{"line":123,"column":4},"end":{"line":123,"column":null}},"42":{"start":{"line":125,"column":4},"end":{"line":127,"column":null}},"43":{"start":{"line":126,"column":6},"end":{"line":126,"column":null}},"44":{"start":{"line":128,"column":4},"end":{"line":128,"column":null}},"45":{"start":{"line":132,"column":2},"end":{"line":132,"column":null}},"46":{"start":{"line":140,"column":2},"end":{"line":152,"column":null}},"47":{"start":{"line":141,"column":22},"end":{"line":141,"column":null}},"48":{"start":{"line":142,"column":4},"end":{"line":144,"column":null}},"49":{"start":{"line":143,"column":6},"end":{"line":143,"column":null}},"50":{"start":{"line":145,"column":19},"end":{"line":145,"column":null}},"51":{"start":{"line":146,"column":4},"end":{"line":146,"column":null}},"52":{"start":{"line":148,"column":4},"end":{"line":150,"column":null}},"53":{"start":{"line":149,"column":6},"end":{"line":149,"column":null}},"54":{"start":{"line":151,"column":4},"end":{"line":151,"column":null}},"55":{"start":{"line":159,"column":2},"end":{"line":179,"column":null}},"56":{"start":{"line":160,"column":52},"end":{"line":160,"column":null}},"57":{"start":{"line":162,"column":4},"end":{"line":166,"column":null}},"58":{"start":{"line":163,"column":6},"end":{"line":165,"column":null}},"59":{"start":{"line":167,"column":19},"end":{"line":172,"column":null}},"60":{"start":{"line":173,"column":4},"end":{"line":173,"column":null}},"61":{"start":{"line":175,"column":4},"end":{"line":177,"column":null}},"62":{"start":{"line":176,"column":6},"end":{"line":176,"column":null}},"63":{"start":{"line":178,"column":4},"end":{"line":178,"column":null}}},"fnMap":{"0":{"name":"register","decl":{"start":{"line":3,"column":15},"end":{"line":3,"column":null}},"loc":{"start":{"line":7,"column":28},"end":{"line":17,"column":null}},"line":7},"1":{"name":"verifyOtp","decl":{"start":{"line":18,"column":15},"end":{"line":18,"column":null}},"loc":{"start":{"line":22,"column":28},"end":{"line":32,"column":null}},"line":22},"2":{"name":"resendVerificationEmail","decl":{"start":{"line":33,"column":15},"end":{"line":33,"column":null}},"loc":{"start":{"line":37,"column":28},"end":{"line":47,"column":null}},"line":37},"3":{"name":"login","decl":{"start":{"line":49,"column":15},"end":{"line":49,"column":null}},"loc":{"start":{"line":53,"column":28},"end":{"line":64,"column":null}},"line":53},"4":{"name":"update","decl":{"start":{"line":66,"column":15},"end":{"line":66,"column":null}},"loc":{"start":{"line":70,"column":28},"end":{"line":89,"column":null}},"line":70},"5":{"name":"verifyUpdatedEmailOtp","decl":{"start":{"line":90,"column":15},"end":{"line":90,"column":null}},"loc":{"start":{"line":94,"column":28},"end":{"line":109,"column":null}},"line":94},"6":{"name":"me","decl":{"start":{"line":111,"column":15},"end":{"line":111,"column":null}},"loc":{"start":{"line":115,"column":28},"end":{"line":130,"column":null}},"line":115},"7":{"name":"logout","decl":{"start":{"line":131,"column":15},"end":{"line":131,"column":22}},"loc":{"start":{"line":131,"column":67},"end":{"line":133,"column":null}},"line":131},"8":{"name":"forgotPassword","decl":{"start":{"line":135,"column":15},"end":{"line":135,"column":null}},"loc":{"start":{"line":139,"column":28},"end":{"line":153,"column":null}},"line":139},"9":{"name":"resetPassword","decl":{"start":{"line":154,"column":15},"end":{"line":154,"column":null}},"loc":{"start":{"line":158,"column":28},"end":{"line":180,"column":null}},"line":158}},"branchMap":{"0":{"loc":{"start":{"line":12,"column":4},"end":{"line":14,"column":null}},"type":"if","locations":[{"start":{"line":12,"column":4},"end":{"line":14,"column":null}},{"start":{},"end":{}}],"line":12},"1":{"loc":{"start":{"line":27,"column":4},"end":{"line":29,"column":null}},"type":"if","locations":[{"start":{"line":27,"column":4},"end":{"line":29,"column":null}},{"start":{},"end":{}}],"line":27},"2":{"loc":{"start":{"line":42,"column":4},"end":{"line":44,"column":null}},"type":"if","locations":[{"start":{"line":42,"column":4},"end":{"line":44,"column":null}},{"start":{},"end":{}}],"line":42},"3":{"loc":{"start":{"line":59,"column":4},"end":{"line":61,"column":null}},"type":"if","locations":[{"start":{"line":59,"column":4},"end":{"line":61,"column":null}},{"start":{},"end":{}}],"line":59},"4":{"loc":{"start":{"line":75,"column":18},"end":{"line":75,"column":48}},"type":"binary-expr","locations":[{"start":{"line":75,"column":18},"end":{"line":75,"column":41}},{"start":{"line":75,"column":41},"end":{"line":75,"column":48}}],"line":75},"5":{"loc":{"start":{"line":77,"column":10},"end":{"line":81,"column":null}},"type":"binary-expr","locations":[{"start":{"line":77,"column":10},"end":{"line":77,"column":46}},{"start":{"line":77,"column":46},"end":{"line":81,"column":null}}],"line":77},"6":{"loc":{"start":{"line":84,"column":4},"end":{"line":86,"column":null}},"type":"if","locations":[{"start":{"line":84,"column":4},"end":{"line":86,"column":null}},{"start":{},"end":{}}],"line":84},"7":{"loc":{"start":{"line":104,"column":4},"end":{"line":106,"column":null}},"type":"if","locations":[{"start":{"line":104,"column":4},"end":{"line":106,"column":null}},{"start":{},"end":{}}],"line":104},"8":{"loc":{"start":{"line":117,"column":4},"end":{"line":121,"column":null}},"type":"if","locations":[{"start":{"line":117,"column":4},"end":{"line":121,"column":null}},{"start":{},"end":{}}],"line":117},"9":{"loc":{"start":{"line":125,"column":4},"end":{"line":127,"column":null}},"type":"if","locations":[{"start":{"line":125,"column":4},"end":{"line":127,"column":null}},{"start":{},"end":{}}],"line":125},"10":{"loc":{"start":{"line":142,"column":4},"end":{"line":144,"column":null}},"type":"if","locations":[{"start":{"line":142,"column":4},"end":{"line":144,"column":null}},{"start":{},"end":{}}],"line":142},"11":{"loc":{"start":{"line":148,"column":4},"end":{"line":150,"column":null}},"type":"if","locations":[{"start":{"line":148,"column":4},"end":{"line":150,"column":null}},{"start":{},"end":{}}],"line":148},"12":{"loc":{"start":{"line":162,"column":4},"end":{"line":166,"column":null}},"type":"if","locations":[{"start":{"line":162,"column":4},"end":{"line":166,"column":null}},{"start":{},"end":{}}],"line":162},"13":{"loc":{"start":{"line":162,"column":8},"end":{"line":162,"column":55}},"type":"binary-expr","locations":[{"start":{"line":162,"column":8},"end":{"line":162,"column":18}},{"start":{"line":162,"column":18},"end":{"line":162,"column":26}},{"start":{"line":162,"column":26},"end":{"line":162,"column":42}},{"start":{"line":162,"column":42},"end":{"line":162,"column":55}}],"line":162},"14":{"loc":{"start":{"line":175,"column":4},"end":{"line":177,"column":null}},"type":"if","locations":[{"start":{"line":175,"column":4},"end":{"line":177,"column":null}},{"start":{},"end":{}}],"line":175}},"s":{"0":3,"1":3,"2":1,"3":2,"4":1,"5":1,"6":3,"7":3,"8":1,"9":2,"10":1,"11":1,"12":3,"13":3,"14":1,"15":2,"16":1,"17":1,"18":3,"19":3,"20":3,"21":1,"22":2,"23":1,"24":1,"25":4,"26":4,"27":2,"28":2,"29":1,"30":1,"31":3,"32":3,"33":1,"34":2,"35":1,"36":1,"37":4,"38":4,"39":1,"40":3,"41":1,"42":2,"43":1,"44":1,"45":1,"46":4,"47":4,"48":4,"49":1,"50":3,"51":1,"52":2,"53":1,"54":1,"55":4,"56":4,"57":4,"58":1,"59":3,"60":1,"61":2,"62":1,"63":1},"f":{"0":3,"1":3,"2":3,"3":3,"4":4,"5":3,"6":4,"7":1,"8":4,"9":4},"b":{"0":[1,1],"1":[1,1],"2":[1,1],"3":[1,1],"4":[2,1],"5":[4,1],"6":[1,1],"7":[1,1],"8":[1,3],"9":[1,1],"10":[1,3],"11":[1,1],"12":[1,3],"13":[4,3,3,3],"14":[1,1]},"meta":{"lastBranch":15,"lastFunction":10,"lastStatement":64,"seen":{"f:3:15:3:Infinity":0,"s:8:2:16:Infinity":0,"s:9:19:9:Infinity":1,"s:10:4:10:Infinity":2,"b:12:4:14:Infinity:undefined:undefined:undefined:undefined":0,"s:12:4:14:Infinity":3,"s:13:6:13:Infinity":4,"s:15:4:15:Infinity":5,"f:18:15:18:Infinity":1,"s:23:2:31:Infinity":6,"s:24:19:24:Infinity":7,"s:25:4:25:Infinity":8,"b:27:4:29:Infinity:undefined:undefined:undefined:undefined":1,"s:27:4:29:Infinity":9,"s:28:6:28:Infinity":10,"s:30:4:30:Infinity":11,"f:33:15:33:Infinity":2,"s:38:2:46:Infinity":12,"s:39:19:39:Infinity":13,"s:40:4:40:Infinity":14,"b:42:4:44:Infinity:undefined:undefined:undefined:undefined":2,"s:42:4:44:Infinity":15,"s:43:6:43:Infinity":16,"s:45:4:45:Infinity":17,"f:49:15:49:Infinity":3,"s:54:2:63:Infinity":18,"s:55:32:55:Infinity":19,"s:56:18:56:Infinity":20,"s:57:4:57:Infinity":21,"b:59:4:61:Infinity:undefined:undefined:undefined:undefined":3,"s:59:4:61:Infinity":22,"s:60:6:60:Infinity":23,"s:62:4:62:Infinity":24,"f:66:15:66:Infinity":4,"s:71:2:88:Infinity":25,"s:72:19:72:Infinity":26,"s:74:4:82:Infinity":27,"b:75:18:75:41:75:41:75:48":4,"b:77:10:77:46:77:46:81:Infinity":5,"b:84:4:86:Infinity:undefined:undefined:undefined:undefined":6,"s:84:4:86:Infinity":28,"s:85:6:85:Infinity":29,"s:87:4:87:Infinity":30,"f:90:15:90:Infinity":5,"s:95:2:108:Infinity":31,"s:96:19:101:Infinity":32,"s:102:4:102:Infinity":33,"b:104:4:106:Infinity:undefined:undefined:undefined:undefined":7,"s:104:4:106:Infinity":34,"s:105:6:105:Infinity":35,"s:107:4:107:Infinity":36,"f:111:15:111:Infinity":6,"s:116:2:129:Infinity":37,"b:117:4:121:Infinity:undefined:undefined:undefined:undefined":8,"s:117:4:121:Infinity":38,"s:118:6:120:Infinity":39,"s:122:17:122:Infinity":40,"s:123:4:123:Infinity":41,"b:125:4:127:Infinity:undefined:undefined:undefined:undefined":9,"s:125:4:127:Infinity":42,"s:126:6:126:Infinity":43,"s:128:4:128:Infinity":44,"f:131:15:131:22":7,"s:132:2:132:Infinity":45,"f:135:15:135:Infinity":8,"s:140:2:152:Infinity":46,"s:141:22:141:Infinity":47,"b:142:4:144:Infinity:undefined:undefined:undefined:undefined":10,"s:142:4:144:Infinity":48,"s:143:6:143:Infinity":49,"s:145:19:145:Infinity":50,"s:146:4:146:Infinity":51,"b:148:4:150:Infinity:undefined:undefined:undefined:undefined":11,"s:148:4:150:Infinity":52,"s:149:6:149:Infinity":53,"s:151:4:151:Infinity":54,"f:154:15:154:Infinity":9,"s:159:2:179:Infinity":55,"s:160:52:160:Infinity":56,"b:162:4:166:Infinity:undefined:undefined:undefined:undefined":12,"s:162:4:166:Infinity":57,"b:162:8:162:18:162:18:162:26:162:26:162:42:162:42:162:55":13,"s:163:6:165:Infinity":58,"s:167:19:172:Infinity":59,"s:173:4:173:Infinity":60,"b:175:4:177:Infinity:undefined:undefined:undefined:undefined":14,"s:175:4:177:Infinity":61,"s:176:6:176:Infinity":62,"s:178:4:178:Infinity":63},"fnNames":{}}}
,"C:\\Users\\alyad\\Desktop\\task_tracker\\backend\\src\\controllers\\projectController.ts": {"path":"C:\\Users\\alyad\\Desktop\\task_tracker\\backend\\src\\controllers\\projectController.ts","statementMap":{"0":{"start":{"line":9,"column":2},"end":{"line":28,"column":null}},"1":{"start":{"line":10,"column":28},"end":{"line":14,"column":null}},"2":{"start":{"line":15,"column":4},"end":{"line":22,"column":null}},"3":{"start":{"line":24,"column":4},"end":{"line":26,"column":null}},"4":{"start":{"line":25,"column":6},"end":{"line":25,"column":null}},"5":{"start":{"line":27,"column":4},"end":{"line":27,"column":null}},"6":{"start":{"line":35,"column":2},"end":{"line":50,"column":null}},"7":{"start":{"line":36,"column":43},"end":{"line":40,"column":null}},"8":{"start":{"line":41,"column":4},"end":{"line":44,"column":null}},"9":{"start":{"line":46,"column":4},"end":{"line":48,"column":null}},"10":{"start":{"line":47,"column":6},"end":{"line":47,"column":null}},"11":{"start":{"line":49,"column":4},"end":{"line":49,"column":null}},"12":{"start":{"line":58,"column":2},"end":{"line":66,"column":null}},"13":{"start":{"line":59,"column":4},"end":{"line":59,"column":null}},"14":{"start":{"line":60,"column":4},"end":{"line":60,"column":null}},"15":{"start":{"line":62,"column":4},"end":{"line":64,"column":null}},"16":{"start":{"line":63,"column":6},"end":{"line":63,"column":null}},"17":{"start":{"line":65,"column":4},"end":{"line":65,"column":null}}},"fnMap":{"0":{"name":"create","decl":{"start":{"line":4,"column":15},"end":{"line":4,"column":null}},"loc":{"start":{"line":8,"column":28},"end":{"line":29,"column":null}},"line":8},"1":{"name":"update","decl":{"start":{"line":30,"column":15},"end":{"line":30,"column":null}},"loc":{"start":{"line":34,"column":28},"end":{"line":51,"column":null}},"line":34},"2":{"name":"remove","decl":{"start":{"line":53,"column":15},"end":{"line":53,"column":null}},"loc":{"start":{"line":57,"column":28},"end":{"line":67,"column":null}},"line":57}},"branchMap":{"0":{"loc":{"start":{"line":24,"column":4},"end":{"line":26,"column":null}},"type":"if","locations":[{"start":{"line":24,"column":4},"end":{"line":26,"column":null}},{"start":{},"end":{}}],"line":24},"1":{"loc":{"start":{"line":42,"column":18},"end":{"line":42,"column":44}},"type":"binary-expr","locations":[{"start":{"line":42,"column":18},"end":{"line":42,"column":34}},{"start":{"line":42,"column":34},"end":{"line":42,"column":44}}],"line":42},"2":{"loc":{"start":{"line":46,"column":4},"end":{"line":48,"column":null}},"type":"if","locations":[{"start":{"line":46,"column":4},"end":{"line":48,"column":null}},{"start":{},"end":{}}],"line":46},"3":{"loc":{"start":{"line":62,"column":4},"end":{"line":64,"column":null}},"type":"if","locations":[{"start":{"line":62,"column":4},"end":{"line":64,"column":null}},{"start":{},"end":{}}],"line":62}},"s":{"0":3,"1":3,"2":1,"3":2,"4":1,"5":1,"6":4,"7":4,"8":2,"9":2,"10":1,"11":1,"12":3,"13":3,"14":1,"15":2,"16":1,"17":1},"f":{"0":3,"1":4,"2":3},"b":{"0":[1,1],"1":[2,1],"2":[1,1],"3":[1,1]},"meta":{"lastBranch":4,"lastFunction":3,"lastStatement":18,"seen":{"f:4:15:4:Infinity":0,"s:9:2:28:Infinity":0,"s:10:28:14:Infinity":1,"s:15:4:22:Infinity":2,"b:24:4:26:Infinity:undefined:undefined:undefined:undefined":0,"s:24:4:26:Infinity":3,"s:25:6:25:Infinity":4,"s:27:4:27:Infinity":5,"f:30:15:30:Infinity":1,"s:35:2:50:Infinity":6,"s:36:43:40:Infinity":7,"s:41:4:44:Infinity":8,"b:42:18:42:34:42:34:42:44":1,"b:46:4:48:Infinity:undefined:undefined:undefined:undefined":2,"s:46:4:48:Infinity":9,"s:47:6:47:Infinity":10,"s:49:4:49:Infinity":11,"f:53:15:53:Infinity":2,"s:58:2:66:Infinity":12,"s:59:4:59:Infinity":13,"s:60:4:60:Infinity":14,"b:62:4:64:Infinity:undefined:undefined:undefined:undefined":3,"s:62:4:64:Infinity":15,"s:63:6:63:Infinity":16,"s:65:4:65:Infinity":17},"fnNames":{}}}
,"C:\\Users\\alyad\\Desktop\\task_tracker\\backend\\src\\controllers\\projectMembersController.ts": {"path":"C:\\Users\\alyad\\Desktop\\task_tracker\\backend\\src\\controllers\\projectMembersController.ts","statementMap":{"0":{"start":{"line":10,"column":2},"end":{"line":19,"column":null}},"1":{"start":{"line":11,"column":22},"end":{"line":11,"column":null}},"2":{"start":{"line":12,"column":20},"end":{"line":12,"column":null}},"3":{"start":{"line":13,"column":4},"end":{"line":13,"column":null}},"4":{"start":{"line":15,"column":4},"end":{"line":17,"column":null}},"5":{"start":{"line":16,"column":6},"end":{"line":16,"column":null}},"6":{"start":{"line":18,"column":4},"end":{"line":18,"column":null}},"7":{"start":{"line":27,"column":2},"end":{"line":42,"column":null}},"8":{"start":{"line":28,"column":21},"end":{"line":28,"column":null}},"9":{"start":{"line":29,"column":30},"end":{"line":29,"column":null}},"10":{"start":{"line":30,"column":20},"end":{"line":35,"column":null}},"11":{"start":{"line":36,"column":4},"end":{"line":36,"column":null}},"12":{"start":{"line":38,"column":4},"end":{"line":40,"column":null}},"13":{"start":{"line":39,"column":6},"end":{"line":39,"column":null}},"14":{"start":{"line":41,"column":4},"end":{"line":41,"column":null}},"15":{"start":{"line":49,"column":2},"end":{"line":58,"column":null}},"16":{"start":{"line":50,"column":30},"end":{"line":50,"column":null}},"17":{"start":{"line":51,"column":4},"end":{"line":51,"column":null}},"18":{"start":{"line":52,"column":4},"end":{"line":52,"column":null}},"19":{"start":{"line":54,"column":4},"end":{"line":56,"column":null}},"20":{"start":{"line":55,"column":6},"end":{"line":55,"column":null}},"21":{"start":{"line":57,"column":4},"end":{"line":57,"column":null}},"22":{"start":{"line":65,"column":2},"end":{"line":95,"column":null}},"23":{"start":{"line":66,"column":26},"end":{"line":66,"column":null}},"24":{"start":{"line":67,"column":28},"end":{"line":67,"column":null}},"25":{"start":{"line":68,"column":36},"end":{"line":73,"column":null}},"26":{"start":{"line":74,"column":4},"end":{"line":89,"column":null}},"27":{"start":{"line":91,"column":4},"end":{"line":93,"column":null}},"28":{"start":{"line":92,"column":6},"end":{"line":92,"column":null}},"29":{"start":{"line":94,"column":4},"end":{"line":94,"column":null}},"30":{"start":{"line":102,"column":2},"end":{"line":111,"column":null}},"31":{"start":{"line":103,"column":26},"end":{"line":103,"column":null}},"32":{"start":{"line":104,"column":4},"end":{"line":104,"column":null}},"33":{"start":{"line":105,"column":4},"end":{"line":105,"column":null}},"34":{"start":{"line":107,"column":4},"end":{"line":109,"column":null}},"35":{"start":{"line":108,"column":6},"end":{"line":108,"column":null}},"36":{"start":{"line":110,"column":4},"end":{"line":110,"column":null}},"37":{"start":{"line":119,"column":2},"end":{"line":130,"column":null}},"38":{"start":{"line":120,"column":30},"end":{"line":120,"column":null}},"39":{"start":{"line":121,"column":4},"end":{"line":121,"column":null}},"40":{"start":{"line":122,"column":4},"end":{"line":124,"column":null}},"41":{"start":{"line":126,"column":4},"end":{"line":128,"column":null}},"42":{"start":{"line":127,"column":6},"end":{"line":127,"column":null}},"43":{"start":{"line":129,"column":4},"end":{"line":129,"column":null}},"44":{"start":{"line":137,"column":2},"end":{"line":151,"column":null}},"45":{"start":{"line":138,"column":23},"end":{"line":141,"column":null}},"46":{"start":{"line":142,"column":4},"end":{"line":145,"column":null}},"47":{"start":{"line":147,"column":4},"end":{"line":149,"column":null}},"48":{"start":{"line":148,"column":6},"end":{"line":148,"column":null}},"49":{"start":{"line":150,"column":4},"end":{"line":150,"column":null}},"50":{"start":{"line":159,"column":2},"end":{"line":172,"column":null}},"51":{"start":{"line":160,"column":4},"end":{"line":163,"column":null}},"52":{"start":{"line":164,"column":4},"end":{"line":166,"column":null}},"53":{"start":{"line":168,"column":4},"end":{"line":170,"column":null}},"54":{"start":{"line":169,"column":6},"end":{"line":169,"column":null}},"55":{"start":{"line":171,"column":4},"end":{"line":171,"column":null}},"56":{"start":{"line":180,"column":2},"end":{"line":190,"column":null}},"57":{"start":{"line":181,"column":19},"end":{"line":181,"column":null}},"58":{"start":{"line":183,"column":6},"end":{"line":183,"column":null}},"59":{"start":{"line":184,"column":4},"end":{"line":184,"column":null}},"60":{"start":{"line":186,"column":4},"end":{"line":188,"column":null}},"61":{"start":{"line":187,"column":6},"end":{"line":187,"column":null}},"62":{"start":{"line":189,"column":4},"end":{"line":189,"column":null}},"63":{"start":{"line":198,"column":2},"end":{"line":208,"column":null}},"64":{"start":{"line":199,"column":19},"end":{"line":199,"column":null}},"65":{"start":{"line":201,"column":6},"end":{"line":201,"column":null}},"66":{"start":{"line":202,"column":4},"end":{"line":202,"column":null}},"67":{"start":{"line":204,"column":4},"end":{"line":206,"column":null}},"68":{"start":{"line":205,"column":6},"end":{"line":205,"column":null}},"69":{"start":{"line":207,"column":4},"end":{"line":207,"column":null}}},"fnMap":{"0":{"name":"getAll","decl":{"start":{"line":5,"column":22},"end":{"line":5,"column":null}},"loc":{"start":{"line":9,"column":28},"end":{"line":20,"column":null}},"line":9},"1":{"name":"updateRole","decl":{"start":{"line":22,"column":22},"end":{"line":22,"column":null}},"loc":{"start":{"line":26,"column":28},"end":{"line":43,"column":null}},"line":26},"2":{"name":"removeMember","decl":{"start":{"line":44,"column":22},"end":{"line":44,"column":null}},"loc":{"start":{"line":48,"column":28},"end":{"line":59,"column":null}},"line":48},"3":{"name":"addMember","decl":{"start":{"line":60,"column":22},"end":{"line":60,"column":null}},"loc":{"start":{"line":64,"column":28},"end":{"line":96,"column":null}},"line":64},"4":{"name":"leaveProject","decl":{"start":{"line":97,"column":22},"end":{"line":97,"column":null}},"loc":{"start":{"line":101,"column":28},"end":{"line":112,"column":null}},"line":101},"5":{"name":"cancelInvitation","decl":{"start":{"line":114,"column":22},"end":{"line":114,"column":null}},"loc":{"start":{"line":118,"column":28},"end":{"line":131,"column":null}},"line":118},"6":{"name":"acceptInvitation","decl":{"start":{"line":132,"column":22},"end":{"line":132,"column":null}},"loc":{"start":{"line":136,"column":28},"end":{"line":152,"column":null}},"line":136},"7":{"name":"declineInvitation","decl":{"start":{"line":154,"column":22},"end":{"line":154,"column":null}},"loc":{"start":{"line":158,"column":28},"end":{"line":173,"column":null}},"line":158},"8":{"name":"getAssignedProjects","decl":{"start":{"line":175,"column":22},"end":{"line":175,"column":null}},"loc":{"start":{"line":179,"column":28},"end":{"line":191,"column":null}},"line":179},"9":{"name":"getPendingInvitations","decl":{"start":{"line":193,"column":22},"end":{"line":193,"column":null}},"loc":{"start":{"line":197,"column":28},"end":{"line":209,"column":null}},"line":197}},"branchMap":{"0":{"loc":{"start":{"line":15,"column":4},"end":{"line":17,"column":null}},"type":"if","locations":[{"start":{"line":15,"column":4},"end":{"line":17,"column":null}},{"start":{},"end":{}}],"line":15},"1":{"loc":{"start":{"line":38,"column":4},"end":{"line":40,"column":null}},"type":"if","locations":[{"start":{"line":38,"column":4},"end":{"line":40,"column":null}},{"start":{},"end":{}}],"line":38},"2":{"loc":{"start":{"line":54,"column":4},"end":{"line":56,"column":null}},"type":"if","locations":[{"start":{"line":54,"column":4},"end":{"line":56,"column":null}},{"start":{},"end":{}}],"line":54},"3":{"loc":{"start":{"line":91,"column":4},"end":{"line":93,"column":null}},"type":"if","locations":[{"start":{"line":91,"column":4},"end":{"line":93,"column":null}},{"start":{},"end":{}}],"line":91},"4":{"loc":{"start":{"line":107,"column":4},"end":{"line":109,"column":null}},"type":"if","locations":[{"start":{"line":107,"column":4},"end":{"line":109,"column":null}},{"start":{},"end":{}}],"line":107},"5":{"loc":{"start":{"line":126,"column":4},"end":{"line":128,"column":null}},"type":"if","locations":[{"start":{"line":126,"column":4},"end":{"line":128,"column":null}},{"start":{},"end":{}}],"line":126},"6":{"loc":{"start":{"line":147,"column":4},"end":{"line":149,"column":null}},"type":"if","locations":[{"start":{"line":147,"column":4},"end":{"line":149,"column":null}},{"start":{},"end":{}}],"line":147},"7":{"loc":{"start":{"line":168,"column":4},"end":{"line":170,"column":null}},"type":"if","locations":[{"start":{"line":168,"column":4},"end":{"line":170,"column":null}},{"start":{},"end":{}}],"line":168},"8":{"loc":{"start":{"line":186,"column":4},"end":{"line":188,"column":null}},"type":"if","locations":[{"start":{"line":186,"column":4},"end":{"line":188,"column":null}},{"start":{},"end":{}}],"line":186},"9":{"loc":{"start":{"line":204,"column":4},"end":{"line":206,"column":null}},"type":"if","locations":[{"start":{"line":204,"column":4},"end":{"line":206,"column":null}},{"start":{},"end":{}}],"line":204}},"s":{"0":3,"1":3,"2":3,"3":1,"4":2,"5":1,"6":1,"7":3,"8":3,"9":3,"10":3,"11":1,"12":2,"13":1,"14":1,"15":3,"16":3,"17":3,"18":1,"19":2,"20":1,"21":1,"22":3,"23":3,"24":3,"25":3,"26":1,"27":2,"28":1,"29":1,"30":3,"31":3,"32":3,"33":1,"34":2,"35":1,"36":1,"37":3,"38":3,"39":3,"40":1,"41":2,"42":1,"43":1,"44":3,"45":3,"46":1,"47":2,"48":1,"49":1,"50":3,"51":3,"52":1,"53":2,"54":1,"55":1,"56":3,"57":3,"58":3,"59":1,"60":2,"61":1,"62":1,"63":3,"64":3,"65":3,"66":1,"67":2,"68":1,"69":1},"f":{"0":3,"1":3,"2":3,"3":3,"4":3,"5":3,"6":3,"7":3,"8":3,"9":3},"b":{"0":[1,1],"1":[1,1],"2":[1,1],"3":[1,1],"4":[1,1],"5":[1,1],"6":[1,1],"7":[1,1],"8":[1,1],"9":[1,1]},"meta":{"lastBranch":10,"lastFunction":10,"lastStatement":70,"seen":{"f:5:22:5:Infinity":0,"s:10:2:19:Infinity":0,"s:11:22:11:Infinity":1,"s:12:20:12:Infinity":2,"s:13:4:13:Infinity":3,"b:15:4:17:Infinity:undefined:undefined:undefined:undefined":0,"s:15:4:17:Infinity":4,"s:16:6:16:Infinity":5,"s:18:4:18:Infinity":6,"f:22:22:22:Infinity":1,"s:27:2:42:Infinity":7,"s:28:21:28:Infinity":8,"s:29:30:29:Infinity":9,"s:30:20:35:Infinity":10,"s:36:4:36:Infinity":11,"b:38:4:40:Infinity:undefined:undefined:undefined:undefined":1,"s:38:4:40:Infinity":12,"s:39:6:39:Infinity":13,"s:41:4:41:Infinity":14,"f:44:22:44:Infinity":2,"s:49:2:58:Infinity":15,"s:50:30:50:Infinity":16,"s:51:4:51:Infinity":17,"s:52:4:52:Infinity":18,"b:54:4:56:Infinity:undefined:undefined:undefined:undefined":2,"s:54:4:56:Infinity":19,"s:55:6:55:Infinity":20,"s:57:4:57:Infinity":21,"f:60:22:60:Infinity":3,"s:65:2:95:Infinity":22,"s:66:26:66:Infinity":23,"s:67:28:67:Infinity":24,"s:68:36:73:Infinity":25,"s:74:4:89:Infinity":26,"b:91:4:93:Infinity:undefined:undefined:undefined:undefined":3,"s:91:4:93:Infinity":27,"s:92:6:92:Infinity":28,"s:94:4:94:Infinity":29,"f:97:22:97:Infinity":4,"s:102:2:111:Infinity":30,"s:103:26:103:Infinity":31,"s:104:4:104:Infinity":32,"s:105:4:105:Infinity":33,"b:107:4:109:Infinity:undefined:undefined:undefined:undefined":4,"s:107:4:109:Infinity":34,"s:108:6:108:Infinity":35,"s:110:4:110:Infinity":36,"f:114:22:114:Infinity":5,"s:119:2:130:Infinity":37,"s:120:30:120:Infinity":38,"s:121:4:121:Infinity":39,"s:122:4:124:Infinity":40,"b:126:4:128:Infinity:undefined:undefined:undefined:undefined":5,"s:126:4:128:Infinity":41,"s:127:6:127:Infinity":42,"s:129:4:129:Infinity":43,"f:132:22:132:Infinity":6,"s:137:2:151:Infinity":44,"s:138:23:141:Infinity":45,"s:142:4:145:Infinity":46,"b:147:4:149:Infinity:undefined:undefined:undefined:undefined":6,"s:147:4:149:Infinity":47,"s:148:6:148:Infinity":48,"s:150:4:150:Infinity":49,"f:154:22:154:Infinity":7,"s:159:2:172:Infinity":50,"s:160:4:163:Infinity":51,"s:164:4:166:Infinity":52,"b:168:4:170:Infinity:undefined:undefined:undefined:undefined":7,"s:168:4:170:Infinity":53,"s:169:6:169:Infinity":54,"s:171:4:171:Infinity":55,"f:175:22:175:Infinity":8,"s:180:2:190:Infinity":56,"s:181:19:181:Infinity":57,"s:183:6:183:Infinity":58,"s:184:4:184:Infinity":59,"b:186:4:188:Infinity:undefined:undefined:undefined:undefined":8,"s:186:4:188:Infinity":60,"s:187:6:187:Infinity":61,"s:189:4:189:Infinity":62,"f:193:22:193:Infinity":9,"s:198:2:208:Infinity":63,"s:199:19:199:Infinity":64,"s:201:6:201:Infinity":65,"s:202:4:202:Infinity":66,"b:204:4:206:Infinity:undefined:undefined:undefined:undefined":9,"s:204:4:206:Infinity":67,"s:205:6:205:Infinity":68,"s:207:4:207:Infinity":69},"fnNames":{}}}
,"C:\\Users\\alyad\\Desktop\\task_tracker\\backend\\src\\controllers\\statusController.ts": {"path":"C:\\Users\\alyad\\Desktop\\task_tracker\\backend\\src\\controllers\\statusController.ts","statementMap":{"0":{"start":{"line":10,"column":2},"end":{"line":30,"column":null}},"1":{"start":{"line":11,"column":30},"end":{"line":11,"column":null}},"2":{"start":{"line":12,"column":31},"end":{"line":12,"column":null}},"3":{"start":{"line":13,"column":30},"end":{"line":19,"column":null}},"4":{"start":{"line":20,"column":4},"end":{"line":24,"column":null}},"5":{"start":{"line":26,"column":4},"end":{"line":28,"column":null}},"6":{"start":{"line":27,"column":6},"end":{"line":27,"column":null}},"7":{"start":{"line":29,"column":4},"end":{"line":29,"column":null}},"8":{"start":{"line":37,"column":24},"end":{"line":37,"column":null}},"9":{"start":{"line":38,"column":19},"end":{"line":38,"column":null}},"10":{"start":{"line":39,"column":2},"end":{"line":50,"column":null}},"11":{"start":{"line":40,"column":22},"end":{"line":40,"column":null}},"12":{"start":{"line":41,"column":4},"end":{"line":44,"column":null}},"13":{"start":{"line":46,"column":4},"end":{"line":48,"column":null}},"14":{"start":{"line":47,"column":6},"end":{"line":47,"column":null}},"15":{"start":{"line":49,"column":4},"end":{"line":49,"column":null}},"16":{"start":{"line":58,"column":2},"end":{"line":69,"column":null}},"17":{"start":{"line":59,"column":30},"end":{"line":59,"column":null}},"18":{"start":{"line":61,"column":4},"end":{"line":61,"column":null}},"19":{"start":{"line":63,"column":4},"end":{"line":63,"column":null}},"20":{"start":{"line":65,"column":4},"end":{"line":67,"column":null}},"21":{"start":{"line":66,"column":6},"end":{"line":66,"column":null}},"22":{"start":{"line":68,"column":4},"end":{"line":68,"column":null}},"23":{"start":{"line":80,"column":2},"end":{"line":89,"column":null}},"24":{"start":{"line":81,"column":26},"end":{"line":81,"column":null}},"25":{"start":{"line":82,"column":21},"end":{"line":82,"column":null}},"26":{"start":{"line":83,"column":4},"end":{"line":83,"column":null}},"27":{"start":{"line":85,"column":4},"end":{"line":87,"column":null}},"28":{"start":{"line":86,"column":6},"end":{"line":86,"column":null}},"29":{"start":{"line":88,"column":4},"end":{"line":88,"column":null}}},"fnMap":{"0":{"name":"update","decl":{"start":{"line":5,"column":15},"end":{"line":5,"column":null}},"loc":{"start":{"line":9,"column":28},"end":{"line":31,"column":null}},"line":9},"1":{"name":"create","decl":{"start":{"line":32,"column":15},"end":{"line":32,"column":null}},"loc":{"start":{"line":36,"column":28},"end":{"line":51,"column":null}},"line":36},"2":{"name":"remove","decl":{"start":{"line":53,"column":15},"end":{"line":53,"column":null}},"loc":{"start":{"line":57,"column":28},"end":{"line":70,"column":null}},"line":57},"3":{"name":"getAll","decl":{"start":{"line":71,"column":15},"end":{"line":71,"column":null}},"loc":{"start":{"line":79,"column":28},"end":{"line":90,"column":null}},"line":79}},"branchMap":{"0":{"loc":{"start":{"line":26,"column":4},"end":{"line":28,"column":null}},"type":"if","locations":[{"start":{"line":26,"column":4},"end":{"line":28,"column":null}},{"start":{},"end":{}}],"line":26},"1":{"loc":{"start":{"line":46,"column":4},"end":{"line":48,"column":null}},"type":"if","locations":[{"start":{"line":46,"column":4},"end":{"line":48,"column":null}},{"start":{},"end":{}}],"line":46},"2":{"loc":{"start":{"line":65,"column":4},"end":{"line":67,"column":null}},"type":"if","locations":[{"start":{"line":65,"column":4},"end":{"line":67,"column":null}},{"start":{},"end":{}}],"line":65},"3":{"loc":{"start":{"line":85,"column":4},"end":{"line":87,"column":null}},"type":"if","locations":[{"start":{"line":85,"column":4},"end":{"line":87,"column":null}},{"start":{},"end":{}}],"line":85}},"s":{"0":3,"1":3,"2":3,"3":3,"4":1,"5":2,"6":1,"7":1,"8":3,"9":3,"10":3,"11":3,"12":1,"13":2,"14":1,"15":1,"16":3,"17":3,"18":3,"19":1,"20":2,"21":1,"22":1,"23":3,"24":3,"25":3,"26":1,"27":2,"28":1,"29":1},"f":{"0":3,"1":3,"2":3,"3":3},"b":{"0":[1,1],"1":[1,1],"2":[1,1],"3":[1,1]},"meta":{"lastBranch":4,"lastFunction":4,"lastStatement":30,"seen":{"f:5:15:5:Infinity":0,"s:10:2:30:Infinity":0,"s:11:30:11:Infinity":1,"s:12:31:12:Infinity":2,"s:13:30:19:Infinity":3,"s:20:4:24:Infinity":4,"b:26:4:28:Infinity:undefined:undefined:undefined:undefined":0,"s:26:4:28:Infinity":5,"s:27:6:27:Infinity":6,"s:29:4:29:Infinity":7,"f:32:15:32:Infinity":1,"s:37:24:37:Infinity":8,"s:38:19:38:Infinity":9,"s:39:2:50:Infinity":10,"s:40:22:40:Infinity":11,"s:41:4:44:Infinity":12,"b:46:4:48:Infinity:undefined:undefined:undefined:undefined":1,"s:46:4:48:Infinity":13,"s:47:6:47:Infinity":14,"s:49:4:49:Infinity":15,"f:53:15:53:Infinity":2,"s:58:2:69:Infinity":16,"s:59:30:59:Infinity":17,"s:61:4:61:Infinity":18,"s:63:4:63:Infinity":19,"b:65:4:67:Infinity:undefined:undefined:undefined:undefined":2,"s:65:4:67:Infinity":20,"s:66:6:66:Infinity":21,"s:68:4:68:Infinity":22,"f:71:15:71:Infinity":3,"s:80:2:89:Infinity":23,"s:81:26:81:Infinity":24,"s:82:21:82:Infinity":25,"s:83:4:83:Infinity":26,"b:85:4:87:Infinity:undefined:undefined:undefined:undefined":3,"s:85:4:87:Infinity":27,"s:86:6:86:Infinity":28,"s:88:4:88:Infinity":29},"fnNames":{}}}
,"C:\\Users\\alyad\\Desktop\\task_tracker\\backend\\src\\controllers\\taskController.ts": {"path":"C:\\Users\\alyad\\Desktop\\task_tracker\\backend\\src\\controllers\\taskController.ts","statementMap":{"0":{"start":{"line":9,"column":2},"end":{"line":40,"column":null}},"1":{"start":{"line":10,"column":22},"end":{"line":10,"column":null}},"2":{"start":{"line":19,"column":8},"end":{"line":19,"column":null}},"3":{"start":{"line":20,"column":20},"end":{"line":30,"column":null}},"4":{"start":{"line":31,"column":4},"end":{"line":34,"column":null}},"5":{"start":{"line":36,"column":4},"end":{"line":38,"column":null}},"6":{"start":{"line":37,"column":6},"end":{"line":37,"column":null}},"7":{"start":{"line":39,"column":4},"end":{"line":39,"column":null}},"8":{"start":{"line":48,"column":2},"end":{"line":60,"column":null}},"9":{"start":{"line":49,"column":17},"end":{"line":53,"column":null}},"10":{"start":{"line":54,"column":4},"end":{"line":54,"column":null}},"11":{"start":{"line":56,"column":4},"end":{"line":58,"column":null}},"12":{"start":{"line":57,"column":6},"end":{"line":57,"column":null}},"13":{"start":{"line":59,"column":4},"end":{"line":59,"column":null}},"14":{"start":{"line":68,"column":2},"end":{"line":86,"column":null}},"15":{"start":{"line":69,"column":26},"end":{"line":69,"column":null}},"16":{"start":{"line":70,"column":64},"end":{"line":70,"column":null}},"17":{"start":{"line":71,"column":18},"end":{"line":79,"column":null}},"18":{"start":{"line":80,"column":4},"end":{"line":80,"column":null}},"19":{"start":{"line":82,"column":4},"end":{"line":84,"column":null}},"20":{"start":{"line":83,"column":6},"end":{"line":83,"column":null}},"21":{"start":{"line":85,"column":4},"end":{"line":85,"column":null}},"22":{"start":{"line":94,"column":2},"end":{"line":129,"column":null}},"23":{"start":{"line":95,"column":30},"end":{"line":95,"column":null}},"24":{"start":{"line":104,"column":8},"end":{"line":104,"column":null}},"25":{"start":{"line":106,"column":6},"end":{"line":117,"column":null}},"26":{"start":{"line":118,"column":4},"end":{"line":123,"column":null}},"27":{"start":{"line":125,"column":4},"end":{"line":127,"column":null}},"28":{"start":{"line":126,"column":6},"end":{"line":126,"column":null}},"29":{"start":{"line":128,"column":4},"end":{"line":128,"column":null}},"30":{"start":{"line":137,"column":2},"end":{"line":145,"column":null}},"31":{"start":{"line":138,"column":4},"end":{"line":138,"column":null}},"32":{"start":{"line":139,"column":4},"end":{"line":139,"column":null}},"33":{"start":{"line":141,"column":4},"end":{"line":143,"column":null}},"34":{"start":{"line":142,"column":6},"end":{"line":142,"column":null}},"35":{"start":{"line":144,"column":4},"end":{"line":144,"column":null}}},"fnMap":{"0":{"name":"create","decl":{"start":{"line":4,"column":15},"end":{"line":4,"column":null}},"loc":{"start":{"line":8,"column":28},"end":{"line":41,"column":null}},"line":8},"1":{"name":"getById","decl":{"start":{"line":43,"column":15},"end":{"line":43,"column":null}},"loc":{"start":{"line":47,"column":28},"end":{"line":61,"column":null}},"line":47},"2":{"name":"getAll","decl":{"start":{"line":63,"column":15},"end":{"line":63,"column":null}},"loc":{"start":{"line":67,"column":28},"end":{"line":87,"column":null}},"line":67},"3":{"name":"update","decl":{"start":{"line":89,"column":15},"end":{"line":89,"column":null}},"loc":{"start":{"line":93,"column":28},"end":{"line":130,"column":null}},"line":93},"4":{"name":"remove","decl":{"start":{"line":132,"column":15},"end":{"line":132,"column":null}},"loc":{"start":{"line":136,"column":28},"end":{"line":146,"column":null}},"line":136}},"branchMap":{"0":{"loc":{"start":{"line":36,"column":4},"end":{"line":38,"column":null}},"type":"if","locations":[{"start":{"line":36,"column":4},"end":{"line":38,"column":null}},{"start":{},"end":{}}],"line":36},"1":{"loc":{"start":{"line":56,"column":4},"end":{"line":58,"column":null}},"type":"if","locations":[{"start":{"line":56,"column":4},"end":{"line":58,"column":null}},{"start":{},"end":{}}],"line":56},"2":{"loc":{"start":{"line":76,"column":6},"end":{"line":76,"column":null}},"type":"cond-expr","locations":[{"start":{"line":76,"column":27},"end":{"line":76,"column":34}},{"start":{"line":76,"column":34},"end":{"line":76,"column":null}}],"line":76},"3":{"loc":{"start":{"line":82,"column":4},"end":{"line":84,"column":null}},"type":"if","locations":[{"start":{"line":82,"column":4},"end":{"line":84,"column":null}},{"start":{},"end":{}}],"line":82},"4":{"loc":{"start":{"line":125,"column":4},"end":{"line":127,"column":null}},"type":"if","locations":[{"start":{"line":125,"column":4},"end":{"line":127,"column":null}},{"start":{},"end":{}}],"line":125},"5":{"loc":{"start":{"line":141,"column":4},"end":{"line":143,"column":null}},"type":"if","locations":[{"start":{"line":141,"column":4},"end":{"line":143,"column":null}},{"start":{},"end":{}}],"line":141}},"s":{"0":3,"1":3,"2":3,"3":3,"4":1,"5":2,"6":1,"7":1,"8":3,"9":3,"10":1,"11":2,"12":1,"13":1,"14":4,"15":4,"16":4,"17":4,"18":2,"19":2,"20":1,"21":1,"22":3,"23":3,"24":3,"25":3,"26":1,"27":2,"28":1,"29":1,"30":3,"31":3,"32":1,"33":2,"34":1,"35":1},"f":{"0":3,"1":3,"2":4,"3":3,"4":3},"b":{"0":[1,1],"1":[1,1],"2":[1,3],"3":[1,1],"4":[1,1],"5":[1,1]},"meta":{"lastBranch":6,"lastFunction":5,"lastStatement":36,"seen":{"f:4:15:4:Infinity":0,"s:9:2:40:Infinity":0,"s:10:22:10:Infinity":1,"s:19:8:19:Infinity":2,"s:20:20:30:Infinity":3,"s:31:4:34:Infinity":4,"b:36:4:38:Infinity:undefined:undefined:undefined:undefined":0,"s:36:4:38:Infinity":5,"s:37:6:37:Infinity":6,"s:39:4:39:Infinity":7,"f:43:15:43:Infinity":1,"s:48:2:60:Infinity":8,"s:49:17:53:Infinity":9,"s:54:4:54:Infinity":10,"b:56:4:58:Infinity:undefined:undefined:undefined:undefined":1,"s:56:4:58:Infinity":11,"s:57:6:57:Infinity":12,"s:59:4:59:Infinity":13,"f:63:15:63:Infinity":2,"s:68:2:86:Infinity":14,"s:69:26:69:Infinity":15,"s:70:64:70:Infinity":16,"s:71:18:79:Infinity":17,"b:76:27:76:34:76:34:76:Infinity":2,"s:80:4:80:Infinity":18,"b:82:4:84:Infinity:undefined:undefined:undefined:undefined":3,"s:82:4:84:Infinity":19,"s:83:6:83:Infinity":20,"s:85:4:85:Infinity":21,"f:89:15:89:Infinity":3,"s:94:2:129:Infinity":22,"s:95:30:95:Infinity":23,"s:104:8:104:Infinity":24,"s:106:6:117:Infinity":25,"s:118:4:123:Infinity":26,"b:125:4:127:Infinity:undefined:undefined:undefined:undefined":4,"s:125:4:127:Infinity":27,"s:126:6:126:Infinity":28,"s:128:4:128:Infinity":29,"f:132:15:132:Infinity":4,"s:137:2:145:Infinity":30,"s:138:4:138:Infinity":31,"s:139:4:139:Infinity":32,"b:141:4:143:Infinity:undefined:undefined:undefined:undefined":5,"s:141:4:143:Infinity":33,"s:142:6:142:Infinity":34,"s:144:4:144:Infinity":35},"fnNames":{}}}
,"C:\\Users\\alyad\\Desktop\\task_tracker\\backend\\src\\controllers\\taskHistoryController.ts": {"path":"C:\\Users\\alyad\\Desktop\\task_tracker\\backend\\src\\controllers\\taskHistoryController.ts","statementMap":{"0":{"start":{"line":10,"column":2},"end":{"line":21,"column":null}},"1":{"start":{"line":11,"column":24},"end":{"line":14,"column":null}},"2":{"start":{"line":15,"column":4},"end":{"line":15,"column":null}},"3":{"start":{"line":17,"column":4},"end":{"line":19,"column":null}},"4":{"start":{"line":18,"column":6},"end":{"line":18,"column":null}},"5":{"start":{"line":20,"column":4},"end":{"line":20,"column":null}}},"fnMap":{"0":{"name":"getTaskHistory","decl":{"start":{"line":5,"column":15},"end":{"line":5,"column":null}},"loc":{"start":{"line":9,"column":28},"end":{"line":22,"column":null}},"line":9}},"branchMap":{"0":{"loc":{"start":{"line":17,"column":4},"end":{"line":19,"column":null}},"type":"if","locations":[{"start":{"line":17,"column":4},"end":{"line":19,"column":null}},{"start":{},"end":{}}],"line":17}},"s":{"0":3,"1":3,"2":1,"3":2,"4":1,"5":1},"f":{"0":3},"b":{"0":[1,1]},"meta":{"lastBranch":1,"lastFunction":1,"lastStatement":6,"seen":{"f:5:15:5:Infinity":0,"s:10:2:21:Infinity":0,"s:11:24:14:Infinity":1,"s:15:4:15:Infinity":2,"b:17:4:19:Infinity:undefined:undefined:undefined:undefined":0,"s:17:4:19:Infinity":3,"s:18:6:18:Infinity":4,"s:20:4:20:Infinity":5},"fnNames":{}}}
,"C:\\Users\\alyad\\Desktop\\task_tracker\\backend\\src\\controllers\\timeEntryController.ts": {"path":"C:\\Users\\alyad\\Desktop\\task_tracker\\backend\\src\\controllers\\timeEntryController.ts","statementMap":{"0":{"start":{"line":10,"column":2},"end":{"line":32,"column":null}},"1":{"start":{"line":11,"column":49},"end":{"line":11,"column":null}},"2":{"start":{"line":13,"column":6},"end":{"line":19,"column":null}},"3":{"start":{"line":21,"column":4},"end":{"line":26,"column":null}},"4":{"start":{"line":28,"column":4},"end":{"line":30,"column":null}},"5":{"start":{"line":29,"column":6},"end":{"line":29,"column":null}},"6":{"start":{"line":31,"column":4},"end":{"line":31,"column":null}},"7":{"start":{"line":40,"column":2},"end":{"line":51,"column":null}},"8":{"start":{"line":41,"column":42},"end":{"line":44,"column":null}},"9":{"start":{"line":45,"column":4},"end":{"line":45,"column":null}},"10":{"start":{"line":47,"column":4},"end":{"line":49,"column":null}},"11":{"start":{"line":48,"column":6},"end":{"line":48,"column":null}},"12":{"start":{"line":50,"column":4},"end":{"line":50,"column":null}},"13":{"start":{"line":59,"column":2},"end":{"line":81,"column":null}},"14":{"start":{"line":60,"column":49},"end":{"line":60,"column":null}},"15":{"start":{"line":62,"column":6},"end":{"line":69,"column":null}},"16":{"start":{"line":70,"column":4},"end":{"line":75,"column":null}},"17":{"start":{"line":77,"column":4},"end":{"line":79,"column":null}},"18":{"start":{"line":78,"column":6},"end":{"line":78,"column":null}},"19":{"start":{"line":80,"column":4},"end":{"line":80,"column":null}},"20":{"start":{"line":89,"column":2},"end":{"line":104,"column":null}},"21":{"start":{"line":90,"column":29},"end":{"line":94,"column":null}},"22":{"start":{"line":95,"column":4},"end":{"line":98,"column":null}},"23":{"start":{"line":100,"column":4},"end":{"line":102,"column":null}},"24":{"start":{"line":101,"column":6},"end":{"line":101,"column":null}},"25":{"start":{"line":103,"column":4},"end":{"line":103,"column":null}}},"fnMap":{"0":{"name":"create","decl":{"start":{"line":5,"column":15},"end":{"line":5,"column":null}},"loc":{"start":{"line":9,"column":28},"end":{"line":33,"column":null}},"line":9},"1":{"name":"getAll","decl":{"start":{"line":35,"column":15},"end":{"line":35,"column":null}},"loc":{"start":{"line":39,"column":28},"end":{"line":52,"column":null}},"line":39},"2":{"name":"update","decl":{"start":{"line":54,"column":15},"end":{"line":54,"column":null}},"loc":{"start":{"line":58,"column":28},"end":{"line":82,"column":null}},"line":58},"3":{"name":"remove","decl":{"start":{"line":84,"column":15},"end":{"line":84,"column":null}},"loc":{"start":{"line":88,"column":28},"end":{"line":105,"column":null}},"line":88}},"branchMap":{"0":{"loc":{"start":{"line":28,"column":4},"end":{"line":30,"column":null}},"type":"if","locations":[{"start":{"line":28,"column":4},"end":{"line":30,"column":null}},{"start":{},"end":{}}],"line":28},"1":{"loc":{"start":{"line":47,"column":4},"end":{"line":49,"column":null}},"type":"if","locations":[{"start":{"line":47,"column":4},"end":{"line":49,"column":null}},{"start":{},"end":{}}],"line":47},"2":{"loc":{"start":{"line":77,"column":4},"end":{"line":79,"column":null}},"type":"if","locations":[{"start":{"line":77,"column":4},"end":{"line":79,"column":null}},{"start":{},"end":{}}],"line":77},"3":{"loc":{"start":{"line":100,"column":4},"end":{"line":102,"column":null}},"type":"if","locations":[{"start":{"line":100,"column":4},"end":{"line":102,"column":null}},{"start":{},"end":{}}],"line":100}},"s":{"0":3,"1":3,"2":3,"3":1,"4":2,"5":1,"6":1,"7":3,"8":3,"9":1,"10":2,"11":1,"12":1,"13":3,"14":3,"15":3,"16":1,"17":2,"18":1,"19":1,"20":3,"21":3,"22":1,"23":2,"24":1,"25":1},"f":{"0":3,"1":3,"2":3,"3":3},"b":{"0":[1,1],"1":[1,1],"2":[1,1],"3":[1,1]},"meta":{"lastBranch":4,"lastFunction":4,"lastStatement":26,"seen":{"f:5:15:5:Infinity":0,"s:10:2:32:Infinity":0,"s:11:49:11:Infinity":1,"s:13:6:19:Infinity":2,"s:21:4:26:Infinity":3,"b:28:4:30:Infinity:undefined:undefined:undefined:undefined":0,"s:28:4:30:Infinity":4,"s:29:6:29:Infinity":5,"s:31:4:31:Infinity":6,"f:35:15:35:Infinity":1,"s:40:2:51:Infinity":7,"s:41:42:44:Infinity":8,"s:45:4:45:Infinity":9,"b:47:4:49:Infinity:undefined:undefined:undefined:undefined":1,"s:47:4:49:Infinity":10,"s:48:6:48:Infinity":11,"s:50:4:50:Infinity":12,"f:54:15:54:Infinity":2,"s:59:2:81:Infinity":13,"s:60:49:60:Infinity":14,"s:62:6:69:Infinity":15,"s:70:4:75:Infinity":16,"b:77:4:79:Infinity:undefined:undefined:undefined:undefined":2,"s:77:4:79:Infinity":17,"s:78:6:78:Infinity":18,"s:80:4:80:Infinity":19,"f:84:15:84:Infinity":3,"s:89:2:104:Infinity":20,"s:90:29:94:Infinity":21,"s:95:4:98:Infinity":22,"b:100:4:102:Infinity:undefined:undefined:undefined:undefined":3,"s:100:4:102:Infinity":23,"s:101:6:101:Infinity":24,"s:103:4:103:Infinity":25},"fnNames":{}}}
,"C:\\Users\\alyad\\Desktop\\task_tracker\\backend\\src\\middleware\\auth.ts": {"path":"C:\\Users\\alyad\\Desktop\\task_tracker\\backend\\src\\middleware\\auth.ts","statementMap":{"0":{"start":{"line":11,"column":21},"end":{"line":11,"column":null}},"1":{"start":{"line":13,"column":2},"end":{"line":17,"column":null}},"2":{"start":{"line":14,"column":4},"end":{"line":16,"column":null}},"3":{"start":{"line":19,"column":16},"end":{"line":19,"column":null}},"4":{"start":{"line":21,"column":2},"end":{"line":41,"column":null}},"5":{"start":{"line":22,"column":20},"end":{"line":22,"column":null}},"6":{"start":{"line":25,"column":17},"end":{"line":27,"column":null}},"7":{"start":{"line":29,"column":4},"end":{"line":33,"column":null}},"8":{"start":{"line":30,"column":6},"end":{"line":32,"column":null}},"9":{"start":{"line":35,"column":4},"end":{"line":35,"column":null}},"10":{"start":{"line":36,"column":4},"end":{"line":36,"column":null}},"11":{"start":{"line":38,"column":4},"end":{"line":40,"column":null}}},"fnMap":{"0":{"name":"authenticate","decl":{"start":{"line":6,"column":22},"end":{"line":6,"column":null}},"loc":{"start":{"line":10,"column":28},"end":{"line":42,"column":null}},"line":10}},"branchMap":{"0":{"loc":{"start":{"line":13,"column":2},"end":{"line":17,"column":null}},"type":"if","locations":[{"start":{"line":13,"column":2},"end":{"line":17,"column":null}},{"start":{},"end":{}}],"line":13},"1":{"loc":{"start":{"line":13,"column":6},"end":{"line":13,"column":56}},"type":"binary-expr","locations":[{"start":{"line":13,"column":6},"end":{"line":13,"column":21}},{"start":{"line":13,"column":21},"end":{"line":13,"column":56}}],"line":13},"2":{"loc":{"start":{"line":29,"column":4},"end":{"line":33,"column":null}},"type":"if","locations":[{"start":{"line":29,"column":4},"end":{"line":33,"column":null}},{"start":{},"end":{}}],"line":29}},"s":{"0":5,"1":5,"2":2,"3":3,"4":3,"5":3,"6":3,"7":2,"8":1,"9":1,"10":1,"11":1},"f":{"0":5},"b":{"0":[2,3],"1":[5,4],"2":[1,1]},"meta":{"lastBranch":3,"lastFunction":1,"lastStatement":12,"seen":{"f:6:22:6:Infinity":0,"s:11:21:11:Infinity":0,"b:13:2:17:Infinity:undefined:undefined:undefined:undefined":0,"s:13:2:17:Infinity":1,"b:13:6:13:21:13:21:13:56":1,"s:14:4:16:Infinity":2,"s:19:16:19:Infinity":3,"s:21:2:41:Infinity":4,"s:22:20:22:Infinity":5,"s:25:17:27:Infinity":6,"b:29:4:33:Infinity:undefined:undefined:undefined:undefined":2,"s:29:4:33:Infinity":7,"s:30:6:32:Infinity":8,"s:35:4:35:Infinity":9,"s:36:4:36:Infinity":10,"s:38:4:40:Infinity":11},"fnNames":{}}}
,"C:\\Users\\alyad\\Desktop\\task_tracker\\backend\\src\\middleware\\errorHandler.ts": {"path":"C:\\Users\\alyad\\Desktop\\task_tracker\\backend\\src\\middleware\\errorHandler.ts","statementMap":{"0":{"start":{"line":15,"column":13},"end":{"line":73,"column":null}},"1":{"start":{"line":21,"column":19},"end":{"line":21,"column":null}},"2":{"start":{"line":22,"column":18},"end":{"line":22,"column":null}},"3":{"start":{"line":24,"column":4},"end":{"line":24,"column":null}},"4":{"start":{"line":26,"column":2},"end":{"line":51,"column":null}},"5":{"start":{"line":30,"column":4},"end":{"line":30,"column":null}},"6":{"start":{"line":31,"column":4},"end":{"line":31,"column":null}},"7":{"start":{"line":32,"column":4},"end":{"line":34,"column":null}},"8":{"start":{"line":33,"column":35},"end":{"line":33,"column":44}},"9":{"start":{"line":35,"column":9},"end":{"line":51,"column":null}},"10":{"start":{"line":39,"column":4},"end":{"line":39,"column":null}},"11":{"start":{"line":40,"column":4},"end":{"line":40,"column":null}},"12":{"start":{"line":41,"column":4},"end":{"line":43,"column":null}},"13":{"start":{"line":42,"column":35},"end":{"line":42,"column":44}},"14":{"start":{"line":44,"column":9},"end":{"line":51,"column":null}},"15":{"start":{"line":48,"column":4},"end":{"line":48,"column":null}},"16":{"start":{"line":49,"column":4},"end":{"line":49,"column":null}},"17":{"start":{"line":50,"column":4},"end":{"line":50,"column":null}},"18":{"start":{"line":53,"column":2},"end":{"line":59,"column":null}},"19":{"start":{"line":61,"column":8},"end":{"line":61,"column":null}},"20":{"start":{"line":63,"column":2},"end":{"line":66,"column":null}},"21":{"start":{"line":64,"column":4},"end":{"line":64,"column":null}},"22":{"start":{"line":65,"column":4},"end":{"line":65,"column":null}},"23":{"start":{"line":68,"column":2},"end":{"line":72,"column":null}}},"fnMap":{"0":{"name":"(anonymous_0)","decl":{"start":{"line":15,"column":13},"end":{"line":15,"column":null}},"loc":{"start":{"line":20,"column":11},"end":{"line":73,"column":null}},"line":20},"1":{"name":"(anonymous_1)","decl":{"start":{"line":33,"column":19},"end":{"line":33,"column":24}},"loc":{"start":{"line":33,"column":35},"end":{"line":33,"column":44}},"line":33},"2":{"name":"(anonymous_2)","decl":{"start":{"line":42,"column":19},"end":{"line":42,"column":24}},"loc":{"start":{"line":42,"column":35},"end":{"line":42,"column":44}},"line":42}},"branchMap":{"0":{"loc":{"start":{"line":21,"column":19},"end":{"line":21,"column":null}},"type":"binary-expr","locations":[{"start":{"line":21,"column":19},"end":{"line":21,"column":33}},{"start":{"line":21,"column":33},"end":{"line":21,"column":51}},{"start":{"line":21,"column":51},"end":{"line":21,"column":null}}],"line":21},"1":{"loc":{"start":{"line":22,"column":18},"end":{"line":22,"column":null}},"type":"binary-expr","locations":[{"start":{"line":22,"column":18},"end":{"line":22,"column":30}},{"start":{"line":22,"column":30},"end":{"line":22,"column":null}}],"line":22},"2":{"loc":{"start":{"line":24,"column":4},"end":{"line":24,"column":null}},"type":"binary-expr","locations":[{"start":{"line":24,"column":4},"end":{"line":24,"column":19}},{"start":{"line":24,"column":19},"end":{"line":24,"column":null}}],"line":24},"3":{"loc":{"start":{"line":26,"column":2},"end":{"line":51,"column":null}},"type":"if","locations":[{"start":{"line":26,"column":2},"end":{"line":51,"column":null}},{"start":{"line":35,"column":9},"end":{"line":51,"column":null}}],"line":26},"4":{"loc":{"start":{"line":27,"column":4},"end":{"line":28,"column":null}},"type":"binary-expr","locations":[{"start":{"line":27,"column":4},"end":{"line":27,"column":null}},{"start":{"line":28,"column":4},"end":{"line":28,"column":null}}],"line":27},"5":{"loc":{"start":{"line":32,"column":14},"end":{"line":34,"column":null}},"type":"cond-expr","locations":[{"start":{"line":33,"column":8},"end":{"line":33,"column":null}},{"start":{"line":34,"column":8},"end":{"line":34,"column":null}}],"line":32},"6":{"loc":{"start":{"line":35,"column":9},"end":{"line":51,"column":null}},"type":"if","locations":[{"start":{"line":35,"column":9},"end":{"line":51,"column":null}},{"start":{"line":44,"column":9},"end":{"line":51,"column":null}}],"line":35},"7":{"loc":{"start":{"line":36,"column":4},"end":{"line":37,"column":null}},"type":"binary-expr","locations":[{"start":{"line":36,"column":4},"end":{"line":36,"column":null}},{"start":{"line":37,"column":4},"end":{"line":37,"column":null}}],"line":36},"8":{"loc":{"start":{"line":41,"column":14},"end":{"line":43,"column":null}},"type":"cond-expr","locations":[{"start":{"line":42,"column":8},"end":{"line":42,"column":null}},{"start":{"line":43,"column":8},"end":{"line":43,"column":null}}],"line":41},"9":{"loc":{"start":{"line":44,"column":9},"end":{"line":51,"column":null}},"type":"if","locations":[{"start":{"line":44,"column":9},"end":{"line":51,"column":null}},{"start":{},"end":{}}],"line":44},"10":{"loc":{"start":{"line":45,"column":4},"end":{"line":46,"column":null}},"type":"binary-expr","locations":[{"start":{"line":45,"column":4},"end":{"line":45,"column":null}},{"start":{"line":46,"column":4},"end":{"line":46,"column":null}}],"line":45},"11":{"loc":{"start":{"line":54,"column":13},"end":{"line":54,"column":null}},"type":"cond-expr","locations":[{"start":{"line":54,"column":38},"end":{"line":54,"column":59}},{"start":{"line":54,"column":59},"end":{"line":54,"column":null}}],"line":54},"12":{"loc":{"start":{"line":63,"column":2},"end":{"line":66,"column":null}},"type":"if","locations":[{"start":{"line":63,"column":2},"end":{"line":66,"column":null}},{"start":{},"end":{}}],"line":63},"13":{"loc":{"start":{"line":63,"column":6},"end":{"line":63,"column":42}},"type":"binary-expr","locations":[{"start":{"line":63,"column":6},"end":{"line":63,"column":28}},{"start":{"line":63,"column":28},"end":{"line":63,"column":42}}],"line":63},"14":{"loc":{"start":{"line":71,"column":8},"end":{"line":71,"column":null}},"type":"binary-expr","locations":[{"start":{"line":71,"column":8},"end":{"line":71,"column":25}},{"start":{"line":71,"column":25},"end":{"line":71,"column":null}}],"line":71}},"s":{"0":1,"1":17,"2":17,"3":17,"4":17,"5":5,"6":5,"7":5,"8":3,"9":12,"10":3,"11":3,"12":3,"13":2,"14":9,"15":2,"16":2,"17":2,"18":17,"19":17,"20":17,"21":1,"22":1,"23":17},"f":{"0":17,"1":3,"2":2},"b":{"0":[17,14,13],"1":[17,2],"2":[17,2],"3":[5,12],"4":[17,13],"5":[3,2],"6":[3,9],"7":[12,12],"8":[2,1],"9":[2,7],"10":[9,8],"11":[8,9],"12":[1,16],"13":[17,4],"14":[17,15]},"meta":{"lastBranch":15,"lastFunction":3,"lastStatement":24,"seen":{"s:15:13:73:Infinity":0,"f:15:13:15:Infinity":0,"s:21:19:21:Infinity":1,"b:21:19:21:33:21:33:21:51:21:51:21:Infinity":0,"s:22:18:22:Infinity":2,"b:22:18:22:30:22:30:22:Infinity":1,"s:24:4:24:Infinity":3,"b:24:4:24:19:24:19:24:Infinity":2,"b:26:2:51:Infinity:35:9:51:Infinity":3,"s:26:2:51:Infinity":4,"b:27:4:27:Infinity:28:4:28:Infinity":4,"s:30:4:30:Infinity":5,"s:31:4:31:Infinity":6,"s:32:4:34:Infinity":7,"b:33:8:33:Infinity:34:8:34:Infinity":5,"f:33:19:33:24":1,"s:33:35:33:44":8,"b:35:9:51:Infinity:44:9:51:Infinity":6,"s:35:9:51:Infinity":9,"b:36:4:36:Infinity:37:4:37:Infinity":7,"s:39:4:39:Infinity":10,"s:40:4:40:Infinity":11,"s:41:4:43:Infinity":12,"b:42:8:42:Infinity:43:8:43:Infinity":8,"f:42:19:42:24":2,"s:42:35:42:44":13,"b:44:9:51:Infinity:undefined:undefined:undefined:undefined":9,"s:44:9:51:Infinity":14,"b:45:4:45:Infinity:46:4:46:Infinity":10,"s:48:4:48:Infinity":15,"s:49:4:49:Infinity":16,"s:50:4:50:Infinity":17,"s:53:2:59:Infinity":18,"b:54:38:54:59:54:59:54:Infinity":11,"s:61:8:61:Infinity":19,"b:63:2:66:Infinity:undefined:undefined:undefined:undefined":12,"s:63:2:66:Infinity":20,"b:63:6:63:28:63:28:63:42":13,"s:64:4:64:Infinity":21,"s:65:4:65:Infinity":22,"s:68:2:72:Infinity":23,"b:71:8:71:25:71:25:71:Infinity":14},"fnNames":{}}}
,"C:\\Users\\alyad\\Desktop\\task_tracker\\backend\\src\\middleware\\httpLogger.ts": {"path":"C:\\Users\\alyad\\Desktop\\task_tracker\\backend\\src\\middleware\\httpLogger.ts","statementMap":{"0":{"start":{"line":4,"column":37},"end":{"line":8,"column":null}},"1":{"start":{"line":6,"column":4},"end":{"line":6,"column":null}},"2":{"start":{"line":10,"column":26},"end":{"line":10,"column":null}}},"fnMap":{"0":{"name":"(anonymous_0)","decl":{"start":{"line":5,"column":2},"end":{"line":5,"column":10}},"loc":{"start":{"line":5,"column":30},"end":{"line":7,"column":null}},"line":5}},"branchMap":{},"s":{"0":1,"1":1,"2":1},"f":{"0":1},"b":{},"meta":{"lastBranch":0,"lastFunction":1,"lastStatement":3,"seen":{"s:4:37:8:Infinity":0,"f:5:2:5:10":0,"s:6:4:6:Infinity":1,"s:10:26:10:Infinity":2},"fnNames":{}}}
,"C:\\Users\\alyad\\Desktop\\task_tracker\\backend\\src\\repositories\\authRepository.ts": {"path":"C:\\Users\\alyad\\Desktop\\task_tracker\\backend\\src\\repositories\\authRepository.ts","statementMap":{"0":{"start":{"line":13,"column":4},"end":{"line":13,"column":null}},"1":{"start":{"line":16,"column":4},"end":{"line":18,"column":null}},"2":{"start":{"line":22,"column":4},"end":{"line":22,"column":null}},"3":{"start":{"line":25,"column":4},"end":{"line":28,"column":null}}},"fnMap":{"0":{"name":"createUser","decl":{"start":{"line":4,"column":15},"end":{"line":4,"column":26}},"loc":{"start":{"line":12,"column":5},"end":{"line":14,"column":null}},"line":12},"1":{"name":"getUserByEmailAndPass","decl":{"start":{"line":15,"column":15},"end":{"line":15,"column":37}},"loc":{"start":{"line":15,"column":52},"end":{"line":19,"column":null}},"line":15},"2":{"name":"findUserById","decl":{"start":{"line":21,"column":15},"end":{"line":21,"column":28}},"loc":{"start":{"line":21,"column":44},"end":{"line":23,"column":null}},"line":21},"3":{"name":"getUserByEmail","decl":{"start":{"line":24,"column":15},"end":{"line":24,"column":30}},"loc":{"start":{"line":24,"column":45},"end":{"line":29,"column":null}},"line":24}},"branchMap":{},"s":{"0":1,"1":1,"2":1,"3":1},"f":{"0":1,"1":1,"2":1,"3":1},"b":{},"meta":{"lastBranch":0,"lastFunction":4,"lastStatement":4,"seen":{"f:4:15:4:26":0,"s:13:4:13:Infinity":0,"f:15:15:15:37":1,"s:16:4:18:Infinity":1,"f:21:15:21:28":2,"s:22:4:22:Infinity":2,"f:24:15:24:30":3,"s:25:4:28:Infinity":3},"fnNames":{}}}
,"C:\\Users\\alyad\\Desktop\\task_tracker\\backend\\src\\repositories\\projectMemberRepository.ts": {"path":"C:\\Users\\alyad\\Desktop\\task_tracker\\backend\\src\\repositories\\projectMemberRepository.ts","statementMap":{"0":{"start":{"line":11,"column":4},"end":{"line":22,"column":null}},"1":{"start":{"line":26,"column":4},"end":{"line":29,"column":null}},"2":{"start":{"line":32,"column":4},"end":{"line":36,"column":null}},"3":{"start":{"line":39,"column":4},"end":{"line":49,"column":null}},"4":{"start":{"line":56,"column":28},"end":{"line":66,"column":null}},"5":{"start":{"line":68,"column":4},"end":{"line":73,"column":null}},"6":{"start":{"line":69,"column":6},"end":{"line":72,"column":null}},"7":{"start":{"line":75,"column":4},"end":{"line":88,"column":null}},"8":{"start":{"line":91,"column":4},"end":{"line":101,"column":null}},"9":{"start":{"line":104,"column":4},"end":{"line":115,"column":null}},"10":{"start":{"line":122,"column":4},"end":{"line":130,"column":null}},"11":{"start":{"line":133,"column":4},"end":{"line":135,"column":null}},"12":{"start":{"line":139,"column":4},"end":{"line":142,"column":null}},"13":{"start":{"line":145,"column":4},"end":{"line":147,"column":null}}},"fnMap":{"0":{"name":"getAll","decl":{"start":{"line":10,"column":15},"end":{"line":10,"column":22}},"loc":{"start":{"line":10,"column":41},"end":{"line":23,"column":null}},"line":10},"1":{"name":"getMemberByProjectId","decl":{"start":{"line":25,"column":15},"end":{"line":25,"column":36}},"loc":{"start":{"line":25,"column":52},"end":{"line":30,"column":null}},"line":25},"2":{"name":"addMember","decl":{"start":{"line":31,"column":15},"end":{"line":31,"column":25}},"loc":{"start":{"line":31,"column":72},"end":{"line":37,"column":null}},"line":31},"3":{"name":"getPendingInvitations","decl":{"start":{"line":38,"column":15},"end":{"line":38,"column":37}},"loc":{"start":{"line":38,"column":53},"end":{"line":50,"column":null}},"line":38},"4":{"name":"acceptInvitation","decl":{"start":{"line":51,"column":15},"end":{"line":51,"column":null}},"loc":{"start":{"line":55,"column":4},"end":{"line":89,"column":null}},"line":55},"5":{"name":"getMembershipwithProject","decl":{"start":{"line":90,"column":15},"end":{"line":90,"column":40}},"loc":{"start":{"line":90,"column":75},"end":{"line":102,"column":null}},"line":90},"6":{"name":"getAssignedProjects","decl":{"start":{"line":103,"column":15},"end":{"line":103,"column":35}},"loc":{"start":{"line":103,"column":51},"end":{"line":116,"column":null}},"line":103},"7":{"name":"addCreatorToProject","decl":{"start":{"line":117,"column":15},"end":{"line":117,"column":null}},"loc":{"start":{"line":121,"column":4},"end":{"line":131,"column":null}},"line":121},"8":{"name":"countOwners","decl":{"start":{"line":132,"column":15},"end":{"line":132,"column":27}},"loc":{"start":{"line":132,"column":46},"end":{"line":136,"column":null}},"line":132},"9":{"name":"getPendingInvitation","decl":{"start":{"line":138,"column":15},"end":{"line":138,"column":36}},"loc":{"start":{"line":138,"column":48},"end":{"line":143,"column":null}},"line":138},"10":{"name":"declineInvitation","decl":{"start":{"line":144,"column":15},"end":{"line":144,"column":33}},"loc":{"start":{"line":144,"column":68},"end":{"line":148,"column":null}},"line":144}},"branchMap":{"0":{"loc":{"start":{"line":68,"column":4},"end":{"line":73,"column":null}},"type":"if","locations":[{"start":{"line":68,"column":4},"end":{"line":73,"column":null}},{"start":{},"end":{}}],"line":68}},"s":{"0":1,"1":1,"2":1,"3":1,"4":2,"5":2,"6":1,"7":1,"8":1,"9":1,"10":1,"11":1,"12":1,"13":1},"f":{"0":1,"1":1,"2":1,"3":1,"4":1,"5":1,"6":1,"7":1,"8":1,"9":1,"10":1},"b":{"0":[1,1]},"meta":{"lastBranch":1,"lastFunction":11,"lastStatement":14,"seen":{"f:10:15:10:22":0,"s:11:4:22:Infinity":0,"f:25:15:25:36":1,"s:26:4:29:Infinity":1,"f:31:15:31:25":2,"s:32:4:36:Infinity":2,"f:38:15:38:37":3,"s:39:4:49:Infinity":3,"f:51:15:51:Infinity":4,"s:56:28:66:Infinity":4,"b:68:4:73:Infinity:undefined:undefined:undefined:undefined":0,"s:68:4:73:Infinity":5,"s:69:6:72:Infinity":6,"s:75:4:88:Infinity":7,"f:90:15:90:40":5,"s:91:4:101:Infinity":8,"f:103:15:103:35":6,"s:104:4:115:Infinity":9,"f:117:15:117:Infinity":7,"s:122:4:130:Infinity":10,"f:132:15:132:27":8,"s:133:4:135:Infinity":11,"f:138:15:138:36":9,"s:139:4:142:Infinity":12,"f:144:15:144:33":10,"s:145:4:147:Infinity":13},"fnNames":{}}}
,"C:\\Users\\alyad\\Desktop\\task_tracker\\backend\\src\\repositories\\projectRepository.ts": {"path":"C:\\Users\\alyad\\Desktop\\task_tracker\\backend\\src\\repositories\\projectRepository.ts","statementMap":{"0":{"start":{"line":8,"column":4},"end":{"line":8,"column":null}},"1":{"start":{"line":11,"column":4},"end":{"line":23,"column":null}}},"fnMap":{"0":{"name":"create","decl":{"start":{"line":4,"column":15},"end":{"line":4,"column":null}},"loc":{"start":{"line":7,"column":22},"end":{"line":9,"column":null}},"line":7},"1":{"name":"getProjectWithMember","decl":{"start":{"line":10,"column":15},"end":{"line":10,"column":36}},"loc":{"start":{"line":10,"column":71},"end":{"line":24,"column":null}},"line":10}},"branchMap":{},"s":{"0":1,"1":1},"f":{"0":1,"1":1},"b":{},"meta":{"lastBranch":0,"lastFunction":2,"lastStatement":2,"seen":{"f:4:15:4:Infinity":0,"s:8:4:8:Infinity":0,"f:10:15:10:36":1,"s:11:4:23:Infinity":1},"fnNames":{}}}
,"C:\\Users\\alyad\\Desktop\\task_tracker\\backend\\src\\repositories\\statusRepository.ts": {"path":"C:\\Users\\alyad\\Desktop\\task_tracker\\backend\\src\\repositories\\statusRepository.ts","statementMap":{"0":{"start":{"line":11,"column":4},"end":{"line":15,"column":null}},"1":{"start":{"line":23,"column":4},"end":{"line":31,"column":null}},"2":{"start":{"line":37,"column":4},"end":{"line":37,"column":null}},"3":{"start":{"line":44,"column":4},"end":{"line":49,"column":null}},"4":{"start":{"line":53,"column":4},"end":{"line":58,"column":null}},"5":{"start":{"line":66,"column":21},"end":{"line":66,"column":null}},"6":{"start":{"line":66,"column":61},"end":{"line":66,"column":72}},"7":{"start":{"line":68,"column":4},"end":{"line":70,"column":null}},"8":{"start":{"line":69,"column":6},"end":{"line":69,"column":null}},"9":{"start":{"line":72,"column":4},"end":{"line":79,"column":null}},"10":{"start":{"line":85,"column":4},"end":{"line":93,"column":null}},"11":{"start":{"line":100,"column":4},"end":{"line":107,"column":null}}},"fnMap":{"0":{"name":"getByIdAndProjectId","decl":{"start":{"line":6,"column":15},"end":{"line":6,"column":null}},"loc":{"start":{"line":10,"column":4},"end":{"line":16,"column":null}},"line":10},"1":{"name":"create","decl":{"start":{"line":17,"column":15},"end":{"line":17,"column":null}},"loc":{"start":{"line":22,"column":4},"end":{"line":32,"column":null}},"line":22},"2":{"name":"bulkCreateDefaultStatuses","decl":{"start":{"line":33,"column":15},"end":{"line":33,"column":null}},"loc":{"start":{"line":36,"column":4},"end":{"line":38,"column":null}},"line":36},"3":{"name":"getMaximumPositionStatus","decl":{"start":{"line":40,"column":15},"end":{"line":40,"column":null}},"loc":{"start":{"line":43,"column":4},"end":{"line":50,"column":null}},"line":43},"4":{"name":"getAll","decl":{"start":{"line":52,"column":15},"end":{"line":52,"column":22}},"loc":{"start":{"line":52,"column":68},"end":{"line":59,"column":null}},"line":52},"5":{"name":"getStatusesinProject","decl":{"start":{"line":61,"column":15},"end":{"line":61,"column":null}},"loc":{"start":{"line":65,"column":4},"end":{"line":80,"column":null}},"line":65},"6":{"name":"(anonymous_6)","decl":{"start":{"line":66,"column":32},"end":{"line":66,"column":40}},"loc":{"start":{"line":66,"column":61},"end":{"line":66,"column":72}},"line":66},"7":{"name":"getDefaultStatusForProject","decl":{"start":{"line":81,"column":15},"end":{"line":81,"column":null}},"loc":{"start":{"line":84,"column":4},"end":{"line":94,"column":null}},"line":84},"8":{"name":"decrementPositionsAfterDeletion","decl":{"start":{"line":95,"column":15},"end":{"line":95,"column":null}},"loc":{"start":{"line":99,"column":4},"end":{"line":108,"column":null}},"line":99}},"branchMap":{"0":{"loc":{"start":{"line":68,"column":4},"end":{"line":70,"column":null}},"type":"if","locations":[{"start":{"line":68,"column":4},"end":{"line":70,"column":null}},{"start":{},"end":{}}],"line":68}},"s":{"0":1,"1":1,"2":1,"3":1,"4":1,"5":2,"6":5,"7":2,"8":1,"9":1,"10":1,"11":1},"f":{"0":1,"1":1,"2":1,"3":1,"4":1,"5":1,"6":5,"7":1,"8":1},"b":{"0":[1,1]},"meta":{"lastBranch":1,"lastFunction":9,"lastStatement":12,"seen":{"f:6:15:6:Infinity":0,"s:11:4:15:Infinity":0,"f:17:15:17:Infinity":1,"s:23:4:31:Infinity":1,"f:33:15:33:Infinity":2,"s:37:4:37:Infinity":2,"f:40:15:40:Infinity":3,"s:44:4:49:Infinity":3,"f:52:15:52:22":4,"s:53:4:58:Infinity":4,"f:61:15:61:Infinity":5,"s:66:21:66:Infinity":5,"f:66:32:66:40":6,"s:66:61:66:72":6,"b:68:4:70:Infinity:undefined:undefined:undefined:undefined":0,"s:68:4:70:Infinity":7,"s:69:6:69:Infinity":8,"s:72:4:79:Infinity":9,"f:81:15:81:Infinity":7,"s:85:4:93:Infinity":10,"f:95:15:95:Infinity":8,"s:100:4:107:Infinity":11},"fnNames":{}}}
,"C:\\Users\\alyad\\Desktop\\task_tracker\\backend\\src\\repositories\\taskHistoryRepository.ts": {"path":"C:\\Users\\alyad\\Desktop\\task_tracker\\backend\\src\\repositories\\taskHistoryRepository.ts","statementMap":{"0":{"start":{"line":16,"column":4},"end":{"line":16,"column":null}},"1":{"start":{"line":16,"column":20},"end":{"line":16,"column":null}},"2":{"start":{"line":17,"column":4},"end":{"line":33,"column":null}},"3":{"start":{"line":36,"column":4},"end":{"line":54,"column":null}},"4":{"start":{"line":60,"column":4},"end":{"line":70,"column":null}}},"fnMap":{"0":{"name":"fetchHistoryWithActor","decl":{"start":{"line":12,"column":15},"end":{"line":12,"column":null}},"loc":{"start":{"line":15,"column":4},"end":{"line":34,"column":null}},"line":15},"1":{"name":"fetchTaskHistory","decl":{"start":{"line":35,"column":15},"end":{"line":35,"column":32}},"loc":{"start":{"line":35,"column":48},"end":{"line":55,"column":null}},"line":35},"2":{"name":"logTaskHistory","decl":{"start":{"line":56,"column":15},"end":{"line":56,"column":null}},"loc":{"start":{"line":59,"column":26},"end":{"line":71,"column":null}},"line":59}},"branchMap":{"0":{"loc":{"start":{"line":16,"column":4},"end":{"line":16,"column":null}},"type":"if","locations":[{"start":{"line":16,"column":4},"end":{"line":16,"column":null}},{"start":{},"end":{}}],"line":16}},"s":{"0":2,"1":1,"2":1,"3":1,"4":1},"f":{"0":1,"1":1,"2":1},"b":{"0":[1,1]},"meta":{"lastBranch":1,"lastFunction":3,"lastStatement":5,"seen":{"f:12:15:12:Infinity":0,"b:16:4:16:Infinity:undefined:undefined:undefined:undefined":0,"s:16:4:16:Infinity":0,"s:16:20:16:Infinity":1,"s:17:4:33:Infinity":2,"f:35:15:35:32":1,"s:36:4:54:Infinity":3,"f:56:15:56:Infinity":2,"s:60:4:70:Infinity":4},"fnNames":{}}}
,"C:\\Users\\alyad\\Desktop\\task_tracker\\backend\\src\\repositories\\taskReposiotry.ts": {"path":"C:\\Users\\alyad\\Desktop\\task_tracker\\backend\\src\\repositories\\taskReposiotry.ts","statementMap":{"0":{"start":{"line":18,"column":20},"end":{"line":30,"column":null}},"1":{"start":{"line":32,"column":30},"end":{"line":32,"column":null}},"2":{"start":{"line":33,"column":4},"end":{"line":43,"column":null}},"3":{"start":{"line":34,"column":30},"end":{"line":38,"column":null}},"4":{"start":{"line":34,"column":69},"end":{"line":38,"column":8}},"5":{"start":{"line":39,"column":6},"end":{"line":42,"column":null}},"6":{"start":{"line":45,"column":4},"end":{"line":45,"column":null}},"7":{"start":{"line":48,"column":4},"end":{"line":80,"column":null}},"8":{"start":{"line":83,"column":17},"end":{"line":95,"column":null}},"9":{"start":{"line":96,"column":4},"end":{"line":96,"column":null}},"10":{"start":{"line":107,"column":65},"end":{"line":107,"column":null}},"11":{"start":{"line":109,"column":4},"end":{"line":115,"column":null}},"12":{"start":{"line":110,"column":25},"end":{"line":110,"column":null}},"13":{"start":{"line":111,"column":6},"end":{"line":114,"column":null}},"14":{"start":{"line":117,"column":4},"end":{"line":122,"column":null}},"15":{"start":{"line":118,"column":27},"end":{"line":118,"column":null}},"16":{"start":{"line":119,"column":6},"end":{"line":121,"column":null}},"17":{"start":{"line":120,"column":8},"end":{"line":120,"column":null}},"18":{"start":{"line":123,"column":36},"end":{"line":123,"column":null}},"19":{"start":{"line":125,"column":4},"end":{"line":132,"column":null}},"20":{"start":{"line":126,"column":25},"end":{"line":126,"column":null}},"21":{"start":{"line":127,"column":6},"end":{"line":131,"column":null}},"22":{"start":{"line":128,"column":8},"end":{"line":130,"column":null}},"23":{"start":{"line":134,"column":4},"end":{"line":139,"column":null}},"24":{"start":{"line":135,"column":6},"end":{"line":137,"column":null}},"25":{"start":{"line":138,"column":6},"end":{"line":138,"column":null}},"26":{"start":{"line":140,"column":29},"end":{"line":140,"column":null}},"27":{"start":{"line":141,"column":42},"end":{"line":148,"column":null}},"28":{"start":{"line":150,"column":4},"end":{"line":158,"column":null}},"29":{"start":{"line":151,"column":6},"end":{"line":157,"column":null}},"30":{"start":{"line":159,"column":4},"end":{"line":175,"column":null}},"31":{"start":{"line":183,"column":4},"end":{"line":186,"column":null}},"32":{"start":{"line":193,"column":4},"end":{"line":198,"column":null}},"33":{"start":{"line":201,"column":17},"end":{"line":222,"column":null}},"34":{"start":{"line":224,"column":4},"end":{"line":224,"column":null}},"35":{"start":{"line":224,"column":15},"end":{"line":224,"column":null}},"36":{"start":{"line":226,"column":35},"end":{"line":226,"column":null}},"37":{"start":{"line":227,"column":28},"end":{"line":227,"column":null}},"38":{"start":{"line":228,"column":22},"end":{"line":228,"column":null}},"39":{"start":{"line":229,"column":23},"end":{"line":229,"column":null}},"40":{"start":{"line":230,"column":27},"end":{"line":232,"column":null}},"41":{"start":{"line":231,"column":19},"end":{"line":231,"column":null}},"42":{"start":{"line":233,"column":25},"end":{"line":233,"column":null}},"43":{"start":{"line":234,"column":25},"end":{"line":234,"column":null}},"44":{"start":{"line":235,"column":4},"end":{"line":241,"column":null}},"45":{"start":{"line":250,"column":28},"end":{"line":250,"column":null}},"46":{"start":{"line":251,"column":29},"end":{"line":251,"column":null}},"47":{"start":{"line":253,"column":25},"end":{"line":255,"column":null}},"48":{"start":{"line":254,"column":14},"end":{"line":254,"column":null}},"49":{"start":{"line":257,"column":28},"end":{"line":259,"column":null}},"50":{"start":{"line":258,"column":14},"end":{"line":258,"column":null}},"51":{"start":{"line":261,"column":4},"end":{"line":270,"column":null}},"52":{"start":{"line":262,"column":6},"end":{"line":269,"column":null}},"53":{"start":{"line":272,"column":4},"end":{"line":281,"column":null}},"54":{"start":{"line":273,"column":6},"end":{"line":280,"column":null}},"55":{"start":{"line":274,"column":38},"end":{"line":278,"column":10}},"56":{"start":{"line":282,"column":29},"end":{"line":292,"column":null}},"57":{"start":{"line":294,"column":4},"end":{"line":294,"column":null}},"58":{"start":{"line":294,"column":49},"end":{"line":294,"column":60}},"59":{"start":{"line":301,"column":17},"end":{"line":332,"column":null}},"60":{"start":{"line":333,"column":4},"end":{"line":333,"column":null}},"61":{"start":{"line":333,"column":15},"end":{"line":333,"column":null}},"62":{"start":{"line":334,"column":23},"end":{"line":334,"column":null}},"63":{"start":{"line":335,"column":35},"end":{"line":335,"column":null}},"64":{"start":{"line":336,"column":28},"end":{"line":336,"column":null}},"65":{"start":{"line":337,"column":22},"end":{"line":337,"column":null}},"66":{"start":{"line":338,"column":27},"end":{"line":340,"column":null}},"67":{"start":{"line":339,"column":19},"end":{"line":339,"column":null}},"68":{"start":{"line":341,"column":23},"end":{"line":341,"column":null}},"69":{"start":{"line":341,"column":50},"end":{"line":341,"column":65}},"70":{"start":{"line":342,"column":25},"end":{"line":342,"column":null}},"71":{"start":{"line":343,"column":25},"end":{"line":343,"column":null}},"72":{"start":{"line":344,"column":4},"end":{"line":350,"column":null}}},"fnMap":{"0":{"name":"create","decl":{"start":{"line":6,"column":15},"end":{"line":6,"column":null}},"loc":{"start":{"line":17,"column":4},"end":{"line":46,"column":null}},"line":17},"1":{"name":"(anonymous_1)","decl":{"start":{"line":34,"column":48},"end":{"line":34,"column":53}},"loc":{"start":{"line":34,"column":69},"end":{"line":38,"column":8}},"line":34},"2":{"name":"getByIdwithStatus","decl":{"start":{"line":47,"column":15},"end":{"line":47,"column":33}},"loc":{"start":{"line":47,"column":64},"end":{"line":81,"column":null}},"line":47},"3":{"name":"getById","decl":{"start":{"line":82,"column":15},"end":{"line":82,"column":23}},"loc":{"start":{"line":82,"column":54},"end":{"line":97,"column":null}},"line":82},"4":{"name":"getAll","decl":{"start":{"line":99,"column":15},"end":{"line":99,"column":null}},"loc":{"start":{"line":106,"column":4},"end":{"line":176,"column":null}},"line":106},"5":{"name":"removeAssignedUserFromTask","decl":{"start":{"line":178,"column":15},"end":{"line":178,"column":null}},"loc":{"start":{"line":182,"column":4},"end":{"line":187,"column":null}},"line":182},"6":{"name":"getTasksAssignedWithStatusId","decl":{"start":{"line":188,"column":15},"end":{"line":188,"column":null}},"loc":{"start":{"line":192,"column":4},"end":{"line":199,"column":null}},"line":192},"7":{"name":"getTaskWithAccess","decl":{"start":{"line":200,"column":15},"end":{"line":200,"column":33}},"loc":{"start":{"line":200,"column":65},"end":{"line":242,"column":null}},"line":200},"8":{"name":"(anonymous_8)","decl":{"start":{"line":230,"column":42},"end":{"line":230,"column":null}},"loc":{"start":{"line":231,"column":19},"end":{"line":231,"column":null}},"line":231},"9":{"name":"updateAssignees","decl":{"start":{"line":243,"column":15},"end":{"line":243,"column":null}},"loc":{"start":{"line":249,"column":4},"end":{"line":295,"column":null}},"line":249},"10":{"name":"(anonymous_10)","decl":{"start":{"line":253,"column":53},"end":{"line":253,"column":null}},"loc":{"start":{"line":254,"column":14},"end":{"line":254,"column":null}},"line":254},"11":{"name":"(anonymous_11)","decl":{"start":{"line":257,"column":57},"end":{"line":257,"column":null}},"loc":{"start":{"line":258,"column":14},"end":{"line":258,"column":null}},"line":258},"12":{"name":"(anonymous_12)","decl":{"start":{"line":274,"column":21},"end":{"line":274,"column":26}},"loc":{"start":{"line":274,"column":38},"end":{"line":278,"column":10}},"line":274},"13":{"name":"(anonymous_13)","decl":{"start":{"line":294,"column":28},"end":{"line":294,"column":33}},"loc":{"start":{"line":294,"column":49},"end":{"line":294,"column":60}},"line":294},"14":{"name":"getTaskWithAssigneesAndAccess","decl":{"start":{"line":296,"column":15},"end":{"line":296,"column":null}},"loc":{"start":{"line":300,"column":4},"end":{"line":351,"column":null}},"line":300},"15":{"name":"(anonymous_15)","decl":{"start":{"l
[...]
9":{"start":{"line":105,"column":6},"end":{"line":105,"column":null}},"30":{"start":{"line":110,"column":19},"end":{"line":110,"column":null}},"31":{"start":{"line":111,"column":4},"end":{"line":113,"column":null}},"32":{"start":{"line":112,"column":6},"end":{"line":112,"column":null}},"33":{"start":{"line":114,"column":4},"end":{"line":116,"column":null}},"34":{"start":{"line":115,"column":6},"end":{"line":115,"column":null}},"35":{"start":{"line":117,"column":24},"end":{"line":117,"column":null}},"36":{"start":{"line":118,"column":25},"end":{"line":118,"column":null}},"37":{"start":{"line":119,"column":4},"end":{"line":119,"column":null}},"38":{"start":{"line":130,"column":19},"end":{"line":134,"column":null}},"39":{"start":{"line":135,"column":4},"end":{"line":135,"column":null}},"40":{"start":{"line":136,"column":22},"end":{"line":136,"column":null}},"41":{"start":{"line":137,"column":4},"end":{"line":139,"column":null}},"42":{"start":{"line":138,"column":6},"end":{"line":138,"column":null}},"43":{"start":{"line":140,"column":19},"end":{"line":144,"column":null}},"44":{"start":{"line":145,"column":4},"end":{"line":155,"column":null}},"45":{"start":{"line":146,"column":6},"end":{"line":154,"column":null}},"46":{"start":{"line":150,"column":8},"end":{"line":153,"column":null}},"47":{"start":{"line":156,"column":4},"end":{"line":158,"column":null}},"48":{"start":{"line":157,"column":6},"end":{"line":157,"column":null}},"49":{"start":{"line":159,"column":56},"end":{"line":159,"column":null}},"50":{"start":{"line":160,"column":36},"end":{"line":160,"column":null}},"51":{"start":{"line":162,"column":4},"end":{"line":169,"column":null}},"52":{"start":{"line":166,"column":6},"end":{"line":166,"column":null}},"53":{"start":{"line":167,"column":6},"end":{"line":167,"column":null}},"54":{"start":{"line":168,"column":6},"end":{"line":168,"column":null}},"55":{"start":{"line":170,"column":4},"end":{"line":178,"column":null}},"56":{"start":{"line":171,"column":27},"end":{"line":171,"column":null}},"57":{"start":{"line":172,"column":27},"end":{"line":172,"column":null}},"58":{"start":{"line":173,"column":6},"end":{"line":177,"column":null}},"59":{"start":{"line":174,"column":8},"end":{"line":174,"column":null}},"60":{"start":{"line":175,"column":8},"end":{"line":175,"column":null}},"61":{"start":{"line":176,"column":8},"end":{"line":176,"column":null}},"62":{"start":{"line":179,"column":4},"end":{"line":183,"column":null}},"63":{"start":{"line":180,"column":6},"end":{"line":180,"column":null}},"64":{"start":{"line":181,"column":6},"end":{"line":181,"column":null}},"65":{"start":{"line":182,"column":6},"end":{"line":182,"column":null}},"66":{"start":{"line":184,"column":4},"end":{"line":191,"column":null}},"67":{"start":{"line":185,"column":6},"end":{"line":190,"column":null}},"68":{"start":{"line":192,"column":24},"end":{"line":192,"column":null}},"69":{"start":{"line":193,"column":4},"end":{"line":232,"column":null}},"70":{"start":{"line":194,"column":6},"end":{"line":194,"column":null}},"71":{"start":{"line":195,"column":29},"end":{"line":208,"column":null}},"72":{"start":{"line":209,"column":37},"end":{"line":213,"column":null}},"73":{"start":{"line":211,"column":10},"end":{"line":211,"column":null}},"74":{"start":{"line":214,"column":27},"end":{"line":217,"column":null}},"75":{"start":{"line":219,"column":8},"end":{"line":221,"column":null}},"76":{"start":{"line":222,"column":6},"end":{"line":222,"column":null}},"77":{"start":{"line":223,"column":6},"end":{"line":228,"column":null}},"78":{"start":{"line":230,"column":6},"end":{"line":230,"column":null}},"79":{"start":{"line":231,"column":6},"end":{"line":231,"column":null}},"80":{"start":{"line":235,"column":19},"end":{"line":239,"column":null}},"81":{"start":{"line":240,"column":4},"end":{"line":240,"column":null}},"82":{"start":{"line":241,"column":22},"end":{"line":241,"column":null}},"83":{"start":{"line":242,"column":4},"end":{"line":244,"column":null}},"84":{"start":{"line":243,"column":6},"end":{"line":243,"column":null}},"85":{"start":{"line":245,"column":24},"end":{"line":245,"column":null}},"86":{"start":{"line":246,"column":4},"end":{"line":270,"column":null}},"87":{"start":{"line":247,"column":27},"end":{"line":258,"column":null}},"88":{"start":{"line":260,"column":8},"end":{"line":263,"column":null}},"89":{"start":{"line":264,"column":6},"end":{"line":264,"column":null}},"90":{"start":{"line":265,"column":6},"end":{"line":265,"column":null}},"91":{"start":{"line":266,"column":6},"end":{"line":266,"column":null}},"92":{"start":{"line":268,"column":6},"end":{"line":268,"column":null}},"93":{"start":{"line":269,"column":6},"end":{"line":269,"column":null}}},"fnMap":{"0":{"name":"assertTaskAuthorization","decl":{"start":{"line":13,"column":9},"end":{"line":13,"column":33}},"loc":{"start":{"line":19,"column":2},"end":{"line":40,"column":null}},"line":19},"1":{"name":"getTaskWithAccess","decl":{"start":{"line":42,"column":15},"end":{"line":42,"column":33}},"loc":{"start":{"line":42,"column":65},"end":{"line":46,"column":null}},"line":42},"2":{"name":"create","decl":{"start":{"line":49,"column":15},"end":{"line":49,"column":null}},"loc":{"start":{"line":55,"column":4},"end":{"line":107,"column":null}},"line":55},"3":{"name":"getAll","decl":{"start":{"line":109,"column":15},"end":{"line":109,"column":22}},"loc":{"start":{"line":109,"column":54},"end":{"line":120,"column":null}},"line":109},"4":{"name":"update","decl":{"start":{"line":122,"column":15},"end":{"line":122,"column":null}},"loc":{"start":{"line":129,"column":4},"end":{"line":233,"column":null}},"line":129},"5":{"name":"(anonymous_5)","decl":{"start":{"line":210,"column":31},"end":{"line":210,"column":36}},"loc":{"start":{"line":211,"column":10},"end":{"line":211,"column":null}},"line":211},"6":{"name":"remove","decl":{"start":{"line":234,"column":15},"end":{"line":234,"column":22}},"loc":{"start":{"line":234,"column":66},"end":{"line":271,"column":null}},"line":234}},"branchMap":{"0":{"loc":{"start":{"line":20,"column":2},"end":{"line":22,"column":null}},"type":"if","locations":[{"start":{"line":20,"column":2},"end":{"line":22,"column":null}},{"start":{},"end":{}}],"line":20},"1":{"loc":{"start":{"line":20,"column":6},"end":{"line":20,"column":31}},"type":"binary-expr","locations":[{"start":{"line":20,"column":6},"end":{"line":20,"column":17}},{"start":{"line":20,"column":17},"end":{"line":20,"column":31}}],"line":20},"2":{"loc":{"start":{"line":24,"column":2},"end":{"line":26,"column":null}},"type":"if","locations":[{"start":{"line":24,"column":2},"end":{"line":26,"column":null}},{"start":{},"end":{}}],"line":24},"3":{"loc":{"start":{"line":27,"column":2},"end":{"line":39,"column":null}},"type":"if","locations":[{"start":{"line":27,"column":2},"end":{"line":39,"column":null}},{"start":{},"end":{}}],"line":27},"4":{"loc":{"start":{"line":29,"column":4},"end":{"line":31,"column":null}},"type":"if","locations":[{"start":{"line":29,"column":4},"end":{"line":31,"column":null}},{"start":{},"end":{}}],"line":29},"5":{"loc":{"start":{"line":32,"column":4},"end":{"line":34,"column":null}},"type":"if","locations":[{"start":{"line":32,"column":4},"end":{"line":34,"column":null}},{"start":{},"end":{}}],"line":32},"6":{"loc":{"start":{"line":57,"column":4},"end":{"line":65,"column":null}},"type":"if","locations":[{"start":{"line":57,"column":4},"end":{"line":65,"column":null}},{"start":{},"end":{}}],"line":57},"7":{"loc":{"start":{"line":58,"column":6},"end":{"line":59,"column":null}},"type":"binary-expr","locations":[{"start":{"line":58,"column":6},"end":{"line":58,"column":null}},{"start":{"line":59,"column":6},"end":{"line":59,"column":null}}],"line":58},"8":{"loc":{"start":{"line":66,"column":4},"end":{"line":68,"column":null}},"type":"if","locations":[{"start":{"line":66,"column":4},"end":{"line":68,"column":null}},{"start":{},"end":{}}],"line":66},"9":{"loc":{"start":{"line":66,"column":8},"end":{"line":66,"column":50}},"type":"binary-expr","locations":[{"start":{"line":66,"column":8},"end":{"line":66,"column":22}},{"start":{"line":66,"column":22},"end":{"line":66,"column":50}}],"line":66},"10":{"loc":{"start":{"line":85,"column":16},"end":{"line":85,"column":null}},"type":"binary-expr","locations":[{"start":{"line":85,"column":16},"end":{"line":85,"column":24}},{"start":{"line":85,"column":24},"end":{"line":85,"column":null}}],"line":85},"11":{"loc":{"start":{"line":98,"column":22},"end":{"line":100,"column":null}},"type":"cond-expr","locations":[{"start":{"line":99,"column":10},"end":{"line":99,"column":null}},{"start":{"line":100,"column":10},"end":{"line":100,"column":null}}],"line":98},"12":{"loc":{"start":{"line":111,"column":4},"end":{"line":113,"column":null}},"type":"if","locations":[{"start":{"line":111,"column":4},"end":{"line":113,"column":null}},{"start":{},"end":{}}],"line":111},"13":{"loc":{"start":{"line":111,"column":8},"end":{"line":111,"column":33}},"type":"binary-expr","locations":[{"start":{"line":111,"column":8},"end":{"line":111,"column":19}},{"start":{"line":111,"column":19},"end":{"line":111,"column":33}}],"line":111},"14":{"loc":{"start":{"line":114,"column":4},"end":{"line":116,"column":null}},"type":"if","locations":[{"start":{"line":114,"column":4},"end":{"line":116,"column":null}},{"start":{},"end":{}}],"line":114},"15":{"loc":{"start":{"line":137,"column":4},"end":{"line":139,"column":null}},"type":"if","locations":[{"start":{"line":137,"column":4},"end":{"line":139,"column":null}},{"start":{},"end":{}}],"line":137},"16":{"loc":{"start":{"line":145,"column":4},"end":{"line":155,"column":null}},"type":"if","locations":[{"start":{"line":145,"column":4},"end":{"line":155,"column":null}},{"start":{},"end":{}}],"line":145},"17":{"loc":{"start":{"line":146,"column":6},"end":{"line":154,"column":null}},"type":"if","locations":[{"start":{"line":146,"column":6},"end":{"line":154,"column":null}},{"start":{},"end":{}}],"line":146},"18":{"loc":{"start":{"line":147,"column":8},"end":{"line":148,"column":null}},"type":"binary-expr","locations":[{"start":{"line":147,"column":8},"end":{"line":147,"column":null}},{"start":{"line":148,"column":8},"end":{"line":148,"column":null}}],"line":147},"19":{"loc":{"start":{"line":156,"column":4},"end":{"line":158,"column":null}},"type":"if","locations":[{"start":{"line":156,"column":4},"end":{"line":158,"column":null}},{"start":{},"end":{}}],"line":156},"20":{"loc":{"start":{"line":156,"column":8},"end":{"line":156,"column":79}},"type":"binary-expr","locations":[{"start":{"line":156,"column":8},"end":{"line":156,"column":36}},{"start":{"line":156,"column":36},"end":{"line":156,"column":50}},{"start":{"line":156,"column":50},"end":{"line":156,"column":79}}],"line":156},"21":{"loc":{"start":{"line":162,"column":4},"end":{"line":169,"column":null}},"type":"if","locations":[{"start":{"line":162,"column":4},"end":{"line":169,"column":null}},{"start":{},"end":{}}],"line":162},"22":{"loc":{"start":{"line":163,"column":6},"end":{"line":164,"column":null}},"type":"binary-expr","locations":[{"start":{"line":163,"column":6},"end":{"line":163,"column":null}},{"start":{"line":164,"column":6},"end":{"line":164,"column":null}}],"line":163},"23":{"loc":{"start":{"line":170,"column":4},"end":{"line":178,"column":null}},"type":"if","locations":[{"start":{"line":170,"column":4},"end":{"line":178,"column":null}},{"start":{},"end":{}}],"line":170},"24":{"loc":{"start":{"line":173,"column":6},"end":{"line":177,"column":null}},"type":"if","locations":[{"start":{"line":173,"column":6},"end":{"line":177,"column":null}},{"start":{},"end":{}}],"line":173},"25":{"loc":{"start":{"line":179,"column":4},"end":{"line":183,"column":null}},"type":"if","locations":[{"start":{"line":179,"column":4},"end":{"line":183,"column":null}},{"start":{},"end":{}}],"line":179},"26":{"loc":{"start":{"line":179,"column":8},"end":{"line":179,"column":55}},"type":"binary-expr","locations":[{"start":{"line":179,"column":8},"end":{"line":179,"column":30}},{"start":{"line":179,"column":30},"end":{"line":179,"column":55}}],"line":179},"27":{"loc":{"start":{"line":184,"column":4},"end":{"line":191,"column":null}},"type":"if","locations":[{"start":{"line":184,"column":4},"end":{"line":191,"column":null}},{"start":{},"end":{}}],"line":184},"28":{"loc":{"start":{"line":201,"column":12},"end":{"line":201,"column":null}},"type":"binary-expr","locations":[{"start":{"line":201,"column":12},"end":{"line":201,"column":45}},{"start":{"line":201,"column":45},"end":{"line":201,"column":null}}],"line":201},"29":{"loc":{"start":{"line":202,"column":21},"end":{"line":204,"column":null}},"type":"cond-expr","locations":[{"start":{"line":203,"column":14},"end":{"line":203,"column":null}},{"start":{"line":204,"column":14},"end":{"line":204,"column":null}}],"line":202},"30":{"loc":{"start":{"line":205,"column":16},"end":{"line":205,"column":null}},"type":"binary-expr","locations":[{"start":{"line":205,"column":16},"end":{"line":205,"column":38}},{"start":{"line":205,"column":38},"end":{"line":205,"column":null}}],"line":205},"31":{"loc":{"start":{"line":210,"column":9},"end":{"line":210,"column":29}},"type":"binary-expr","locations":[{"start":{"line":210,"column":9},"end":{"line":210,"column":27}},{"start":{"line":210,"column":27},"end":{"line":210,"column":29}}],"line":210},"32":{"loc":{"start":{"line":219,"column":8},"end":{"line":221,"column":null}},"type":"cond-expr","locations":[{"start":{"line":220,"column":12},"end":{"line":220,"column":null}},{"start":{"line":221,"column":12},"end":{"line":221,"column":null}}],"line":219},"33":{"loc":{"start":{"line":219,"column":8},"end":{"line":219,"column":null}},"type":"binary-expr","locations":[{"start":{"line":219,"column":8},"end":{"line":219,"column":46}},{"start":{"line":219,"column":46},"end":{"line":219,"column":null}}],"line":219},"34":{"loc":{"start":{"line":242,"column":4},"end":{"line":244,"column":null}},"type":"if","locations":[{"start":{"line":242,"column":4},"end":{"line":244,"column":null}},{"start":{},"end":{}}],"line":242},"35":{"loc":{"start":{"line":252,"column":21},"end":{"line":254,"column":null}},"type":"cond-expr","locations":[{"start":{"line":253,"column":14},"end":{"line":253,"column":null}},{"start":{"line":254,"column":14},"end":{"line":254,"column":null}}],"line":252}},"s":{"0":40,"1":4,"2":36,"3":3,"4":33,"5":4,"6":4,"7":2,"8":4,"9":2,"10":4,"11":15,"12":15,"13":15,"14":15,"15":10,"16":3,"17":7,"18":2,"19":5,"20":5,"21":5,"22":4,"23":4,"24":4,"25":4,"26":15,"27":4,"28":1,"29":1,"30":3,"31":3,"32":1,"33":2,"34":1,"35":1,"36":1,"37":1,"38":19,"39":19,"40":19,"41":19,"42":1,"43":14,"44":14,"45":13,"46":2,"47":12,"48":2,"49":10,"50":10,"51":10,"52":6,"53":6,"54":6,"55":10,"56":9,"57":9,"58":9,"59":1,"60":1,"61":1,"62":10,"63":2,"64":2,"65":2,"66":10,"67":1,"68":9,"69":9,"70":9,"71":8,"72":8,"73":1,"74":8,"75":8,"76":19,"77":8,"78":1,"79":1,"80":6,"81":6,"82":6,"83":6,"84":1,"85":3,"86":3,"87":3,"88":3,"89":3,"90":2,"91":2,"92":1,"93":1},"f":{"0":40,"1":15,"2":1,"3":1,"4":1,"5":1,"6":1},"b":{"0":[4,36],"1":[40,37],"2":[3,33],"3":[4,29],"4":[2,2],"5":[2,2],"6":[3,7],"7":[10,9],"8":[2,5],"9":[7,6],"10":[4,1],"11":[2,2],"12":[1,2],"13":[3,3],"14":[1,1],"15":[1,18],"16":[13,1],"17":[2,11],"18":[13,12],"19":[2,10],"20":[12,11,10],"21":[6,4],"22":[10,9],"23":[9,1],"24":[1,8],"25":[2,8],"26":[10,10],"27":[1,9],"28":[8,3],"29":[1,7],"30":[19,6],"31":[8,0],"32":[4,4],"33":[8,5],"34":[1,5],"35":[2,1]},"meta":{"lastBranch":36,"lastFunction":7,"lastStatement":94,"seen":{"f:13:9:13:33":0,"b:20:2:22:Infinity:undefined:undefined:undefined:undefined":0,"s:20:2:22:Infinity":0,"b:20:6:20:17:20:17:20:31":1,"s:21:4:21:Infinity":1,"b:24:2:26:Infinity:undefined:undefined:undefined:undefined":2,"s:24:2:26:Infinity":2,"s:25:4:25:Infinity":3,"b:27:2:39:Infinity:undefined:undefined:undefined:undefined":3,"s:27:2:39:Infinity":4,"s:28:30:28:Infinity":5,"b:29:4:31:Infinity:undefined:undefined:undefined:undefined":4,"s:29:4:31:Infinity":6,"s:30:6:30:Infinity":7,"b:32:4:34:Infinity:undefined:undefined:undefined:undefined":5,"s:32:4:34:Infinity":8,"s:33:6:33:Infinity":9,"s:35:4:38:Infinity":10,"f:42:15:42:33":1,"s:43:17:43:Infinity":11,"s:44:2:44:Infinity":12,"s:45:2:45:Infinity":13,"f:49:15:49:Infinity":2,"s:56:17:56:Infinity":14,"b:57:4:65:Infinity:undefined:undefined:undefined:undefined":6,"s:57:4:65:Infinity":15,"b:58:6:58:Infinity:59:6:59:Infinity":7,"s:61:6:64:Infinity":16,"b:66:4:68:Infinity:undefined:undefined:undefined:undefined":8,"s:66:4:68:Infinity":17,"b:66:8:66:22:66:22:66:50":9,"s:67:6:67:Infinity":18,"s:69:24:69:Infinity":19,"s:70:4:106:Infinity":20,"s:71:24:77:Infinity":21,"s:79:27:88:Infinity":22,"b:85:16:85:24:85:24:85:Infinity":10,"s:90:8:93:Infinity":23,"s:94:27:97:Infinity":24,"s:98:22:100:Infinity":25,"b:99:10:99:Infinity:100:10:100:Infinity":11,"s:101:6:101:Infinity":26,"s:102:6:102:Infinity":27,"s:104:6:104:Infinity":28,"s:105:6:105:Infinity":29,"f:109:15:109:22":3,"s:110:19:110:Infinity":30,"b:111:4:113:Infinity:undefined:undefined:undefined:undefined":12,"s:111:4:113:Infinity":31,"b:111:8:111:19:111:19:111:33":13,"s:112:6:112:Infinity":32,"b:114:4:116:Infinity:undefined:undefined:undefined:undefined":14,"s:114:4:116:Infinity":33,"s:115:6:115:Infinity":34,"s:117:24:117:Infinity":35,"s:118:25:118:Infinity":36,"s:119:4:119:Infinity":37,"f:122:15:122:Infinity":4,"s:130:19:134:Infinity":38,"s:135:4:135:Infinity":39,"s:136:22:136:Infinity":40,"b:137:4:139:Infinity:undefined:undefined:undefined:undefined":15,"s:137:4:139:Infinity":41,"s:138:6:138:Infinity":42,"s:140:19:144:Infinity":43,"b:145:4:155:Infinity:undefined:undefined:undefined:undefined":16,"s:145:4:155:Infinity":44,"b:146:6:154:Infinity:undefined:undefined:undefined:undefined":17,"s:146:6:154:Infinity":45,"b:147:8:147:Infinity:148:8:148:Infinity":18,"s:150:8:153:Infinity":46,"b:156:4:158:Infinity:undefined:undefined:undefined:undefined":19,"s:156:4:158:Infinity":47,"b:156:8:156:36:156:36:156:50:156:50:156:79":20,"s:157:6:157:Infinity":48,"s:159:56:159:Infinity":49,"s:160:36:160:Infinity":50,"b:162:4:169:Infinity:undefined:undefined:undefined:undefined":21,"s:162:4:169:Infinity":51,"b:163:6:163:Infinity:164:6:164:Infinity":22,"s:166:6:166:Infinity":52,"s:167:6:167:Infinity":53,"s:168:6:168:Infinity":54,"b:170:4:178:Infinity:undefined:undefined:undefined:undefined":23,"s:170:4:178:Infinity":55,"s:171:27:171:Infinity":56,"s:172:27:172:Infinity":57,"b:173:6:177:Infinity:undefined:undefined:undefined:undefined":24,"s:173:6:177:Infinity":58,"s:174:8:174:Infinity":59,"s:175:8:175:Infinity":60,"s:176:8:176:Infinity":61,"b:179:4:183:Infinity:undefined:undefined:undefined:undefined":25,"s:179:4:183:Infinity":62,"b:179:8:179:30:179:30:179:55":26,"s:180:6:180:Infinity":63,"s:181:6:181:Infinity":64,"s:182:6:182:Infinity":65,"b:184:4:191:Infinity:undefined:undefined:undefined:undefined":27,"s:184:4:191:Infinity":66,"s:185:6:190:Infinity":67,"s:192:24:192:Infinity":68,"s:193:4:232:Infinity":69,"s:194:6:194:Infinity":70,"s:195:29:208:Infinity":71,"b:201:12:201:45:201:45:201:Infinity":28,"b:203:14:203:Infinity:204:14:204:Infinity":29,"b:205:16:205:38:205:38:205:Infinity":30,"s:209:37:213:Infinity":72,"b:210:9:210:27:210:27:210:29":31,"f:210:31:210:36":5,"s:211:10:211:Infinity":73,"s:214:27:217:Infinity":74,"s:219:8:221:Infinity":75,"b:220:12:220:Infinity:221:12:221:Infinity":32,"b:219:8:219:46:219:46:219:Infinity":33,"s:222:6:222:Infinity":76,"s:223:6:228:Infinity":77,"s:230:6:230:Infinity":78,"s:231:6:231:Infinity":79,"f:234:15:234:22":6,"s:235:19:239:Infinity":80,"s:240:4:240:Infinity":81,"s:241:22:241:Infinity":82,"b:242:4:244:Infinity:undefined:undefined:undefined:undefined":34,"s:242:4:244:Infinity":83,"s:243:6:243:Infinity":84,"s:245:24:245:Infinity":85,"s:246:4:270:Infinity":86,"s:247:27:258:Infinity":87,"b:253:14:253:Infinity:254:14:254:Infinity":35,"s:260:8:263:Infinity":88,"s:264:6:264:Infinity":89,"s:265:6:265:Infinity":90,"s:266:6:266:Infinity":91,"s:268:6:268:Infinity":92,"s:269:6:269:Infinity":93},"fnNames":{}}}
}
